[0.024s] Invoking command in '/home/user/excel-to-bag/build/csv_to_bag': /usr/bin/cmake /home/user/excel-to-bag/src/csv_to_bag -DCMAKE_INSTALL_PREFIX=/home/user/excel-to-bag/install/csv_to_bag
[0.225s] -- The C compiler identification is GNU 11.4.0
[0.393s] -- The CXX compiler identification is GNU 11.4.0
[0.417s] -- Detecting C compiler ABI info
[0.559s] -- Detecting C compiler ABI info - done
[0.580s] -- Check for working C compiler: /usr/bin/cc - skipped
[0.581s] -- Detecting C compile features
[0.581s] -- Detecting C compile features - done
[0.589s] -- Detecting CXX compiler ABI info
[0.748s] -- Detecting CXX compiler ABI info - done
[0.776s] -- Check for working CXX compiler: /usr/bin/c++ - skipped
[0.776s] -- Detecting CXX compile features
[0.777s] -- Detecting CXX compile features - done
[0.814s] [31mCMake Error at CMakeLists.txt:9 (find_package):
[0.815s]   By not providing "Findament_cmake.cmake" in CMAKE_MODULE_PATH this project
[0.815s]   has asked CMake to find a package configuration file provided by
[0.815s]   "ament_cmake", but CMake did not find one.
[0.815s] 
[0.816s]   Could not find a package configuration file provided by "ament_cmake" with
[0.816s]   any of the following names:
[0.816s] 
[0.816s]     ament_cmakeConfig.cmake
[0.816s]     ament_cmake-config.cmake
[0.817s] 
[0.817s]   Add the installation prefix of "ament_cmake" to CMAKE_PREFIX_PATH or set
[0.817s]   "ament_cmake_DIR" to a directory containing one of the above files.  If
[0.817s]   "ament_cmake" provides a separate development package or SDK, be sure it
[0.817s]   has been installed.
[0.817s] 
[0.817s] [0m
[0.818s] -- Configuring incomplete, errors occurred!
[0.818s] See also "/home/user/excel-to-bag/build/csv_to_bag/CMakeFiles/CMakeOutput.log".
[0.826s] Invoked command in '/home/user/excel-to-bag/build/csv_to_bag' returned '1': /usr/bin/cmake /home/user/excel-to-bag/src/csv_to_bag -DCMAKE_INSTALL_PREFIX=/home/user/excel-to-bag/install/csv_to_bag
