[0.208s] DEBUG:colcon:Command line arguments: ['/usr/bin/colcon', 'build']
[0.208s] DEBUG:colcon:Parsed command line arguments: Namespace(log_base=None, log_level=None, verb_name='build', build_base='build', install_base='install', merge_install=False, symlink_install=False, test_result_base=None, continue_on_error=False, executor='parallel', parallel_workers=8, event_handlers=None, ignore_user_meta=False, metas=['./colcon.meta'], base_paths=['.'], packages_ignore=None, packages_ignore_regex=None, paths=None, packages_up_to=None, packages_up_to_regex=None, packages_above=None, packages_above_and_dependencies=None, packages_above_depth=None, packages_select_by_dep=None, packages_skip_by_dep=None, packages_skip_up_to=None, packages_select_build_failed=False, packages_skip_build_finished=False, packages_select_test_failures=False, packages_skip_test_passed=False, packages_select=None, packages_skip=None, packages_select_regex=None, packages_skip_regex=None, packages_start=None, packages_end=None, cmake_args=None, cmake_target=None, cmake_target_skip_unavailable=False, cmake_clean_cache=False, cmake_clean_first=False, cmake_force_configure=False, ament_cmake_args=None, catkin_cmake_args=None, catkin_skip_building_tests=False, mixin_files=None, mixin=None, verb_parser=<colcon_mixin.mixin.mixin_argument.MixinArgumentDecorator object at 0x7de720bb6bf0>, verb_extension=<colcon_core.verb.build.BuildVerb object at 0x7de720bb65f0>, main=<bound method BuildVerb.main of <colcon_core.verb.build.BuildVerb object at 0x7de720bb65f0>>, mixin_verb=('build',))
[0.477s] Level 1:colcon.colcon_core.package_discovery:discover_packages(colcon_meta) check parameters
[0.477s] Level 1:colcon.colcon_core.package_discovery:discover_packages(recursive) check parameters
[0.477s] Level 1:colcon.colcon_core.package_discovery:discover_packages(ignore) check parameters
[0.477s] Level 1:colcon.colcon_core.package_discovery:discover_packages(path) check parameters
[0.477s] Level 1:colcon.colcon_core.package_discovery:discover_packages(colcon_meta) discover
[0.478s] Level 1:colcon.colcon_core.package_discovery:discover_packages(recursive) discover
[0.478s] INFO:colcon.colcon_core.package_discovery:Crawling recursively for packages in '/home/user/excel-to-bag'
[0.478s] Level 1:colcon.colcon_core.package_identification:_identify(.) by extensions ['ignore', 'ignore_ament_install']
[0.478s] Level 1:colcon.colcon_core.package_identification:_identify(.) by extension 'ignore'
[0.478s] Level 1:colcon.colcon_core.package_identification:_identify(.) by extension 'ignore_ament_install'
[0.478s] Level 1:colcon.colcon_core.package_identification:_identify(.) by extensions ['colcon_pkg']
[0.479s] Level 1:colcon.colcon_core.package_identification:_identify(.) by extension 'colcon_pkg'
[0.479s] Level 1:colcon.colcon_core.package_identification:_identify(.) by extensions ['colcon_meta']
[0.479s] Level 1:colcon.colcon_core.package_identification:_identify(.) by extension 'colcon_meta'
[0.479s] Level 1:colcon.colcon_core.package_identification:_identify(.) by extensions ['ros']
[0.479s] Level 1:colcon.colcon_core.package_identification:_identify(.) by extension 'ros'
[0.503s] Level 1:colcon.colcon_core.package_identification:_identify(.) by extensions ['cmake', 'python']
[0.503s] Level 1:colcon.colcon_core.package_identification:_identify(.) by extension 'cmake'
[0.503s] Level 1:colcon.colcon_core.package_identification:_identify(.) by extension 'python'
[0.503s] Level 1:colcon.colcon_core.package_identification:_identify(.) by extensions ['python_setup_py']
[0.503s] Level 1:colcon.colcon_core.package_identification:_identify(.) by extension 'python_setup_py'
[0.503s] Level 1:colcon.colcon_core.package_identification:_identify(build) by extensions ['ignore', 'ignore_ament_install']
[0.503s] Level 1:colcon.colcon_core.package_identification:_identify(build) by extension 'ignore'
[0.503s] Level 1:colcon.colcon_core.package_identification:_identify(build) ignored
[0.504s] Level 1:colcon.colcon_core.package_identification:_identify(docker) by extensions ['ignore', 'ignore_ament_install']
[0.504s] Level 1:colcon.colcon_core.package_identification:_identify(docker) by extension 'ignore'
[0.504s] Level 1:colcon.colcon_core.package_identification:_identify(docker) by extension 'ignore_ament_install'
[0.504s] Level 1:colcon.colcon_core.package_identification:_identify(docker) by extensions ['colcon_pkg']
[0.504s] Level 1:colcon.colcon_core.package_identification:_identify(docker) by extension 'colcon_pkg'
[0.504s] Level 1:colcon.colcon_core.package_identification:_identify(docker) by extensions ['colcon_meta']
[0.504s] Level 1:colcon.colcon_core.package_identification:_identify(docker) by extension 'colcon_meta'
[0.504s] Level 1:colcon.colcon_core.package_identification:_identify(docker) by extensions ['ros']
[0.504s] Level 1:colcon.colcon_core.package_identification:_identify(docker) by extension 'ros'
[0.505s] Level 1:colcon.colcon_core.package_identification:_identify(docker) by extensions ['cmake', 'python']
[0.505s] Level 1:colcon.colcon_core.package_identification:_identify(docker) by extension 'cmake'
[0.505s] Level 1:colcon.colcon_core.package_identification:_identify(docker) by extension 'python'
[0.505s] Level 1:colcon.colcon_core.package_identification:_identify(docker) by extensions ['python_setup_py']
[0.505s] Level 1:colcon.colcon_core.package_identification:_identify(docker) by extension 'python_setup_py'
[0.505s] Level 1:colcon.colcon_core.package_identification:_identify(install) by extensions ['ignore', 'ignore_ament_install']
[0.505s] Level 1:colcon.colcon_core.package_identification:_identify(install) by extension 'ignore'
[0.505s] Level 1:colcon.colcon_core.package_identification:_identify(install) ignored
[0.506s] Level 1:colcon.colcon_core.package_identification:_identify(log) by extensions ['ignore', 'ignore_ament_install']
[0.506s] Level 1:colcon.colcon_core.package_identification:_identify(log) by extension 'ignore'
[0.506s] Level 1:colcon.colcon_core.package_identification:_identify(log) ignored
[0.506s] Level 1:colcon.colcon_core.package_identification:_identify(src) by extensions ['ignore', 'ignore_ament_install']
[0.506s] Level 1:colcon.colcon_core.package_identification:_identify(src) by extension 'ignore'
[0.507s] Level 1:colcon.colcon_core.package_identification:_identify(src) by extension 'ignore_ament_install'
[0.507s] Level 1:colcon.colcon_core.package_identification:_identify(src) by extensions ['colcon_pkg']
[0.507s] Level 1:colcon.colcon_core.package_identification:_identify(src) by extension 'colcon_pkg'
[0.507s] Level 1:colcon.colcon_core.package_identification:_identify(src) by extensions ['colcon_meta']
[0.507s] Level 1:colcon.colcon_core.package_identification:_identify(src) by extension 'colcon_meta'
[0.507s] Level 1:colcon.colcon_core.package_identification:_identify(src) by extensions ['ros']
[0.507s] Level 1:colcon.colcon_core.package_identification:_identify(src) by extension 'ros'
[0.507s] Level 1:colcon.colcon_core.package_identification:_identify(src) by extensions ['cmake', 'python']
[0.507s] Level 1:colcon.colcon_core.package_identification:_identify(src) by extension 'cmake'
[0.507s] Level 1:colcon.colcon_core.package_identification:_identify(src) by extension 'python'
[0.507s] Level 1:colcon.colcon_core.package_identification:_identify(src) by extensions ['python_setup_py']
[0.507s] Level 1:colcon.colcon_core.package_identification:_identify(src) by extension 'python_setup_py'
[0.508s] Level 1:colcon.colcon_core.package_identification:_identify(src/csv-parser) by extensions ['ignore', 'ignore_ament_install']
[0.508s] Level 1:colcon.colcon_core.package_identification:_identify(src/csv-parser) by extension 'ignore'
[0.508s] Level 1:colcon.colcon_core.package_identification:_identify(src/csv-parser) by extension 'ignore_ament_install'
[0.508s] Level 1:colcon.colcon_core.package_identification:_identify(src/csv-parser) by extensions ['colcon_pkg']
[0.508s] Level 1:colcon.colcon_core.package_identification:_identify(src/csv-parser) by extension 'colcon_pkg'
[0.508s] Level 1:colcon.colcon_core.package_identification:_identify(src/csv-parser) by extensions ['colcon_meta']
[0.508s] Level 1:colcon.colcon_core.package_identification:_identify(src/csv-parser) by extension 'colcon_meta'
[0.508s] Level 1:colcon.colcon_core.package_identification:_identify(src/csv-parser) by extensions ['ros']
[0.508s] Level 1:colcon.colcon_core.package_identification:_identify(src/csv-parser) by extension 'ros'
[0.509s] Level 1:colcon.colcon_core.package_identification:_identify(src/csv-parser) by extensions ['cmake', 'python']
[0.509s] Level 1:colcon.colcon_core.package_identification:_identify(src/csv-parser) by extension 'cmake'
[0.519s] Level 1:colcon.colcon_core.package_identification:_identify(src/csv-parser) by extension 'python'
[0.519s] DEBUG:colcon.colcon_core.package_identification:Package 'src/csv-parser' with type 'cmake' and name 'csv'
[0.519s] Level 1:colcon.colcon_core.package_identification:_identify(src/csv_to_bag) by extensions ['ignore', 'ignore_ament_install']
[0.519s] Level 1:colcon.colcon_core.package_identification:_identify(src/csv_to_bag) by extension 'ignore'
[0.519s] Level 1:colcon.colcon_core.package_identification:_identify(src/csv_to_bag) by extension 'ignore_ament_install'
[0.520s] Level 1:colcon.colcon_core.package_identification:_identify(src/csv_to_bag) by extensions ['colcon_pkg']
[0.520s] Level 1:colcon.colcon_core.package_identification:_identify(src/csv_to_bag) by extension 'colcon_pkg'
[0.520s] Level 1:colcon.colcon_core.package_identification:_identify(src/csv_to_bag) by extensions ['colcon_meta']
[0.520s] Level 1:colcon.colcon_core.package_identification:_identify(src/csv_to_bag) by extension 'colcon_meta'
[0.520s] Level 1:colcon.colcon_core.package_identification:_identify(src/csv_to_bag) by extensions ['ros']
[0.520s] Level 1:colcon.colcon_core.package_identification:_identify(src/csv_to_bag) by extension 'ros'
[0.525s] DEBUG:colcon.colcon_core.package_identification:Package 'src/csv_to_bag' with type 'ros.ament_cmake' and name 'csv_to_bag'
[0.525s] Level 1:colcon.colcon_core.package_discovery:discover_packages(recursive) using defaults
[0.525s] Level 1:colcon.colcon_core.package_discovery:discover_packages(ignore) discover
[0.525s] Level 1:colcon.colcon_core.package_discovery:discover_packages(ignore) using defaults
[0.526s] Level 1:colcon.colcon_core.package_discovery:discover_packages(path) discover
[0.526s] Level 1:colcon.colcon_core.package_discovery:discover_packages(path) using defaults
[0.565s] Level 5:colcon.colcon_core.verb:set package 'csv' build argument 'cmake_args' from command line to 'None'
[0.565s] Level 5:colcon.colcon_core.verb:set package 'csv' build argument 'cmake_target' from command line to 'None'
[0.565s] Level 5:colcon.colcon_core.verb:set package 'csv' build argument 'cmake_target_skip_unavailable' from command line to 'False'
[0.565s] Level 5:colcon.colcon_core.verb:set package 'csv' build argument 'cmake_clean_cache' from command line to 'False'
[0.565s] Level 5:colcon.colcon_core.verb:set package 'csv' build argument 'cmake_clean_first' from command line to 'False'
[0.565s] Level 5:colcon.colcon_core.verb:set package 'csv' build argument 'cmake_force_configure' from command line to 'False'
[0.565s] Level 5:colcon.colcon_core.verb:set package 'csv' build argument 'ament_cmake_args' from command line to 'None'
[0.565s] Level 5:colcon.colcon_core.verb:set package 'csv' build argument 'catkin_cmake_args' from command line to 'None'
[0.565s] Level 5:colcon.colcon_core.verb:set package 'csv' build argument 'catkin_skip_building_tests' from command line to 'False'
[0.565s] DEBUG:colcon.colcon_core.verb:Building package 'csv' with the following arguments: {'ament_cmake_args': None, 'build_base': '/home/user/excel-to-bag/build/csv', 'catkin_cmake_args': None, 'catkin_skip_building_tests': False, 'cmake_args': None, 'cmake_clean_cache': False, 'cmake_clean_first': False, 'cmake_force_configure': False, 'cmake_target': None, 'cmake_target_skip_unavailable': False, 'install_base': '/home/user/excel-to-bag/install/csv', 'merge_install': False, 'path': '/home/user/excel-to-bag/src/csv-parser', 'symlink_install': False, 'test_result_base': None}
[0.566s] Level 5:colcon.colcon_core.verb:set package 'csv_to_bag' build argument 'cmake_args' from command line to 'None'
[0.566s] Level 5:colcon.colcon_core.verb:set package 'csv_to_bag' build argument 'cmake_target' from command line to 'None'
[0.566s] Level 5:colcon.colcon_core.verb:set package 'csv_to_bag' build argument 'cmake_target_skip_unavailable' from command line to 'False'
[0.566s] Level 5:colcon.colcon_core.verb:set package 'csv_to_bag' build argument 'cmake_clean_cache' from command line to 'False'
[0.566s] Level 5:colcon.colcon_core.verb:set package 'csv_to_bag' build argument 'cmake_clean_first' from command line to 'False'
[0.566s] Level 5:colcon.colcon_core.verb:set package 'csv_to_bag' build argument 'cmake_force_configure' from command line to 'False'
[0.566s] Level 5:colcon.colcon_core.verb:set package 'csv_to_bag' build argument 'ament_cmake_args' from command line to 'None'
[0.566s] Level 5:colcon.colcon_core.verb:set package 'csv_to_bag' build argument 'catkin_cmake_args' from command line to 'None'
[0.566s] Level 5:colcon.colcon_core.verb:set package 'csv_to_bag' build argument 'catkin_skip_building_tests' from command line to 'False'
[0.566s] DEBUG:colcon.colcon_core.verb:Building package 'csv_to_bag' with the following arguments: {'ament_cmake_args': None, 'build_base': '/home/user/excel-to-bag/build/csv_to_bag', 'catkin_cmake_args': None, 'catkin_skip_building_tests': False, 'cmake_args': None, 'cmake_clean_cache': False, 'cmake_clean_first': False, 'cmake_force_configure': False, 'cmake_target': None, 'cmake_target_skip_unavailable': False, 'install_base': '/home/user/excel-to-bag/install/csv_to_bag', 'merge_install': False, 'path': '/home/user/excel-to-bag/src/csv_to_bag', 'symlink_install': False, 'test_result_base': None}
[0.567s] INFO:colcon.colcon_core.executor:Executing jobs using 'parallel' executor
[0.569s] DEBUG:colcon.colcon_parallel_executor.executor.parallel:run_until_complete
[0.570s] INFO:colcon.colcon_cmake.task.cmake.build:Building CMake package in '/home/user/excel-to-bag/src/csv-parser'
[0.574s] INFO:colcon.colcon_core.plugin_system:Skipping extension 'colcon_core.shell.bat': Not used on non-Windows systems
[0.574s] INFO:colcon.colcon_core.shell:Skip shell extension 'powershell' for command environment: Not usable outside of PowerShell
[0.574s] DEBUG:colcon.colcon_core.shell:Skip shell extension 'dsv' for command environment
[0.584s] INFO:colcon.colcon_ros.task.ament_cmake.build:Building ROS package in '/home/user/excel-to-bag/src/csv_to_bag' with build type 'ament_cmake'
[0.584s] INFO:colcon.colcon_cmake.task.cmake.build:Building CMake package in '/home/user/excel-to-bag/src/csv_to_bag'
[0.585s] INFO:colcon.colcon_core.shell:Skip shell extension 'powershell' for command environment: Not usable outside of PowerShell
[0.585s] DEBUG:colcon.colcon_core.shell:Skip shell extension 'dsv' for command environment
[0.612s] DEBUG:colcon.colcon_core.event_handler.log_command:Invoking command in '/home/user/excel-to-bag/build/csv': /usr/bin/cmake --build /home/user/excel-to-bag/build/csv -- -j8 -l8
[0.620s] DEBUG:colcon.colcon_core.event_handler.log_command:Invoking command in '/home/user/excel-to-bag/build/csv_to_bag': CMAKE_PREFIX_PATH=${CMAKE_PREFIX_PATH}:/opt/ros/humble /usr/bin/cmake --build /home/user/excel-to-bag/build/csv_to_bag -- -j8 -l8
[0.990s] DEBUG:colcon.colcon_core.event_handler.log_command:Invoked command in '/home/user/excel-to-bag/build/csv' returned '0': /usr/bin/cmake --build /home/user/excel-to-bag/build/csv -- -j8 -l8
[0.991s] WARNING:colcon.colcon_cmake.task.cmake.build:Could not run installation step for package 'csv' because it has no 'install' target
[0.991s] Level 1:colcon.colcon_core.environment:create_environment_scripts_only(csv)
[0.996s] Level 1:colcon.colcon_core.environment:checking '/home/user/excel-to-bag/install/csv' for CMake module files
[0.997s] Level 1:colcon.colcon_core.environment:checking '/home/user/excel-to-bag/install/csv' for CMake config files
[0.998s] Level 1:colcon.colcon_core.environment:checking '/home/user/excel-to-bag/install/csv/bin'
[0.998s] Level 1:colcon.colcon_core.environment:checking '/home/user/excel-to-bag/install/csv/lib/pkgconfig/csv.pc'
[1.003s] Level 1:colcon.colcon_core.environment:checking '/home/user/excel-to-bag/install/csv/lib/python3.10/site-packages'
[1.004s] Level 1:colcon.colcon_core.environment:checking '/home/user/excel-to-bag/install/csv/bin'
[1.005s] INFO:colcon.colcon_core.shell:Creating package script '/home/user/excel-to-bag/install/csv/share/csv/package.ps1'
[1.007s] INFO:colcon.colcon_core.shell:Creating package descriptor '/home/user/excel-to-bag/install/csv/share/csv/package.dsv'
[1.008s] INFO:colcon.colcon_core.shell:Creating package script '/home/user/excel-to-bag/install/csv/share/csv/package.sh'
[1.010s] INFO:colcon.colcon_core.shell:Creating package script '/home/user/excel-to-bag/install/csv/share/csv/package.bash'
[1.011s] INFO:colcon.colcon_core.shell:Creating package script '/home/user/excel-to-bag/install/csv/share/csv/package.zsh'
[1.013s] Level 1:colcon.colcon_core.environment:create_file_with_runtime_dependencies(/home/user/excel-to-bag/install/csv/share/colcon-core/packages/csv)
[13.292s] DEBUG:colcon.colcon_core.event_handler.log_command:Invoked command in '/home/user/excel-to-bag/build/csv_to_bag' returned '0': CMAKE_PREFIX_PATH=${CMAKE_PREFIX_PATH}:/opt/ros/humble /usr/bin/cmake --build /home/user/excel-to-bag/build/csv_to_bag -- -j8 -l8
[13.310s] DEBUG:colcon.colcon_core.event_handler.log_command:Invoking command in '/home/user/excel-to-bag/build/csv_to_bag': CMAKE_PREFIX_PATH=${CMAKE_PREFIX_PATH}:/opt/ros/humble /usr/bin/cmake --install /home/user/excel-to-bag/build/csv_to_bag
[13.330s] Level 1:colcon.colcon_core.environment:create_environment_scripts_only(csv_to_bag)
[13.330s] DEBUG:colcon.colcon_core.event_handler.log_command:Invoked command in '/home/user/excel-to-bag/build/csv_to_bag' returned '0': CMAKE_PREFIX_PATH=${CMAKE_PREFIX_PATH}:/opt/ros/humble /usr/bin/cmake --install /home/user/excel-to-bag/build/csv_to_bag
[13.331s] Level 1:colcon.colcon_core.environment:checking '/home/user/excel-to-bag/install/csv_to_bag' for CMake module files
[13.332s] Level 1:colcon.colcon_core.environment:checking '/home/user/excel-to-bag/install/csv_to_bag' for CMake config files
[13.332s] Level 1:colcon.colcon_core.shell:create_environment_hook('csv_to_bag', 'cmake_prefix_path')
[13.333s] INFO:colcon.colcon_core.shell:Creating environment hook '/home/user/excel-to-bag/install/csv_to_bag/share/csv_to_bag/hook/cmake_prefix_path.ps1'
[13.334s] INFO:colcon.colcon_core.shell:Creating environment descriptor '/home/user/excel-to-bag/install/csv_to_bag/share/csv_to_bag/hook/cmake_prefix_path.dsv'
[13.335s] INFO:colcon.colcon_core.shell:Creating environment hook '/home/user/excel-to-bag/install/csv_to_bag/share/csv_to_bag/hook/cmake_prefix_path.sh'
[13.337s] Level 1:colcon.colcon_core.environment:checking '/home/user/excel-to-bag/install/csv_to_bag/lib'
[13.337s] Level 1:colcon.colcon_core.environment:checking '/home/user/excel-to-bag/install/csv_to_bag/bin'
[13.337s] Level 1:colcon.colcon_core.environment:checking '/home/user/excel-to-bag/install/csv_to_bag/lib/pkgconfig/csv_to_bag.pc'
[13.338s] Level 1:colcon.colcon_core.environment:checking '/home/user/excel-to-bag/install/csv_to_bag/lib/python3.10/site-packages'
[13.338s] Level 1:colcon.colcon_core.environment:checking '/home/user/excel-to-bag/install/csv_to_bag/bin'
[13.339s] INFO:colcon.colcon_core.shell:Creating package script '/home/user/excel-to-bag/install/csv_to_bag/share/csv_to_bag/package.ps1'
[13.339s] INFO:colcon.colcon_core.shell:Creating package descriptor '/home/user/excel-to-bag/install/csv_to_bag/share/csv_to_bag/package.dsv'
[13.340s] INFO:colcon.colcon_core.shell:Creating package script '/home/user/excel-to-bag/install/csv_to_bag/share/csv_to_bag/package.sh'
[13.341s] INFO:colcon.colcon_core.shell:Creating package script '/home/user/excel-to-bag/install/csv_to_bag/share/csv_to_bag/package.bash'
[13.342s] INFO:colcon.colcon_core.shell:Creating package script '/home/user/excel-to-bag/install/csv_to_bag/share/csv_to_bag/package.zsh'
[13.343s] Level 1:colcon.colcon_core.environment:create_file_with_runtime_dependencies(/home/user/excel-to-bag/install/csv_to_bag/share/colcon-core/packages/csv_to_bag)
[13.343s] Level 1:colcon.colcon_core.environment:create_environment_scripts_only(csv_to_bag)
[13.344s] Level 1:colcon.colcon_core.environment:checking '/home/user/excel-to-bag/install/csv_to_bag' for CMake module files
[13.345s] Level 1:colcon.colcon_core.environment:checking '/home/user/excel-to-bag/install/csv_to_bag' for CMake config files
[13.345s] Level 1:colcon.colcon_core.shell:create_environment_hook('csv_to_bag', 'cmake_prefix_path')
[13.345s] INFO:colcon.colcon_core.shell:Creating environment hook '/home/user/excel-to-bag/install/csv_to_bag/share/csv_to_bag/hook/cmake_prefix_path.ps1'
[13.346s] INFO:colcon.colcon_core.shell:Creating environment descriptor '/home/user/excel-to-bag/install/csv_to_bag/share/csv_to_bag/hook/cmake_prefix_path.dsv'
[13.347s] INFO:colcon.colcon_core.shell:Creating environment hook '/home/user/excel-to-bag/install/csv_to_bag/share/csv_to_bag/hook/cmake_prefix_path.sh'
[13.348s] Level 1:colcon.colcon_core.environment:checking '/home/user/excel-to-bag/install/csv_to_bag/lib'
[13.349s] Level 1:colcon.colcon_core.environment:checking '/home/user/excel-to-bag/install/csv_to_bag/bin'
[13.349s] Level 1:colcon.colcon_core.environment:checking '/home/user/excel-to-bag/install/csv_to_bag/lib/pkgconfig/csv_to_bag.pc'
[13.349s] Level 1:colcon.colcon_core.environment:checking '/home/user/excel-to-bag/install/csv_to_bag/lib/python3.10/site-packages'
[13.350s] Level 1:colcon.colcon_core.environment:checking '/home/user/excel-to-bag/install/csv_to_bag/bin'
[13.350s] INFO:colcon.colcon_core.shell:Creating package script '/home/user/excel-to-bag/install/csv_to_bag/share/csv_to_bag/package.ps1'
[13.351s] INFO:colcon.colcon_core.shell:Creating package descriptor '/home/user/excel-to-bag/install/csv_to_bag/share/csv_to_bag/package.dsv'
[13.352s] INFO:colcon.colcon_core.shell:Creating package script '/home/user/excel-to-bag/install/csv_to_bag/share/csv_to_bag/package.sh'
[13.353s] INFO:colcon.colcon_core.shell:Creating package script '/home/user/excel-to-bag/install/csv_to_bag/share/csv_to_bag/package.bash'
[13.354s] INFO:colcon.colcon_core.shell:Creating package script '/home/user/excel-to-bag/install/csv_to_bag/share/csv_to_bag/package.zsh'
[13.355s] Level 1:colcon.colcon_core.environment:create_file_with_runtime_dependencies(/home/user/excel-to-bag/install/csv_to_bag/share/colcon-core/packages/csv_to_bag)
[13.355s] DEBUG:colcon.colcon_parallel_executor.executor.parallel:closing loop
[13.356s] DEBUG:colcon.colcon_parallel_executor.executor.parallel:loop closed
[13.356s] DEBUG:colcon.colcon_parallel_executor.executor.parallel:run_until_complete finished with '0'
[13.356s] DEBUG:colcon.colcon_core.event_reactor:joining thread
[13.374s] INFO:colcon.colcon_core.plugin_system:Skipping extension 'colcon_notification.desktop_notification.notify_send': Could not find 'notify-send'
[13.374s] INFO:colcon.colcon_core.plugin_system:Skipping extension 'colcon_notification.desktop_notification.terminal_notifier': Not used on non-Darwin systems
[13.375s] INFO:colcon.colcon_core.plugin_system:Skipping extension 'colcon_notification.desktop_notification.win32': Not used on non-Windows systems
[13.375s] INFO:colcon.colcon_notification.desktop_notification:Sending desktop notification using 'notify2'
[13.379s] DEBUG:colcon.colcon_notification.desktop_notification.notify2:Failed to initialize notify2: org.freedesktop.DBus.Error.Spawn.ExecFailed: /usr/bin/dbus-launch terminated abnormally without any error message
[13.380s] DEBUG:colcon.colcon_core.event_reactor:joined thread
[13.382s] INFO:colcon.colcon_core.shell:Creating prefix script '/home/user/excel-to-bag/install/local_setup.ps1'
[13.386s] INFO:colcon.colcon_core.shell:Creating prefix util module '/home/user/excel-to-bag/install/_local_setup_util_ps1.py'
[13.391s] INFO:colcon.colcon_core.shell:Creating prefix chain script '/home/user/excel-to-bag/install/setup.ps1'
[13.395s] INFO:colcon.colcon_core.shell:Creating prefix script '/home/user/excel-to-bag/install/local_setup.sh'
[13.397s] INFO:colcon.colcon_core.shell:Creating prefix util module '/home/user/excel-to-bag/install/_local_setup_util_sh.py'
[13.399s] INFO:colcon.colcon_core.shell:Creating prefix chain script '/home/user/excel-to-bag/install/setup.sh'
[13.403s] INFO:colcon.colcon_core.shell:Creating prefix script '/home/user/excel-to-bag/install/local_setup.bash'
[13.405s] INFO:colcon.colcon_core.shell:Creating prefix chain script '/home/user/excel-to-bag/install/setup.bash'
[13.439s] INFO:colcon.colcon_core.shell:Creating prefix script '/home/user/excel-to-bag/install/local_setup.zsh'
[13.440s] INFO:colcon.colcon_core.shell:Creating prefix chain script '/home/user/excel-to-bag/install/setup.zsh'
