[01m[K/home/user/Eurobot-excel/src/csv_to_bag/src/csv_to_bag.cpp:32:21:[m[K [01;31m[Kerror: [m[K‘[01m[Krosbag2_cpp[m[K’ was not declared in this scope
   32 |     std::shared_ptr<[01;31m[Krosbag2_cpp[m[K::Writer> writer_;
      |                     [01;31m[K^~~~~~~~~~~[m[K
[01m[K/home/user/Eurobot-excel/src/csv_to_bag/src/csv_to_bag.cpp:32:40:[m[K [01;31m[Kerror: [m[Ktemplate argument 1 is invalid
   32 |     std::shared_ptr<rosbag2_cpp::Writer[01;31m[K>[m[K writer_;
      |                                        [01;31m[K^[m[K
[01m[K/home/user/Eurobot-excel/src/csv_to_bag/src/csv_to_bag.cpp:[m[K In constructor ‘[01m[KCsvToBag::CsvToBag()[m[K’:
[01m[K/home/user/Eurobot-excel/src/csv_to_bag/src/csv_to_bag.cpp:9:36:[m[K [01;31m[Kerror: [m[K‘[01m[Krosbag2_cpp[m[K’ was not declared in this scope
    9 |         writer_ = std::make_shared<[01;31m[Krosbag2_cpp[m[K::Writer>();
      |                                    [01;31m[K^~~~~~~~~~~[m[K
[01m[K/home/user/Eurobot-excel/src/csv_to_bag/src/csv_to_bag.cpp:9:24:[m[K [01;31m[Kerror: [m[Kparse error in template argument list
    9 |         writer_ = std::[01;31m[Kmake_shared<rosbag2_cpp::Writer>[m[K();
      |                        [01;31m[K^~~~~~~~~~~~~~~~~~~~~~~~~~~~~~~~[m[K
[01m[K/home/user/Eurobot-excel/src/csv_to_bag/src/csv_to_bag.cpp:9:56:[m[K [01;31m[Kerror: [m[Kno matching function for call to ‘[01m[Kmake_shared<<expression error> >()[m[K’
    9 |         writer_ = [01;31m[Kstd::make_shared<rosbag2_cpp::Writer>()[m[K;
      |                   [01;31m[K~~~~~~~~~~~~~~~~~~~~~~~~~~~~~~~~~~~~~^~[m[K
In file included from [01m[K/usr/include/c++/11/memory:77[m[K,
                 from [01m[K/opt/ros/humble/include/rclcpp/rclcpp/rclcpp.hpp:153[m[K,
                 from [01m[K/home/user/Eurobot-excel/src/csv_to_bag/src/csv_to_bag.cpp:1[m[K:
[01m[K/usr/include/c++/11/bits/shared_ptr.h:875:5:[m[K [01;36m[Knote: [m[Kcandidate: ‘[01m[Ktemplate<class _Tp, class ... _Args> std::shared_ptr<_Tp> std::make_shared(_Args&& ...)[m[K’
  875 |     [01;36m[Kmake_shared[m[K(_Args&&... __args)
      |     [01;36m[K^~~~~~~~~~~[m[K
[01m[K/usr/include/c++/11/bits/shared_ptr.h:875:5:[m[K [01;36m[Knote: [m[K  template argument deduction/substitution failed:
[01m[K/home/user/Eurobot-excel/src/csv_to_bag/src/csv_to_bag.cpp:9:56:[m[K [01;31m[Kerror: [m[Ktemplate argument 1 is invalid
    9 |         writer_ = [01;31m[Kstd::make_shared<rosbag2_cpp::Writer>()[m[K;
      |                   [01;31m[K~~~~~~~~~~~~~~~~~~~~~~~~~~~~~~~~~~~~~^~[m[K
[01m[K/home/user/Eurobot-excel/src/csv_to_bag/src/csv_to_bag.cpp:10:16:[m[K [01;31m[Kerror: [m[Kbase operand of ‘[01m[K->[m[K’ is not a pointer
   10 |         writer_[01;31m[K->[m[Kopen("~/Eurobot-excel/src/csv_to_bag/bag");
      |                [01;31m[K^~[m[K
[01m[K/home/user/Eurobot-excel/src/csv_to_bag/src/csv_to_bag.cpp:[m[K In member function ‘[01m[Kvoid CsvToBag::read_and_publish()[m[K’:
[01m[K/home/user/Eurobot-excel/src/csv_to_bag/src/csv_to_bag.cpp:17:9:[m[K [01;31m[Kerror: [m[K‘[01m[Kio[m[K’ has not been declared
   17 |         [01;31m[Kio[m[K::CSVReader<4> csv_reader("~/Eurobot-excel/src/csv_to_bag/csv/test.csv");
      |         [01;31m[K^~[m[K
[01m[K/home/user/Eurobot-excel/src/csv_to_bag/src/csv_to_bag.cpp:17:26:[m[K [01;31m[Kerror: [m[K‘[01m[Kcsv_reader[m[K’ was not declared in this scope
   17 |         io::CSVReader<4> [01;31m[Kcsv_reader[m[K("~/Eurobot-excel/src/csv_to_bag/csv/test.csv");
      |                          [01;31m[K^~~~~~~~~~[m[K
[01m[K/home/user/Eurobot-excel/src/csv_to_bag/src/csv_to_bag.cpp:18:32:[m[K [01;31m[Kerror: [m[K‘[01m[Kio[m[K’ has not been declared
   18 |         csv_reader.read_header([01;31m[Kio[m[K::ignore_extra_column, "timestamp", "x", "y", "z");
      |                                [01;31m[K^~[m[K
[01m[K/home/user/Eurobot-excel/src/csv_to_bag/src/csv_to_bag.cpp:24:25:[m[K [01;31m[Kerror: [m[K‘[01m[Kusing Odometry = struct nav_msgs::msg::Odometry_<std::allocator<void> >[m[K’ {aka ‘[01m[Kstruct nav_msgs::msg::Odometry_<std::allocator<void> >[m[K’} has no member named ‘[01m[Kpoint[m[K’
   24 |             rival_msgs_.[01;31m[Kpoint[m[K.x = x;
      |                         [01;31m[K^~~~~[m[K
[01m[K/home/user/Eurobot-excel/src/csv_to_bag/src/csv_to_bag.cpp:25:25:[m[K [01;31m[Kerror: [m[K‘[01m[Kusing Odometry = struct nav_msgs::msg::Odometry_<std::allocator<void> >[m[K’ {aka ‘[01m[Kstruct nav_msgs::msg::Odometry_<std::allocator<void> >[m[K’} has no member named ‘[01m[Kpoint[m[K’
   25 |             rival_msgs_.[01;31m[Kpoint[m[K.y = y;
      |                         [01;31m[K^~~~~[m[K
[01m[K/home/user/Eurobot-excel/src/csv_to_bag/src/csv_to_bag.cpp:26:25:[m[K [01;31m[Kerror: [m[K‘[01m[Kusing Odometry = struct nav_msgs::msg::Odometry_<std::allocator<void> >[m[K’ {aka ‘[01m[Kstruct nav_msgs::msg::Odometry_<std::allocator<void> >[m[K’} has no member named ‘[01m[Kpoint[m[K’
   26 |             rival_msgs_.[01;31m[Kpoint[m[K.z = z;
      |                         [01;31m[K^~~~~[m[K
[01m[K/home/user/Eurobot-excel/src/csv_to_bag/src/csv_to_bag.cpp:28:20:[m[K [01;31m[Kerror: [m[Kbase operand of ‘[01m[K->[m[K’ is not a pointer
   28 |             writer_[01;31m[K->[m[Kwrite(msg, "position");
      |                    [01;31m[K^~[m[K
[01m[K/home/user/Eurobot-excel/src/csv_to_bag/src/csv_to_bag.cpp:28:28:[m[K [01;31m[Kerror: [m[K‘[01m[Kmsg[m[K’ was not declared in this scope
   28 |             writer_->write([01;31m[Kmsg[m[K, "position");
      |                            [01;31m[K^~~[m[K
[01m[K/home/user/Eurobot-excel/src/csv_to_bag/src/csv_to_bag.cpp:28:28:[m[K [01;36m[Knote: [m[Ksuggested alternatives:
In file included from [01m[K/opt/ros/humble/include/builtin_interfaces/builtin_interfaces/msg/duration.hpp:7[m[K,
                 from [01m[K/opt/ros/humble/include/rclcpp/rclcpp/duration.hpp:20[m[K,
                 from [01m[K/opt/ros/humble/include/rclcpp/rclcpp/qos.hpp:20[m[K,
                 from [01m[K/opt/ros/humble/include/rclcpp/rclcpp/node_interfaces/node_graph_interface.hpp:32[m[K,
                 from [01m[K/opt/ros/humble/include/rclcpp/rclcpp/client.hpp:42[m[K,
                 from [01m[K/opt/ros/humble/include/rclcpp/rclcpp/callback_group.hpp:24[m[K,
                 from [01m[K/opt/ros/humble/include/rclcpp/rclcpp/any_executable.hpp:20[m[K,
                 from [01m[K/opt/ros/humble/include/rclcpp/rclcpp/memory_strategy.hpp:25[m[K,
                 from [01m[K/opt/ros/humble/include/rclcpp/rclcpp/memory_strategies.hpp:18[m[K,
                 from [01m[K/opt/ros/humble/include/rclcpp/rclcpp/executor_options.hpp:20[m[K,
                 from [01m[K/opt/ros/humble/include/rclcpp/rclcpp/executor.hpp:37[m[K,
                 from [01m[K/opt/ros/humble/include/rclcpp/rclcpp/executors/multi_threaded_executor.hpp:25[m[K,
                 from [01m[K/opt/ros/humble/include/rclcpp/rclcpp/executors.hpp:21[m[K,
                 from [01m[K/opt/ros/humble/include/rclcpp/rclcpp/rclcpp.hpp:155[m[K,
                 from [01m[K/home/user/Eurobot-excel/src/csv_to_bag/src/csv_to_bag.cpp:1[m[K:
[01m[K/opt/ros/humble/include/builtin_interfaces/builtin_interfaces/msg/detail/duration__struct.hpp:27:11:[m[K [01;36m[Knote: [m[K  ‘[01m[Kbuiltin_interfaces::msg[m[K’
   27 | namespace [01;36m[Kmsg[m[K
      |           [01;36m[K^~~[m[K
In file included from [01m[K/opt/ros/humble/include/rcl_interfaces/rcl_interfaces/msg/set_parameters_result.hpp:7[m[K,
                 from [01m[K/opt/ros/humble/include/rclcpp/rclcpp/qos_overriding_options.hpp:28[m[K,
                 from [01m[K/opt/ros/humble/include/rclcpp/rclcpp/subscription_options.hpp:30[m[K,
                 from [01m[K/opt/ros/humble/include/rclcpp/rclcpp/subscription.hpp:45[m[K,
                 from [01m[K/opt/ros/humble/include/rclcpp/rclcpp/any_executable.hpp:25[m[K,
                 from [01m[K/opt/ros/humble/include/rclcpp/rclcpp/memory_strategy.hpp:25[m[K,
                 from [01m[K/opt/ros/humble/include/rclcpp/rclcpp/memory_strategies.hpp:18[m[K,
                 from [01m[K/opt/ros/humble/include/rclcpp/rclcpp/executor_options.hpp:20[m[K,
                 from [01m[K/opt/ros/humble/include/rclcpp/rclcpp/executor.hpp:37[m[K,
                 from [01m[K/opt/ros/humble/include/rclcpp/rclcpp/executors/multi_threaded_executor.hpp:25[m[K,
                 from [01m[K/opt/ros/humble/include/rclcpp/rclcpp/executors.hpp:21[m[K,
                 from [01m[K/opt/ros/humble/include/rclcpp/rclcpp/rclcpp.hpp:155[m[K,
                 from [01m[K/home/user/Eurobot-excel/src/csv_to_bag/src/csv_to_bag.cpp:1[m[K:
[01m[K/opt/ros/humble/include/rcl_interfaces/rcl_interfaces/msg/detail/set_parameters_result__struct.hpp:27:11:[m[K [01;36m[Knote: [m[K  ‘[01m[Krcl_interfaces::msg[m[K’
   27 | namespace [01;36m[Kmsg[m[K
      |           [01;36m[K^~~[m[K
In file included from [01m[K/opt/ros/humble/include/statistics_msgs/statistics_msgs/msg/detail/metrics_message__struct.hpp:23[m[K,
                 from [01m[K/opt/ros/humble/include/statistics_msgs/statistics_msgs/msg/metrics_message.hpp:7[m[K,
                 from [01m[K/opt/ros/humble/include/libstatistics_collector/libstatistics_collector/collector/generate_statistics_message.hpp:21[m[K,
                 from [01m[K/opt/ros/humble/include/rclcpp/rclcpp/topic_statistics/subscription_topic_statistics.hpp:23[m[K,
                 from [01m[K/opt/ros/humble/include/rclcpp/rclcpp/subscription.hpp:50[m[K,
                 from [01m[K/opt/ros/humble/include/rclcpp/rclcpp/any_executable.hpp:25[m[K,
                 from [01m[K/opt/ros/humble/include/rclcpp/rclcpp/memory_strategy.hpp:25[m[K,
                 from [01m[K/opt/ros/humble/include/rclcpp/rclcpp/memory_strategies.hpp:18[m[K,
                 from [01m[K/opt/ros/humble/include/rclcpp/rclcpp/executor_options.hpp:20[m[K,
                 from [01m[K/opt/ros/humble/include/rclcpp/rclcpp/executor.hpp:37[m[K,
                 from [01m[K/opt/ros/humble/include/rclcpp/rclcpp/executors/multi_threaded_executor.hpp:25[m[K,
                 from [01m[K/opt/ros/humble/include/rclcpp/rclcpp/executors.hpp:21[m[K,
                 from [01m[K/opt/ros/humble/include/rclcpp/rclcpp/rclcpp.hpp:155[m[K,
                 from [01m[K/home/user/Eurobot-excel/src/csv_to_bag/src/csv_to_bag.cpp:1[m[K:
[01m[K/opt/ros/humble/include/statistics_msgs/statistics_msgs/msg/detail/statistic_data_point__struct.hpp:27:11:[m[K [01;36m[Knote: [m[K  ‘[01m[Kstatistics_msgs::msg[m[K’
   27 | namespace [01;36m[Kmsg[m[K
      |           [01;36m[K^~~[m[K
In file included from [01m[K/opt/ros/humble/include/nav_msgs/nav_msgs/msg/detail/odometry__struct.hpp:20[m[K,
                 from [01m[K/opt/ros/humble/include/nav_msgs/nav_msgs/msg/odometry.hpp:7[m[K,
                 from [01m[K/home/user/Eurobot-excel/src/csv_to_bag/src/csv_to_bag.cpp:2[m[K:
[01m[K/opt/ros/humble/include/std_msgs/std_msgs/msg/detail/header__struct.hpp:31:11:[m[K [01;36m[Knote: [m[K  ‘[01m[Kstd_msgs::msg[m[K’
   31 | namespace [01;36m[Kmsg[m[K
      |           [01;36m[K^~~[m[K
In file included from [01m[K/opt/ros/humble/include/geometry_msgs/geometry_msgs/msg/detail/pose__struct.hpp:20[m[K,
                 from [01m[K/opt/ros/humble/include/geometry_msgs/geometry_msgs/msg/detail/pose_with_covariance__struct.hpp:20[m[K,
                 from [01m[K/opt/ros/humble/include/nav_msgs/nav_msgs/msg/detail/odometry__struct.hpp:22[m[K,
                 from [01m[K/opt/ros/humble/include/nav_msgs/nav_msgs/msg/odometry.hpp:7[m[K,
                 from [01m[K/home/user/Eurobot-excel/src/csv_to_bag/src/csv_to_bag.cpp:2[m[K:
[01m[K/opt/ros/humble/include/geometry_msgs/geometry_msgs/msg/detail/point__struct.hpp:27:11:[m[K [01;36m[Knote: [m[K  ‘[01m[Kgeometry_msgs::msg[m[K’
   27 | namespace [01;36m[Kmsg[m[K
      |           [01;36m[K^~~[m[K
In file included from [01m[K/opt/ros/humble/include/nav_msgs/nav_msgs/msg/odometry.hpp:7[m[K,
                 from [01m[K/home/user/Eurobot-excel/src/csv_to_bag/src/csv_to_bag.cpp:2[m[K:
[01m[K/opt/ros/humble/include/nav_msgs/nav_msgs/msg/detail/odometry__struct.hpp:35:11:[m[K [01;36m[Knote: [m[K  ‘[01m[Knav_msgs::msg[m[K’
   35 | namespace [01;36m[Kmsg[m[K
      |           [01;36m[K^~~[m[K
gmake[2]: *** [CMakeFiles/csv_to_bag.dir/build.make:76: CMakeFiles/csv_to_bag.dir/src/csv_to_bag.cpp.o] Error 1
gmake[1]: *** [CMakeFiles/Makefile2:137: CMakeFiles/csv_to_bag.dir/all] Error 2
gmake: *** [Makefile:146: all] Error 2
