[0.015s] Invoking command in '/home/user/Eurobot-excel/build/csv_to_bag': CMAKE_PREFIX_PATH=/opt/ros/humble /usr/bin/cmake /home/user/Eurobot-excel/src/csv_to_bag -DCMAKE_INSTALL_PREFIX=/home/user/Eurobot-excel/install/csv_to_bag
[0.113s] -- The C compiler identification is GNU 11.4.0
[0.199s] -- The CXX compiler identification is GNU 11.4.0
[0.209s] -- Detecting C compiler ABI info
[0.272s] -- Detecting C compiler ABI info - done
[0.281s] -- Check for working C compiler: /usr/bin/cc - skipped
[0.281s] -- Detecting C compile features
[0.282s] -- Detecting C compile features - done
[0.285s] -- Detecting CXX compiler ABI info
[0.359s] -- Detecting CXX compiler ABI info - done
[0.365s] -- Check for working CXX compiler: /usr/bin/c++ - skipped
[0.365s] -- Detecting CXX compile features
[0.365s] -- Detecting CXX compile features - done
[0.372s] -- Found ament_cmake: 1.3.11 (/opt/ros/humble/share/ament_cmake/cmake)
[0.530s] -- Found Python3: /usr/bin/python3 (found version "3.10.12") found components: Interpreter 
[0.637s] -- Found rclcpp: 16.0.11 (/opt/ros/humble/share/rclcpp/cmake)
[0.701s] -- Found rosidl_generator_c: 3.1.6 (/opt/ros/humble/share/rosidl_generator_c/cmake)
[0.710s] -- Found rosidl_adapter: 3.1.6 (/opt/ros/humble/share/rosidl_adapter/cmake)
[0.726s] -- Found rosidl_generator_cpp: 3.1.6 (/opt/ros/humble/share/rosidl_generator_cpp/cmake)
[0.744s] -- Using all available rosidl_typesupport_c: rosidl_typesupport_fastrtps_c;rosidl_typesupport_introspection_c
[0.762s] -- Using all available rosidl_typesupport_cpp: rosidl_typesupport_fastrtps_cpp;rosidl_typesupport_introspection_cpp
[0.828s] -- Found rmw_implementation_cmake: 6.1.2 (/opt/ros/humble/share/rmw_implementation_cmake/cmake)
[0.832s] -- Found rmw_fastrtps_cpp: 6.2.7 (/opt/ros/humble/share/rmw_fastrtps_cpp/cmake)
[0.942s] -- Found OpenSSL: /usr/lib/x86_64-linux-gnu/libcrypto.so (found version "3.0.2")  
[0.973s] -- Found FastRTPS: /opt/ros/humble/include  
[1.012s] -- Using RMW implementation 'rmw_fastrtps_cpp' as default
[1.022s] -- Looking for pthread.h
[1.080s] -- Looking for pthread.h - found
[1.080s] -- Performing Test CMAKE_HAVE_LIBC_PTHREAD
[1.144s] -- Performing Test CMAKE_HAVE_LIBC_PTHREAD - Success
[1.146s] -- Found Threads: TRUE  
[1.205s] -- Found geometry_msgs: 4.2.4 (/opt/ros/humble/share/geometry_msgs/cmake)
[1.219s] -- Found nav_msgs: 4.2.4 (/opt/ros/humble/share/nav_msgs/cmake)
[1.236s] -- Found rosbag2_cpp: 0.15.13 (/opt/ros/humble/share/rosbag2_cpp/cmake)
[1.276s] -- Found ament_lint_auto: 0.12.11 (/opt/ros/humble/share/ament_lint_auto/cmake)
[1.345s] -- Added test 'cppcheck' to perform static code analysis on C / C++ code
[1.346s] -- Configured cppcheck include dirs: 
[1.346s] -- Configured cppcheck exclude dirs and/or files: 
[1.346s] -- Added test 'lint_cmake' to check CMake code style
[1.347s] -- Added test 'uncrustify' to check C / C++ code style
[1.347s] -- Configured uncrustify additional arguments: 
[1.348s] -- Added test 'xmllint' to check XML markup files
[1.349s] -- Configuring done
[1.360s] -- Generating done
[1.364s] -- Build files have been written to: /home/user/Eurobot-excel/build/csv_to_bag
[1.372s] Invoked command in '/home/user/Eurobot-excel/build/csv_to_bag' returned '0': CMAKE_PREFIX_PATH=/opt/ros/humble /usr/bin/cmake /home/user/Eurobot-excel/src/csv_to_bag -DCMAKE_INSTALL_PREFIX=/home/user/Eurobot-excel/install/csv_to_bag
[1.373s] Invoking command in '/home/user/Eurobot-excel/build/csv_to_bag': CMAKE_PREFIX_PATH=/opt/ros/humble /usr/bin/cmake --build /home/user/Eurobot-excel/build/csv_to_bag -- -j8 -l8
[1.417s] [ 50%] [32mBuilding CXX object CMakeFiles/csv_to_bag.dir/src/csv_to_bag.cpp.o[0m
[3.589s] [01m[K/home/user/Eurobot-excel/src/csv_to_bag/src/csv_to_bag.cpp:32:21:[m[K [01;31m[Kerror: [m[K‘[01m[Krosbag2_cpp[m[K’ was not declared in this scope
[3.589s]    32 |     std::shared_ptr<[01;31m[Krosbag2_cpp[m[K::Writer> writer_;
[3.589s]       |                     [01;31m[K^~~~~~~~~~~[m[K
[3.590s] [01m[K/home/user/Eurobot-excel/src/csv_to_bag/src/csv_to_bag.cpp:32:40:[m[K [01;31m[Kerror: [m[Ktemplate argument 1 is invalid
[3.590s]    32 |     std::shared_ptr<rosbag2_cpp::Writer[01;31m[K>[m[K writer_;
[3.590s]       |                                        [01;31m[K^[m[K
[3.595s] [01m[K/home/user/Eurobot-excel/src/csv_to_bag/src/csv_to_bag.cpp:[m[K In constructor ‘[01m[KCsvToBag::CsvToBag()[m[K’:
[3.595s] [01m[K/home/user/Eurobot-excel/src/csv_to_bag/src/csv_to_bag.cpp:9:36:[m[K [01;31m[Kerror: [m[K‘[01m[Krosbag2_cpp[m[K’ was not declared in this scope
[3.595s]     9 |         writer_ = std::make_shared<[01;31m[Krosbag2_cpp[m[K::Writer>();
[3.595s]       |                                    [01;31m[K^~~~~~~~~~~[m[K
[3.595s] [01m[K/home/user/Eurobot-excel/src/csv_to_bag/src/csv_to_bag.cpp:9:24:[m[K [01;31m[Kerror: [m[Kparse error in template argument list
[3.595s]     9 |         writer_ = std::[01;31m[Kmake_shared<rosbag2_cpp::Writer>[m[K();
[3.595s]       |                        [01;31m[K^~~~~~~~~~~~~~~~~~~~~~~~~~~~~~~~[m[K
[3.595s] [01m[K/home/user/Eurobot-excel/src/csv_to_bag/src/csv_to_bag.cpp:9:56:[m[K [01;31m[Kerror: [m[Kno matching function for call to ‘[01m[Kmake_shared<<expression error> >()[m[K’
[3.595s]     9 |         writer_ = [01;31m[Kstd::make_shared<rosbag2_cpp::Writer>()[m[K;
[3.595s]       |                   [01;31m[K~~~~~~~~~~~~~~~~~~~~~~~~~~~~~~~~~~~~~^~[m[K
[3.601s] In file included from [01m[K/usr/include/c++/11/memory:77[m[K,
[3.601s]                  from [01m[K/opt/ros/humble/include/rclcpp/rclcpp/rclcpp.hpp:153[m[K,
[3.601s]                  from [01m[K/home/user/Eurobot-excel/src/csv_to_bag/src/csv_to_bag.cpp:1[m[K:
[3.601s] [01m[K/usr/include/c++/11/bits/shared_ptr.h:875:5:[m[K [01;36m[Knote: [m[Kcandidate: ‘[01m[Ktemplate<class _Tp, class ... _Args> std::shared_ptr<_Tp> std::make_shared(_Args&& ...)[m[K’
[3.601s]   875 |     [01;36m[Kmake_shared[m[K(_Args&&... __args)
[3.601s]       |     [01;36m[K^~~~~~~~~~~[m[K
[3.601s] [01m[K/usr/include/c++/11/bits/shared_ptr.h:875:5:[m[K [01;36m[Knote: [m[K  template argument deduction/substitution failed:
[3.601s] [01m[K/home/user/Eurobot-excel/src/csv_to_bag/src/csv_to_bag.cpp:9:56:[m[K [01;31m[Kerror: [m[Ktemplate argument 1 is invalid
[3.601s]     9 |         writer_ = [01;31m[Kstd::make_shared<rosbag2_cpp::Writer>()[m[K;
[3.601s]       |                   [01;31m[K~~~~~~~~~~~~~~~~~~~~~~~~~~~~~~~~~~~~~^~[m[K
[3.601s] [01m[K/home/user/Eurobot-excel/src/csv_to_bag/src/csv_to_bag.cpp:10:16:[m[K [01;31m[Kerror: [m[Kbase operand of ‘[01m[K->[m[K’ is not a pointer
[3.601s]    10 |         writer_[01;31m[K->[m[Kopen("~/Eurobot-excel/src/csv_to_bag/bag");
[3.601s]       |                [01;31m[K^~[m[K
[3.601s] [01m[K/home/user/Eurobot-excel/src/csv_to_bag/src/csv_to_bag.cpp:[m[K In member function ‘[01m[Kvoid CsvToBag::read_and_publish()[m[K’:
[3.601s] [01m[K/home/user/Eurobot-excel/src/csv_to_bag/src/csv_to_bag.cpp:17:9:[m[K [01;31m[Kerror: [m[K‘[01m[Kio[m[K’ has not been declared
[3.601s]    17 |         [01;31m[Kio[m[K::CSVReader<4> csv_reader("~/Eurobot-excel/src/csv_to_bag/csv/test.csv");
[3.601s]       |         [01;31m[K^~[m[K
[3.606s] [01m[K/home/user/Eurobot-excel/src/csv_to_bag/src/csv_to_bag.cpp:17:26:[m[K [01;31m[Kerror: [m[K‘[01m[Kcsv_reader[m[K’ was not declared in this scope
[3.606s]    17 |         io::CSVReader<4> [01;31m[Kcsv_reader[m[K("~/Eurobot-excel/src/csv_to_bag/csv/test.csv");
[3.606s]       |                          [01;31m[K^~~~~~~~~~[m[K
[3.606s] [01m[K/home/user/Eurobot-excel/src/csv_to_bag/src/csv_to_bag.cpp:18:32:[m[K [01;31m[Kerror: [m[K‘[01m[Kio[m[K’ has not been declared
[3.606s]    18 |         csv_reader.read_header([01;31m[Kio[m[K::ignore_extra_column, "timestamp", "x", "y", "z");
[3.606s]       |                                [01;31m[K^~[m[K
[3.606s] [01m[K/home/user/Eurobot-excel/src/csv_to_bag/src/csv_to_bag.cpp:24:25:[m[K [01;31m[Kerror: [m[K‘[01m[Kusing Odometry = struct nav_msgs::msg::Odometry_<std::allocator<void> >[m[K’ {aka ‘[01m[Kstruct nav_msgs::msg::Odometry_<std::allocator<void> >[m[K’} has no member named ‘[01m[Kpoint[m[K’
[3.606s]    24 |             rival_msgs_.[01;31m[Kpoint[m[K.x = x;
[3.606s]       |                         [01;31m[K^~~~~[m[K
[3.607s] [01m[K/home/user/Eurobot-excel/src/csv_to_bag/src/csv_to_bag.cpp:25:25:[m[K [01;31m[Kerror: [m[K‘[01m[Kusing Odometry = struct nav_msgs::msg::Odometry_<std::allocator<void> >[m[K’ {aka ‘[01m[Kstruct nav_msgs::msg::Odometry_<std::allocator<void> >[m[K’} has no member named ‘[01m[Kpoint[m[K’
[3.607s]    25 |             rival_msgs_.[01;31m[Kpoint[m[K.y = y;
[3.607s]       |                         [01;31m[K^~~~~[m[K
[3.607s] [01m[K/home/user/Eurobot-excel/src/csv_to_bag/src/csv_to_bag.cpp:26:25:[m[K [01;31m[Kerror: [m[K‘[01m[Kusing Odometry = struct nav_msgs::msg::Odometry_<std::allocator<void> >[m[K’ {aka ‘[01m[Kstruct nav_msgs::msg::Odometry_<std::allocator<void> >[m[K’} has no member named ‘[01m[Kpoint[m[K’
[3.607s]    26 |             rival_msgs_.[01;31m[Kpoint[m[K.z = z;
[3.607s]       |                         [01;31m[K^~~~~[m[K
[3.607s] [01m[K/home/user/Eurobot-excel/src/csv_to_bag/src/csv_to_bag.cpp:28:20:[m[K [01;31m[Kerror: [m[Kbase operand of ‘[01m[K->[m[K’ is not a pointer
[3.607s]    28 |             writer_[01;31m[K->[m[Kwrite(msg, "position");
[3.607s]       |                    [01;31m[K^~[m[K
[3.607s] [01m[K/home/user/Eurobot-excel/src/csv_to_bag/src/csv_to_bag.cpp:28:28:[m[K [01;31m[Kerror: [m[K‘[01m[Kmsg[m[K’ was not declared in this scope
[3.607s]    28 |             writer_->write([01;31m[Kmsg[m[K, "position");
[3.607s]       |                            [01;31m[K^~~[m[K
[3.607s] [01m[K/home/user/Eurobot-excel/src/csv_to_bag/src/csv_to_bag.cpp:28:28:[m[K [01;36m[Knote: [m[Ksuggested alternatives:
[3.607s] In file included from [01m[K/opt/ros/humble/include/builtin_interfaces/builtin_interfaces/msg/duration.hpp:7[m[K,
[3.607s]                  from [01m[K/opt/ros/humble/include/rclcpp/rclcpp/duration.hpp:20[m[K,
[3.607s]                  from [01m[K/opt/ros/humble/include/rclcpp/rclcpp/qos.hpp:20[m[K,
[3.608s]                  from [01m[K/opt/ros/humble/include/rclcpp/rclcpp/node_interfaces/node_graph_interface.hpp:32[m[K,
[3.608s]                  from [01m[K/opt/ros/humble/include/rclcpp/rclcpp/client.hpp:42[m[K,
[3.608s]                  from [01m[K/opt/ros/humble/include/rclcpp/rclcpp/callback_group.hpp:24[m[K,
[3.608s]                  from [01m[K/opt/ros/humble/include/rclcpp/rclcpp/any_executable.hpp:20[m[K,
[3.608s]                  from [01m[K/opt/ros/humble/include/rclcpp/rclcpp/memory_strategy.hpp:25[m[K,
[3.608s]                  from [01m[K/opt/ros/humble/include/rclcpp/rclcpp/memory_strategies.hpp:18[m[K,
[3.608s]                  from [01m[K/opt/ros/humble/include/rclcpp/rclcpp/executor_options.hpp:20[m[K,
[3.608s]                  from [01m[K/opt/ros/humble/include/rclcpp/rclcpp/executor.hpp:37[m[K,
[3.608s]                  from [01m[K/opt/ros/humble/include/rclcpp/rclcpp/executors/multi_threaded_executor.hpp:25[m[K,
[3.608s]                  from [01m[K/opt/ros/humble/include/rclcpp/rclcpp/executors.hpp:21[m[K,
[3.608s]                  from [01m[K/opt/ros/humble/include/rclcpp/rclcpp/rclcpp.hpp:155[m[K,
[3.608s]                  from [01m[K/home/user/Eurobot-excel/src/csv_to_bag/src/csv_to_bag.cpp:1[m[K:
[3.608s] [01m[K/opt/ros/humble/include/builtin_interfaces/builtin_interfaces/msg/detail/duration__struct.hpp:27:11:[m[K [01;36m[Knote: [m[K  ‘[01m[Kbuiltin_interfaces::msg[m[K’
[3.608s]    27 | namespace [01;36m[Kmsg[m[K
[3.608s]       |           [01;36m[K^~~[m[K
[3.608s] In file included from [01m[K/opt/ros/humble/include/rcl_interfaces/rcl_interfaces/msg/set_parameters_result.hpp:7[m[K,
[3.608s]                  from [01m[K/opt/ros/humble/include/rclcpp/rclcpp/qos_overriding_options.hpp:28[m[K,
[3.608s]                  from [01m[K/opt/ros/humble/include/rclcpp/rclcpp/subscription_options.hpp:30[m[K,
[3.608s]                  from [01m[K/opt/ros/humble/include/rclcpp/rclcpp/subscription.hpp:45[m[K,
[3.608s]                  from [01m[K/opt/ros/humble/include/rclcpp/rclcpp/any_executable.hpp:25[m[K,
[3.608s]                  from [01m[K/opt/ros/humble/include/rclcpp/rclcpp/memory_strategy.hpp:25[m[K,
[3.608s]                  from [01m[K/opt/ros/humble/include/rclcpp/rclcpp/memory_strategies.hpp:18[m[K,
[3.608s]                  from [01m[K/opt/ros/humble/include/rclcpp/rclcpp/executor_options.hpp:20[m[K,
[3.608s]                  from [01m[K/opt/ros/humble/include/rclcpp/rclcpp/executor.hpp:37[m[K,
[3.609s]                  from [01m[K/opt/ros/humble/include/rclcpp/rclcpp/executors/multi_threaded_executor.hpp:25[m[K,
[3.609s]                  from [01m[K/opt/ros/humble/include/rclcpp/rclcpp/executors.hpp:21[m[K,
[3.609s]                  from [01m[K/opt/ros/humble/include/rclcpp/rclcpp/rclcpp.hpp:155[m[K,
[3.609s]                  from [01m[K/home/user/Eurobot-excel/src/csv_to_bag/src/csv_to_bag.cpp:1[m[K:
[3.609s] [01m[K/opt/ros/humble/include/rcl_interfaces/rcl_interfaces/msg/detail/set_parameters_result__struct.hpp:27:11:[m[K [01;36m[Knote: [m[K  ‘[01m[Krcl_interfaces::msg[m[K’
[3.609s]    27 | namespace [01;36m[Kmsg[m[K
[3.609s]       |           [01;36m[K^~~[m[K
[3.609s] In file included from [01m[K/opt/ros/humble/include/statistics_msgs/statistics_msgs/msg/detail/metrics_message__struct.hpp:23[m[K,
[3.609s]                  from [01m[K/opt/ros/humble/include/statistics_msgs/statistics_msgs/msg/metrics_message.hpp:7[m[K,
[3.609s]                  from [01m[K/opt/ros/humble/include/libstatistics_collector/libstatistics_collector/collector/generate_statistics_message.hpp:21[m[K,
[3.609s]                  from [01m[K/opt/ros/humble/include/rclcpp/rclcpp/topic_statistics/subscription_topic_statistics.hpp:23[m[K,
[3.609s]                  from [01m[K/opt/ros/humble/include/rclcpp/rclcpp/subscription.hpp:50[m[K,
[3.609s]                  from [01m[K/opt/ros/humble/include/rclcpp/rclcpp/any_executable.hpp:25[m[K,
[3.609s]                  from [01m[K/opt/ros/humble/include/rclcpp/rclcpp/memory_strategy.hpp:25[m[K,
[3.609s]                  from [01m[K/opt/ros/humble/include/rclcpp/rclcpp/memory_strategies.hpp:18[m[K,
[3.609s]                  from [01m[K/opt/ros/humble/include/rclcpp/rclcpp/executor_options.hpp:20[m[K,
[3.609s]                  from [01m[K/opt/ros/humble/include/rclcpp/rclcpp/executor.hpp:37[m[K,
[3.609s]                  from [01m[K/opt/ros/humble/include/rclcpp/rclcpp/executors/multi_threaded_executor.hpp:25[m[K,
[3.609s]                  from [01m[K/opt/ros/humble/include/rclcpp/rclcpp/executors.hpp:21[m[K,
[3.609s]                  from [01m[K/opt/ros/humble/include/rclcpp/rclcpp/rclcpp.hpp:155[m[K,
[3.610s]                  from [01m[K/home/user/Eurobot-excel/src/csv_to_bag/src/csv_to_bag.cpp:1[m[K:
[3.610s] [01m[K/opt/ros/humble/include/statistics_msgs/statistics_msgs/msg/detail/statistic_data_point__struct.hpp:27:11:[m[K [01;36m[Knote: [m[K  ‘[01m[Kstatistics_msgs::msg[m[K’
[3.610s]    27 | namespace [01;36m[Kmsg[m[K
[3.610s]       |           [01;36m[K^~~[m[K
[3.610s] In file included from [01m[K/opt/ros/humble/include/nav_msgs/nav_msgs/msg/detail/odometry__struct.hpp:20[m[K,
[3.610s]                  from [01m[K/opt/ros/humble/include/nav_msgs/nav_msgs/msg/odometry.hpp:7[m[K,
[3.610s]                  from [01m[K/home/user/Eurobot-excel/src/csv_to_bag/src/csv_to_bag.cpp:2[m[K:
[3.610s] [01m[K/opt/ros/humble/include/std_msgs/std_msgs/msg/detail/header__struct.hpp:31:11:[m[K [01;36m[Knote: [m[K  ‘[01m[Kstd_msgs::msg[m[K’
[3.610s]    31 | namespace [01;36m[Kmsg[m[K
[3.610s]       |           [01;36m[K^~~[m[K
[3.610s] In file included from [01m[K/opt/ros/humble/include/geometry_msgs/geometry_msgs/msg/detail/pose__struct.hpp:20[m[K,
[3.610s]                  from [01m[K/opt/ros/humble/include/geometry_msgs/geometry_msgs/msg/detail/pose_with_covariance__struct.hpp:20[m[K,
[3.610s]                  from [01m[K/opt/ros/humble/include/nav_msgs/nav_msgs/msg/detail/odometry__struct.hpp:22[m[K,
[3.610s]                  from [01m[K/opt/ros/humble/include/nav_msgs/nav_msgs/msg/odometry.hpp:7[m[K,
[3.610s]                  from [01m[K/home/user/Eurobot-excel/src/csv_to_bag/src/csv_to_bag.cpp:2[m[K:
[3.610s] [01m[K/opt/ros/humble/include/geometry_msgs/geometry_msgs/msg/detail/point__struct.hpp:27:11:[m[K [01;36m[Knote: [m[K  ‘[01m[Kgeometry_msgs::msg[m[K’
[3.610s]    27 | namespace [01;36m[Kmsg[m[K
[3.610s]       |           [01;36m[K^~~[m[K
[3.610s] In file included from [01m[K/opt/ros/humble/include/nav_msgs/nav_msgs/msg/odometry.hpp:7[m[K,
[3.610s]                  from [01m[K/home/user/Eurobot-excel/src/csv_to_bag/src/csv_to_bag.cpp:2[m[K:
[3.610s] [01m[K/opt/ros/humble/include/nav_msgs/nav_msgs/msg/detail/odometry__struct.hpp:35:11:[m[K [01;36m[Knote: [m[K  ‘[01m[Knav_msgs::msg[m[K’
[3.611s]    35 | namespace [01;36m[Kmsg[m[K
[3.611s]       |           [01;36m[K^~~[m[K
[3.985s] gmake[2]: *** [CMakeFiles/csv_to_bag.dir/build.make:76: CMakeFiles/csv_to_bag.dir/src/csv_to_bag.cpp.o] Error 1
[3.985s] gmake[1]: *** [CMakeFiles/Makefile2:137: CMakeFiles/csv_to_bag.dir/all] Error 2
[3.985s] gmake: *** [Makefile:146: all] Error 2
[3.988s] Invoked command in '/home/user/Eurobot-excel/build/csv_to_bag' returned '2': CMAKE_PREFIX_PATH=/opt/ros/humble /usr/bin/cmake --build /home/user/Eurobot-excel/build/csv_to_bag -- -j8 -l8
