[0.032s] Invoking command in '/home/user/excel-to-bag/build/csv_to_bag': /usr/bin/cmake /home/user/excel-to-bag/src/csv_to_bag -DCMAKE_INSTALL_PREFIX=/home/user/excel-to-bag/install/csv_to_bag
[0.111s] [31mCMake Error at CMakeLists.txt:9 (find_package):
[0.111s]   By not providing "Findament_cmake.cmake" in CMAKE_MODULE_PATH this project
[0.112s]   has asked CMake to find a package configuration file provided by
[0.112s]   "ament_cmake", but CMake did not find one.
[0.112s] 
[0.112s]   Could not find a package configuration file provided by "ament_cmake" with
[0.112s]   any of the following names:
[0.113s] 
[0.113s]     ament_cmakeConfig.cmake
[0.113s]     ament_cmake-config.cmake
[0.113s] 
[0.113s]   Add the installation prefix of "ament_cmake" to CMAKE_PREFIX_PATH or set
[0.114s]   "ament_cmake_DIR" to a directory containing one of the above files.  If
[0.114s]   "ament_cmake" provides a separate development package or SDK, be sure it
[0.115s]   has been installed.
[0.116s] 
[0.116s] [0m
[0.117s] -- Configuring incomplete, errors occurred!
[0.117s] See also "/home/user/excel-to-bag/build/csv_to_bag/CMakeFiles/CMakeOutput.log".
[0.118s] Invoked command in '/home/user/excel-to-bag/build/csv_to_bag' returned '1': /usr/bin/cmake /home/user/excel-to-bag/src/csv_to_bag -DCMAKE_INSTALL_PREFIX=/home/user/excel-to-bag/install/csv_to_bag
