[0.012s] Invoking command in '/home/user/Eurobot-excel/build/csv_to_bag': CMAKE_PREFIX_PATH=${CMAKE_PREFIX_PATH}:/opt/ros/humble /usr/bin/cmake --build /home/user/Eurobot-excel/build/csv_to_bag -- -j8 -l8
[0.055s] [35m[1mConsolidate compiler generated dependencies of target csv_to_bag[0m
[0.090s] [100%] Built target csv_to_bag
[0.103s] Invoked command in '/home/user/Eurobot-excel/build/csv_to_bag' returned '0': CMAKE_PREFIX_PATH=${CMAKE_PREFIX_PATH}:/opt/ros/humble /usr/bin/cmake --build /home/user/Eurobot-excel/build/csv_to_bag -- -j8 -l8
[0.117s] Invoking command in '/home/user/Eurobot-excel/build/csv_to_bag': CMAKE_PREFIX_PATH=${CMAKE_PREFIX_PATH}:/opt/ros/humble /usr/bin/cmake --install /home/user/Eurobot-excel/build/csv_to_bag
[0.123s] -- Install configuration: ""
[0.123s] -- Up-to-date: /home/user/Eurobot-excel/install/csv_to_bag/lib/csv_to_bag/csv_to_bag
[0.123s] -- Up-to-date: /home/user/Eurobot-excel/install/csv_to_bag/share/ament_index/resource_index/package_run_dependencies/csv_to_bag
[0.123s] -- Up-to-date: /home/user/Eurobot-excel/install/csv_to_bag/share/ament_index/resource_index/parent_prefix_path/csv_to_bag
[0.123s] -- Up-to-date: /home/user/Eurobot-excel/install/csv_to_bag/share/csv_to_bag/environment/ament_prefix_path.sh
[0.124s] -- Up-to-date: /home/user/Eurobot-excel/install/csv_to_bag/share/csv_to_bag/environment/ament_prefix_path.dsv
[0.124s] -- Up-to-date: /home/user/Eurobot-excel/install/csv_to_bag/share/csv_to_bag/environment/path.sh
[0.124s] -- Up-to-date: /home/user/Eurobot-excel/install/csv_to_bag/share/csv_to_bag/environment/path.dsv
[0.124s] -- Up-to-date: /home/user/Eurobot-excel/install/csv_to_bag/share/csv_to_bag/local_setup.bash
[0.124s] -- Up-to-date: /home/user/Eurobot-excel/install/csv_to_bag/share/csv_to_bag/local_setup.sh
[0.124s] -- Up-to-date: /home/user/Eurobot-excel/install/csv_to_bag/share/csv_to_bag/local_setup.zsh
[0.124s] -- Up-to-date: /home/user/Eurobot-excel/install/csv_to_bag/share/csv_to_bag/local_setup.dsv
[0.124s] -- Installing: /home/user/Eurobot-excel/install/csv_to_bag/share/csv_to_bag/package.dsv
[0.124s] -- Up-to-date: /home/user/Eurobot-excel/install/csv_to_bag/share/ament_index/resource_index/packages/csv_to_bag
[0.124s] -- Up-to-date: /home/user/Eurobot-excel/install/csv_to_bag/share/csv_to_bag/cmake/csv_to_bagConfig.cmake
[0.124s] -- Up-to-date: /home/user/Eurobot-excel/install/csv_to_bag/share/csv_to_bag/cmake/csv_to_bagConfig-version.cmake
[0.124s] -- Up-to-date: /home/user/Eurobot-excel/install/csv_to_bag/share/csv_to_bag/package.xml
[0.127s] Invoked command in '/home/user/Eurobot-excel/build/csv_to_bag' returned '0': CMAKE_PREFIX_PATH=${CMAKE_PREFIX_PATH}:/opt/ros/humble /usr/bin/cmake --install /home/user/Eurobot-excel/build/csv_to_bag
