-- Found ament_cmake: 1.3.11 (/opt/ros/humble/share/ament_cmake/cmake)
-- Found rclcpp: 16.0.11 (/opt/ros/humble/share/rclcpp/cmake)
-- Found rosidl_generator_c: 3.1.6 (/opt/ros/humble/share/rosidl_generator_c/cmake)
-- Found rosidl_adapter: 3.1.6 (/opt/ros/humble/share/rosidl_adapter/cmake)
-- Found rosidl_generator_cpp: 3.1.6 (/opt/ros/humble/share/rosidl_generator_cpp/cmake)
-- Using all available rosidl_typesupport_c: rosidl_typesupport_fastrtps_c;rosidl_typesupport_introspection_c
-- Using all available rosidl_typesupport_cpp: rosidl_typesupport_fastrtps_cpp;rosidl_typesupport_introspection_cpp
-- Found rmw_implementation_cmake: 6.1.2 (/opt/ros/humble/share/rmw_implementation_cmake/cmake)
-- Found rmw_fastrtps_cpp: 6.2.7 (/opt/ros/humble/share/rmw_fastrtps_cpp/cmake)
-- Using RMW implementation 'rmw_fastrtps_cpp' as default
-- Found geometry_msgs: 4.2.4 (/opt/ros/humble/share/geometry_msgs/cmake)
-- Found nav_msgs: 4.2.4 (/opt/ros/humble/share/nav_msgs/cmake)
-- Found rosbag2_cpp: 0.15.13 (/opt/ros/humble/share/rosbag2_cpp/cmake)
[0mBuilding CSV library using C++17[0m
-- Found ament_lint_auto: 0.12.11 (/opt/ros/humble/share/ament_lint_auto/cmake)
-- Added test 'cppcheck' to perform static code analysis on C / C++ code
-- Configured cppcheck include dirs: 
-- Configured cppcheck exclude dirs and/or files: 
-- Added test 'lint_cmake' to check CMake code style
-- Added test 'uncrustify' to check C / C++ code style
-- Configured uncrustify additional arguments: 
-- Added test 'xmllint' to check XML markup files
-- Configuring done
-- Generating done
-- Build files have been written to: /home/user/Eurobot-excel/build/csv_to_bag
[35m[1mConsolidate compiler generated dependencies of target csv_to_bag[0m
[ 18%] [32mBuilding CXX object csv-parser_binary_dir/include/internal/CMakeFiles/csv.dir/csv_format.cpp.o[0m
[ 25%] [32mBuilding CXX object csv-parser_binary_dir/include/internal/CMakeFiles/csv.dir/csv_reader.cpp.o[0m
[ 18%] [32mBuilding CXX object csv-parser_binary_dir/include/internal/CMakeFiles/csv.dir/csv_reader_iterator.cpp.o[0m
[ 18%] [32mBuilding CXX object csv-parser_binary_dir/include/internal/CMakeFiles/csv.dir/basic_csv_parser.cpp.o[0m
[ 31%] [32mBuilding CXX object csv-parser_binary_dir/include/internal/CMakeFiles/csv.dir/csv_row.cpp.o[0m
[ 37%] [32mBuilding CXX object csv-parser_binary_dir/include/internal/CMakeFiles/csv.dir/col_names.cpp.o[0m
[ 43%] [32mBuilding CXX object csv-parser_binary_dir/include/internal/CMakeFiles/csv.dir/csv_row_json.cpp.o[0m
[ 50%] [32mBuilding CXX object CMakeFiles/csv_to_bag.dir/src/csv_to_bag.cpp.o[0m
[01m[K/home/user/Eurobot-excel/src/csv_to_bag/src/csv_to_bag.cpp:4:10:[m[K [01;31m[Kfatal error: [m[Kcsv.hpp: No such file or directory
    4 | #include [01;31m[K"csv.hpp"[m[K
      |          [01;31m[K^~~~~~~~~[m[K
compilation terminated.
gmake[2]: *** [CMakeFiles/csv_to_bag.dir/build.make:76: CMakeFiles/csv_to_bag.dir/src/csv_to_bag.cpp.o] Error 1
gmake[1]: *** [CMakeFiles/Makefile2:189: CMakeFiles/csv_to_bag.dir/all] Error 2
gmake[1]: *** Waiting for unfinished jobs....
[ 56%] [32mBuilding CXX object csv-parser_binary_dir/include/internal/CMakeFiles/csv.dir/csv_stat.cpp.o[0m
[ 62%] [32mBuilding CXX object csv-parser_binary_dir/include/internal/CMakeFiles/csv.dir/csv_utility.cpp.o[0m
[ 68%] [32m[1mLinking CXX static library libcsv.a[0m
[ 68%] Built target csv
gmake: *** [Makefile:146: all] Error 2
