[0.017s] Invoking command in '/home/user/Eurobot-excel/build/csv_to_bag': CMAKE_PREFIX_PATH=/opt/ros/humble /usr/bin/cmake --build /home/user/Eurobot-excel/build/csv_to_bag -- -j8 -l8
[0.041s] -- Found ament_cmake: 1.3.11 (/opt/ros/humble/share/ament_cmake/cmake)
[0.163s] -- Found rclcpp: 16.0.11 (/opt/ros/humble/share/rclcpp/cmake)
[0.195s] -- Found rosidl_generator_c: 3.1.6 (/opt/ros/humble/share/rosidl_generator_c/cmake)
[0.197s] -- Found rosidl_adapter: 3.1.6 (/opt/ros/humble/share/rosidl_adapter/cmake)
[0.205s] -- Found rosidl_generator_cpp: 3.1.6 (/opt/ros/humble/share/rosidl_generator_cpp/cmake)
[0.213s] -- Using all available rosidl_typesupport_c: rosidl_typesupport_fastrtps_c;rosidl_typesupport_introspection_c
[0.225s] -- Using all available rosidl_typesupport_cpp: rosidl_typesupport_fastrtps_cpp;rosidl_typesupport_introspection_cpp
[0.253s] -- Found rmw_implementation_cmake: 6.1.2 (/opt/ros/humble/share/rmw_implementation_cmake/cmake)
[0.254s] -- Found rmw_fastrtps_cpp: 6.2.7 (/opt/ros/humble/share/rmw_fastrtps_cpp/cmake)
[0.348s] -- Using RMW implementation 'rmw_fastrtps_cpp' as default
[0.384s] -- Found geometry_msgs: 4.2.4 (/opt/ros/humble/share/geometry_msgs/cmake)
[0.392s] -- Found nav_msgs: 4.2.4 (/opt/ros/humble/share/nav_msgs/cmake)
[0.404s] -- Found rosbag2_cpp: 0.15.13 (/opt/ros/humble/share/rosbag2_cpp/cmake)
[0.428s] [0mBuilding CSV library using C++17[0m
[0.432s] -- Found ament_lint_auto: 0.12.11 (/opt/ros/humble/share/ament_lint_auto/cmake)
[0.494s] -- Added test 'cppcheck' to perform static code analysis on C / C++ code
[0.494s] -- Configured cppcheck include dirs: 
[0.494s] -- Configured cppcheck exclude dirs and/or files: 
[0.494s] -- Added test 'lint_cmake' to check CMake code style
[0.495s] -- Added test 'uncrustify' to check C / C++ code style
[0.495s] -- Configured uncrustify additional arguments: 
[0.495s] -- Added test 'xmllint' to check XML markup files
[0.496s] -- Configuring done
[0.514s] -- Generating done
[0.522s] -- Build files have been written to: /home/user/Eurobot-excel/build/csv_to_bag
[0.550s] [35m[1mConsolidate compiler generated dependencies of target csv_to_bag[0m
[0.564s] [ 18%] [32mBuilding CXX object csv-parser_binary_dir/include/internal/CMakeFiles/csv.dir/csv_format.cpp.o[0m
[0.572s] [ 25%] [32mBuilding CXX object csv-parser_binary_dir/include/internal/CMakeFiles/csv.dir/csv_reader.cpp.o[0m
[0.572s] [ 18%] [32mBuilding CXX object csv-parser_binary_dir/include/internal/CMakeFiles/csv.dir/csv_reader_iterator.cpp.o[0m
[0.572s] [ 18%] [32mBuilding CXX object csv-parser_binary_dir/include/internal/CMakeFiles/csv.dir/basic_csv_parser.cpp.o[0m
[0.572s] [ 31%] [32mBuilding CXX object csv-parser_binary_dir/include/internal/CMakeFiles/csv.dir/csv_row.cpp.o[0m
[0.572s] [ 37%] [32mBuilding CXX object csv-parser_binary_dir/include/internal/CMakeFiles/csv.dir/col_names.cpp.o[0m
[0.572s] [ 43%] [32mBuilding CXX object csv-parser_binary_dir/include/internal/CMakeFiles/csv.dir/csv_row_json.cpp.o[0m
[0.584s] [ 50%] [32mBuilding CXX object CMakeFiles/csv_to_bag.dir/src/csv_to_bag.cpp.o[0m
[1.185s] [01m[K/home/user/Eurobot-excel/src/csv_to_bag/src/csv_to_bag.cpp:4:10:[m[K [01;31m[Kfatal error: [m[Kcsv.hpp: No such file or directory
[1.192s]     4 | #include [01;31m[K"csv.hpp"[m[K
[1.194s]       |          [01;31m[K^~~~~~~~~[m[K
[1.194s] compilation terminated.
[1.196s] gmake[2]: *** [CMakeFiles/csv_to_bag.dir/build.make:76: CMakeFiles/csv_to_bag.dir/src/csv_to_bag.cpp.o] Error 1
[1.196s] gmake[1]: *** [CMakeFiles/Makefile2:189: CMakeFiles/csv_to_bag.dir/all] Error 2
[1.196s] gmake[1]: *** Waiting for unfinished jobs....
[1.238s] [ 56%] [32mBuilding CXX object csv-parser_binary_dir/include/internal/CMakeFiles/csv.dir/csv_stat.cpp.o[0m
[1.644s] [ 62%] [32mBuilding CXX object csv-parser_binary_dir/include/internal/CMakeFiles/csv.dir/csv_utility.cpp.o[0m
[3.251s] [ 68%] [32m[1mLinking CXX static library libcsv.a[0m
[3.308s] [ 68%] Built target csv
[3.309s] gmake: *** [Makefile:146: all] Error 2
[3.311s] Invoked command in '/home/user/Eurobot-excel/build/csv_to_bag' returned '2': CMAKE_PREFIX_PATH=/opt/ros/humble /usr/bin/cmake --build /home/user/Eurobot-excel/build/csv_to_bag -- -j8 -l8
