[35m[1mConsolidate compiler generated dependencies of target csv_to_bag[0m
[ 50%] [32mBuilding CXX object CMakeFiles/csv_to_bag.dir/src/csv_to_bag.cpp.o[0m
[01m[K/home/user/excel-to-bag/src/csv_to_bag/src/csv_to_bag.cpp:[m[K In member function ‘[01m[Kvoid CsvToBag::read_and_publish()[m[K’:
[01m[K/home/user/excel-to-bag/src/csv_to_bag/src/csv_to_bag.cpp:130:27:[m[K [01;35m[Kwarning: [m[K‘[01m[Kvoid rosbag2_cpp::Writer::write(const rclcpp::SerializedMessage&, const string&, const string&, const rclcpp::Time&)[m[K’ is deprecated: Use write(std::shared_ptr<rclcpp::SerializedMessage> message, const std::string & topic_name, const std::string & type_name, const rclcpp::Time & time) instead. [[01;35m[K]8;;https://gcc.gnu.org/onlinedocs/gcc/Warning-Options.html#index-Wdeprecated-declarations-Wdeprecated-declarations]8;;[m[K]
  130 |             [01;35m[Kwriter_->write(serialized_msg, "/rival/pose", "nav_msgs/msg/Odometry", ros_time)[m[K;
      |             [01;35m[K~~~~~~~~~~~~~~^~~~~~~~~~~~~~~~~~~~~~~~~~~~~~~~~~~~~~~~~~~~~~~~~~~~~~~~~~~~~~~~~~[m[K
In file included from [01m[K/home/user/excel-to-bag/src/csv_to_bag/src/csv_to_bag.cpp:3[m[K:
[01m[K/opt/ros/humble/include/rosbag2_cpp/rosbag2_cpp/writer.hpp:156:8:[m[K [01;36m[Knote: [m[Kdeclared here
  156 |   void [01;36m[Kwrite[m[K(
      |        [01;36m[K^~~~~[m[K
[100%] [32m[1mLinking CXX executable csv_to_bag[0m
[100%] Built target csv_to_bag
-- Install configuration: ""
-- Installing: /home/user/excel-to-bag/install/csv_to_bag/lib/csv_to_bag/csv_to_bag
-- Set runtime path of "/home/user/excel-to-bag/install/csv_to_bag/lib/csv_to_bag/csv_to_bag" to ""
-- Up-to-date: /home/user/excel-to-bag/install/csv_to_bag/share/ament_index/resource_index/package_run_dependencies/csv_to_bag
-- Up-to-date: /home/user/excel-to-bag/install/csv_to_bag/share/ament_index/resource_index/parent_prefix_path/csv_to_bag
-- Up-to-date: /home/user/excel-to-bag/install/csv_to_bag/share/csv_to_bag/environment/ament_prefix_path.sh
-- Up-to-date: /home/user/excel-to-bag/install/csv_to_bag/share/csv_to_bag/environment/ament_prefix_path.dsv
-- Up-to-date: /home/user/excel-to-bag/install/csv_to_bag/share/csv_to_bag/environment/path.sh
-- Up-to-date: /home/user/excel-to-bag/install/csv_to_bag/share/csv_to_bag/environment/path.dsv
-- Up-to-date: /home/user/excel-to-bag/install/csv_to_bag/share/csv_to_bag/local_setup.bash
-- Up-to-date: /home/user/excel-to-bag/install/csv_to_bag/share/csv_to_bag/local_setup.sh
-- Up-to-date: /home/user/excel-to-bag/install/csv_to_bag/share/csv_to_bag/local_setup.zsh
-- Up-to-date: /home/user/excel-to-bag/install/csv_to_bag/share/csv_to_bag/local_setup.dsv
-- Installing: /home/user/excel-to-bag/install/csv_to_bag/share/csv_to_bag/package.dsv
-- Up-to-date: /home/user/excel-to-bag/install/csv_to_bag/share/ament_index/resource_index/packages/csv_to_bag
-- Up-to-date: /home/user/excel-to-bag/install/csv_to_bag/share/csv_to_bag/cmake/csv_to_bagConfig.cmake
-- Up-to-date: /home/user/excel-to-bag/install/csv_to_bag/share/csv_to_bag/cmake/csv_to_bagConfig-version.cmake
-- Up-to-date: /home/user/excel-to-bag/install/csv_to_bag/share/csv_to_bag/package.xml
