[35m[1mConsolidate compiler generated dependencies of target single_include_test[0m
[35m[1mConsolidate compiler generated dependencies of target csv[0m
[35m[1mConsolidate compiler generated dependencies of target Catch2[0m
[  2%] Built target single_include_test
[  9%] Built target csv
[35m[1mConsolidate compiler generated dependencies of target csv_info[0m
[35m[1mConsolidate compiler generated dependencies of target csv_guess_bench[0m
[35m[1mConsolidate compiler generated dependencies of target csv_bench[0m
[35m[1mConsolidate compiler generated dependencies of target data_type_bench[0m
[35m[1mConsolidate compiler generated dependencies of target csv_generator[0m
[35m[1mConsolidate compiler generated dependencies of target csv_stats[0m
[ 10%] Built target csv_guess_bench
[ 11%] Built target csv_bench
[ 13%] Built target csv_stats
[ 14%] Built target csv_info
[ 16%] Built target csv_generator
[ 18%] Built target data_type_bench
[ 89%] Built target Catch2
[35m[1mConsolidate compiler generated dependencies of target Catch2WithMain[0m
[ 90%] Built target Catch2WithMain
[35m[1mConsolidate compiler generated dependencies of target csv_test[0m
[100%] Built target csv_test
