[0.014s] Invoking command in '/home/user/Eurobot-excel/build/csv': /usr/bin/cmake --build /home/user/Eurobot-excel/build/csv -- -j8 -l8
[0.056s] [35m[1mConsolidate compiler generated dependencies of target single_include_test[0m
[0.059s] [35m[1mConsolidate compiler generated dependencies of target csv[0m
[0.072s] [35m[1mConsolidate compiler generated dependencies of target Catch2[0m
[0.076s] [  2%] Built target single_include_test
[0.077s] [  9%] Built target csv
[0.091s] [35m[1mConsolidate compiler generated dependencies of target csv_info[0m
[0.091s] [35m[1mConsolidate compiler generated dependencies of target csv_guess_bench[0m
[0.091s] [35m[1mConsolidate compiler generated dependencies of target csv_bench[0m
[0.092s] [35m[1mConsolidate compiler generated dependencies of target data_type_bench[0m
[0.094s] [35m[1mConsolidate compiler generated dependencies of target csv_generator[0m
[0.097s] [35m[1mConsolidate compiler generated dependencies of target csv_stats[0m
[0.110s] [ 10%] Built target csv_guess_bench
[0.112s] [ 11%] Built target csv_bench
[0.112s] [ 13%] Built target csv_stats
[0.114s] [ 14%] Built target csv_info
[0.115s] [ 16%] Built target csv_generator
[0.115s] [ 18%] Built target data_type_bench
[0.154s] [ 89%] Built target Catch2
[0.162s] [35m[1mConsolidate compiler generated dependencies of target Catch2WithMain[0m
[0.172s] [ 90%] Built target Catch2WithMain
[0.185s] [35m[1mConsolidate compiler generated dependencies of target csv_test[0m
[0.209s] [100%] Built target csv_test
[0.226s] Invoked command in '/home/user/Eurobot-excel/build/csv' returned '0': /usr/bin/cmake --build /home/user/Eurobot-excel/build/csv -- -j8 -l8
