[0.032s] Invoking command in '/home/user/excel-to-bag/build/csv_to_bag': CMAKE_PREFIX_PATH=${CMAKE_PREFIX_PATH}:/opt/ros/humble /usr/bin/cmake --build /home/user/excel-to-bag/build/csv_to_bag -- -j8 -l8
[0.123s] [35m[1mConsolidate compiler generated dependencies of target csv_to_bag[0m
[0.176s] [ 50%] [32mBuilding CXX object CMakeFiles/csv_to_bag.dir/src/csv_to_bag.cpp.o[0m
[6.847s] [01m[K/home/user/excel-to-bag/src/csv_to_bag/src/csv_to_bag.cpp:[m[K In member function ‘[01m[Kvoid CsvToBag::read_and_publish()[m[K’:
[6.848s] [01m[K/home/user/excel-to-bag/src/csv_to_bag/src/csv_to_bag.cpp:130:27:[m[K [01;35m[Kwarning: [m[K‘[01m[Kvoid rosbag2_cpp::Writer::write(const rclcpp::SerializedMessage&, const string&, const string&, const rclcpp::Time&)[m[K’ is deprecated: Use write(std::shared_ptr<rclcpp::SerializedMessage> message, const std::string & topic_name, const std::string & type_name, const rclcpp::Time & time) instead. [[01;35m[K]8;;https://gcc.gnu.org/onlinedocs/gcc/Warning-Options.html#index-Wdeprecated-declarations-Wdeprecated-declarations]8;;[m[K]
[6.848s]   130 |             [01;35m[Kwriter_->write(serialized_msg, "/rival/pose", "nav_msgs/msg/Odometry", ros_time)[m[K;
[6.848s]       |             [01;35m[K~~~~~~~~~~~~~~^~~~~~~~~~~~~~~~~~~~~~~~~~~~~~~~~~~~~~~~~~~~~~~~~~~~~~~~~~~~~~~~~~[m[K
[6.848s] In file included from [01m[K/home/user/excel-to-bag/src/csv_to_bag/src/csv_to_bag.cpp:3[m[K:
[6.848s] [01m[K/opt/ros/humble/include/rosbag2_cpp/rosbag2_cpp/writer.hpp:156:8:[m[K [01;36m[Knote: [m[Kdeclared here
[6.848s]   156 |   void [01;36m[Kwrite[m[K(
[6.849s]       |        [01;36m[K^~~~~[m[K
[12.162s] [100%] [32m[1mLinking CXX executable csv_to_bag[0m
[12.617s] [100%] Built target csv_to_bag
[12.638s] Invoked command in '/home/user/excel-to-bag/build/csv_to_bag' returned '0': CMAKE_PREFIX_PATH=${CMAKE_PREFIX_PATH}:/opt/ros/humble /usr/bin/cmake --build /home/user/excel-to-bag/build/csv_to_bag -- -j8 -l8
[12.655s] Invoking command in '/home/user/excel-to-bag/build/csv_to_bag': CMAKE_PREFIX_PATH=${CMAKE_PREFIX_PATH}:/opt/ros/humble /usr/bin/cmake --install /home/user/excel-to-bag/build/csv_to_bag
[12.673s] -- Install configuration: ""
[12.673s] -- Installing: /home/user/excel-to-bag/install/csv_to_bag/lib/csv_to_bag/csv_to_bag
[12.676s] -- Set runtime path of "/home/user/excel-to-bag/install/csv_to_bag/lib/csv_to_bag/csv_to_bag" to ""
[12.676s] -- Installing: /home/user/excel-to-bag/install/csv_to_bag/share/ament_index/resource_index/package_run_dependencies/csv_to_bag
[12.676s] -- Installing: /home/user/excel-to-bag/install/csv_to_bag/share/ament_index/resource_index/parent_prefix_path/csv_to_bag
[12.677s] -- Installing: /home/user/excel-to-bag/install/csv_to_bag/share/csv_to_bag/environment/ament_prefix_path.sh
[12.677s] -- Installing: /home/user/excel-to-bag/install/csv_to_bag/share/csv_to_bag/environment/ament_prefix_path.dsv
[12.677s] -- Installing: /home/user/excel-to-bag/install/csv_to_bag/share/csv_to_bag/environment/path.sh
[12.678s] -- Installing: /home/user/excel-to-bag/install/csv_to_bag/share/csv_to_bag/environment/path.dsv
[12.678s] -- Installing: /home/user/excel-to-bag/install/csv_to_bag/share/csv_to_bag/local_setup.bash
[12.678s] -- Installing: /home/user/excel-to-bag/install/csv_to_bag/share/csv_to_bag/local_setup.sh
[12.678s] -- Installing: /home/user/excel-to-bag/install/csv_to_bag/share/csv_to_bag/local_setup.zsh
[12.679s] -- Installing: /home/user/excel-to-bag/install/csv_to_bag/share/csv_to_bag/local_setup.dsv
[12.679s] -- Installing: /home/user/excel-to-bag/install/csv_to_bag/share/csv_to_bag/package.dsv
[12.679s] -- Installing: /home/user/excel-to-bag/install/csv_to_bag/share/ament_index/resource_index/packages/csv_to_bag
[12.680s] -- Installing: /home/user/excel-to-bag/install/csv_to_bag/share/csv_to_bag/cmake/csv_to_bagConfig.cmake
[12.680s] -- Installing: /home/user/excel-to-bag/install/csv_to_bag/share/csv_to_bag/cmake/csv_to_bagConfig-version.cmake
[12.681s] -- Installing: /home/user/excel-to-bag/install/csv_to_bag/share/csv_to_bag/package.xml
[12.686s] Invoked command in '/home/user/excel-to-bag/build/csv_to_bag' returned '0': CMAKE_PREFIX_PATH=${CMAKE_PREFIX_PATH}:/opt/ros/humble /usr/bin/cmake --install /home/user/excel-to-bag/build/csv_to_bag
