[0.013s] Invoking command in '/home/user/Eurobot-excel/build/csv_to_bag': CMAKE_PREFIX_PATH=/opt/ros/humble /usr/bin/cmake --build /home/user/Eurobot-excel/build/csv_to_bag -- -j8 -l8
[0.051s] [35m[1mConsolidate compiler generated dependencies of target csv_to_bag[0m
[0.085s] [ 50%] [32mBuilding CXX object CMakeFiles/csv_to_bag.dir/src/csv_to_bag.cpp.o[0m
[5.534s] [01m[K/home/user/Eurobot-excel/src/csv_to_bag/src/csv_to_bag.cpp:32:21:[m[K [01;31m[Kerror: [m[K‘[01m[Krosbag2_cpp[m[K’ was not declared in this scope
[5.536s]    32 |     std::shared_ptr<[01;31m[Krosbag2_cpp[m[K::Writer> writer_;
[5.538s]       |                     [01;31m[K^~~~~~~~~~~[m[K
[5.539s] [01m[K/home/user/Eurobot-excel/src/csv_to_bag/src/csv_to_bag.cpp:32:40:[m[K [01;31m[Kerror: [m[Ktemplate argument 1 is invalid
[5.539s]    32 |     std::shared_ptr<rosbag2_cpp::Writer[01;31m[K>[m[K writer_;
[5.540s]       |                                        [01;31m[K^[m[K
[5.551s] [01m[K/home/user/Eurobot-excel/src/csv_to_bag/src/csv_to_bag.cpp:[m[K In constructor ‘[01m[KCsvToBag::CsvToBag()[m[K’:
[5.552s] [01m[K/home/user/Eurobot-excel/src/csv_to_bag/src/csv_to_bag.cpp:9:36:[m[K [01;31m[Kerror: [m[K‘[01m[Krosbag2_cpp[m[K’ was not declared in this scope
[5.553s]     9 |         writer_ = std::make_shared<[01;31m[Krosbag2_cpp[m[K::Writer>();
[5.553s]       |                                    [01;31m[K^~~~~~~~~~~[m[K
[5.554s] [01m[K/home/user/Eurobot-excel/src/csv_to_bag/src/csv_to_bag.cpp:9:24:[m[K [01;31m[Kerror: [m[Kparse error in template argument list
[5.555s]     9 |         writer_ = std::[01;31m[Kmake_shared<rosbag2_cpp::Writer>[m[K();
[5.556s]       |                        [01;31m[K^~~~~~~~~~~~~~~~~~~~~~~~~~~~~~~~[m[K
[5.557s] [01m[K/home/user/Eurobot-excel/src/csv_to_bag/src/csv_to_bag.cpp:9:56:[m[K [01;31m[Kerror: [m[Kno matching function for call to ‘[01m[Kmake_shared<<expression error> >()[m[K’
[5.558s]     9 |         writer_ = [01;31m[Kstd::make_shared<rosbag2_cpp::Writer>()[m[K;
[5.559s]       |                   [01;31m[K~~~~~~~~~~~~~~~~~~~~~~~~~~~~~~~~~~~~~^~[m[K
[5.564s] In file included from [01m[K/usr/include/c++/11/memory:77[m[K,
[5.565s]                  from [01m[K/opt/ros/humble/include/rclcpp/rclcpp/rclcpp.hpp:153[m[K,
[5.566s]                  from [01m[K/home/user/Eurobot-excel/src/csv_to_bag/src/csv_to_bag.cpp:1[m[K:
[5.567s] [01m[K/usr/include/c++/11/bits/shared_ptr.h:875:5:[m[K [01;36m[Knote: [m[Kcandidate: ‘[01m[Ktemplate<class _Tp, class ... _Args> std::shared_ptr<_Tp> std::make_shared(_Args&& ...)[m[K’
[5.567s]   875 |     [01;36m[Kmake_shared[m[K(_Args&&... __args)
[5.567s]       |     [01;36m[K^~~~~~~~~~~[m[K
[5.567s] [01m[K/usr/include/c++/11/bits/shared_ptr.h:875:5:[m[K [01;36m[Knote: [m[K  template argument deduction/substitution failed:
[5.567s] [01m[K/home/user/Eurobot-excel/src/csv_to_bag/src/csv_to_bag.cpp:9:56:[m[K [01;31m[Kerror: [m[Ktemplate argument 1 is invalid
[5.567s]     9 |         writer_ = [01;31m[Kstd::make_shared<rosbag2_cpp::Writer>()[m[K;
[5.570s]       |                   [01;31m[K~~~~~~~~~~~~~~~~~~~~~~~~~~~~~~~~~~~~~^~[m[K
[5.570s] [01m[K/home/user/Eurobot-excel/src/csv_to_bag/src/csv_to_bag.cpp:10:16:[m[K [01;31m[Kerror: [m[Kbase operand of ‘[01m[K->[m[K’ is not a pointer
[5.570s]    10 |         writer_[01;31m[K->[m[Kopen("~/Eurobot-excel/src/csv_to_bag/bag");
[5.570s]       |                [01;31m[K^~[m[K
[5.571s] [01m[K/home/user/Eurobot-excel/src/csv_to_bag/src/csv_to_bag.cpp:[m[K In member function ‘[01m[Kvoid CsvToBag::read_and_publish()[m[K’:
[5.571s] [01m[K/home/user/Eurobot-excel/src/csv_to_bag/src/csv_to_bag.cpp:17:9:[m[K [01;31m[Kerror: [m[K‘[01m[Kio[m[K’ has not been declared
[5.572s]    17 |         [01;31m[Kio[m[K::CSVReader<4> csv_reader("~/Eurobot-excel/src/csv_to_bag/csv/test.csv");
[5.573s]       |         [01;31m[K^~[m[K
[5.584s] [01m[K/home/user/Eurobot-excel/src/csv_to_bag/src/csv_to_bag.cpp:17:26:[m[K [01;31m[Kerror: [m[K‘[01m[Kcsv_reader[m[K’ was not declared in this scope
[5.586s]    17 |         io::CSVReader<4> [01;31m[Kcsv_reader[m[K("~/Eurobot-excel/src/csv_to_bag/csv/test.csv");
[5.587s]       |                          [01;31m[K^~~~~~~~~~[m[K
[5.589s] [01m[K/home/user/Eurobot-excel/src/csv_to_bag/src/csv_to_bag.cpp:18:32:[m[K [01;31m[Kerror: [m[K‘[01m[Kio[m[K’ has not been declared
[5.590s]    18 |         csv_reader.read_header([01;31m[Kio[m[K::ignore_extra_column, "timestamp", "x", "y", "z");
[5.590s]       |                                [01;31m[K^~[m[K
[5.591s] [01m[K/home/user/Eurobot-excel/src/csv_to_bag/src/csv_to_bag.cpp:22:52:[m[K [01;31m[Kerror: [m[Kcannot convert ‘[01m[Krclcpp::Time[m[K’ to ‘[01m[Kbuiltin_interfaces::msg::Time_<std::allocator<void> >::_sec_type[m[K’ {aka ‘[01m[Kint[m[K’} in assignment
[5.591s]    22 |             rival_msgs_.header.stamp.sec = rclcpp::[01;31m[KTime(static_cast<int64_t>(timestamp * 1e9))[m[K;
[5.591s]       |                                                    [01;31m[K^~~~~~~~~~~~~~~~~~~~~~~~~~~~~~~~~~~~~~~~~~~[m[K
[5.591s]       |                                                    [01;31m[K|[m[K
[5.591s]       |                                                    [01;31m[Krclcpp::Time[m[K
[5.591s] [01m[K/home/user/Eurobot-excel/src/csv_to_bag/src/csv_to_bag.cpp:28:20:[m[K [01;31m[Kerror: [m[Kbase operand of ‘[01m[K->[m[K’ is not a pointer
[5.591s]    28 |             writer_[01;31m[K->[m[Kwrite(msg, "position");
[5.591s]       |                    [01;31m[K^~[m[K
[5.600s] [01m[K/home/user/Eurobot-excel/src/csv_to_bag/src/csv_to_bag.cpp:28:28:[m[K [01;31m[Kerror: [m[K‘[01m[Kmsg[m[K’ was not declared in this scope
[5.601s]    28 |             writer_->write([01;31m[Kmsg[m[K, "position");
[5.601s]       |                            [01;31m[K^~~[m[K
[5.601s] [01m[K/home/user/Eurobot-excel/src/csv_to_bag/src/csv_to_bag.cpp:28:28:[m[K [01;36m[Knote: [m[Ksuggested alternatives:
[5.602s] In file included from [01m[K/opt/ros/humble/include/builtin_interfaces/builtin_interfaces/msg/duration.hpp:7[m[K,
[5.602s]                  from [01m[K/opt/ros/humble/include/rclcpp/rclcpp/duration.hpp:20[m[K,
[5.602s]                  from [01m[K/opt/ros/humble/include/rclcpp/rclcpp/qos.hpp:20[m[K,
[5.602s]                  from [01m[K/opt/ros/humble/include/rclcpp/rclcpp/node_interfaces/node_graph_interface.hpp:32[m[K,
[5.602s]                  from [01m[K/opt/ros/humble/include/rclcpp/rclcpp/client.hpp:42[m[K,
[5.602s]                  from [01m[K/opt/ros/humble/include/rclcpp/rclcpp/callback_group.hpp:24[m[K,
[5.602s]                  from [01m[K/opt/ros/humble/include/rclcpp/rclcpp/any_executable.hpp:20[m[K,
[5.602s]                  from [01m[K/opt/ros/humble/include/rclcpp/rclcpp/memory_strategy.hpp:25[m[K,
[5.602s]                  from [01m[K/opt/ros/humble/include/rclcpp/rclcpp/memory_strategies.hpp:18[m[K,
[5.603s]                  from [01m[K/opt/ros/humble/include/rclcpp/rclcpp/executor_options.hpp:20[m[K,
[5.603s]                  from [01m[K/opt/ros/humble/include/rclcpp/rclcpp/executor.hpp:37[m[K,
[5.603s]                  from [01m[K/opt/ros/humble/include/rclcpp/rclcpp/executors/multi_threaded_executor.hpp:25[m[K,
[5.603s]                  from [01m[K/opt/ros/humble/include/rclcpp/rclcpp/executors.hpp:21[m[K,
[5.603s]                  from [01m[K/opt/ros/humble/include/rclcpp/rclcpp/rclcpp.hpp:155[m[K,
[5.604s]                  from [01m[K/home/user/Eurobot-excel/src/csv_to_bag/src/csv_to_bag.cpp:1[m[K:
[5.604s] [01m[K/opt/ros/humble/include/builtin_interfaces/builtin_interfaces/msg/detail/duration__struct.hpp:27:11:[m[K [01;36m[Knote: [m[K  ‘[01m[Kbuiltin_interfaces::msg[m[K’
[5.604s]    27 | namespace [01;36m[Kmsg[m[K
[5.604s]       |           [01;36m[K^~~[m[K
[5.604s] In file included from [01m[K/opt/ros/humble/include/rcl_interfaces/rcl_interfaces/msg/set_parameters_result.hpp:7[m[K,
[5.604s]                  from [01m[K/opt/ros/humble/include/rclcpp/rclcpp/qos_overriding_options.hpp:28[m[K,
[5.604s]                  from [01m[K/opt/ros/humble/include/rclcpp/rclcpp/subscription_options.hpp:30[m[K,
[5.604s]                  from [01m[K/opt/ros/humble/include/rclcpp/rclcpp/subscription.hpp:45[m[K,
[5.605s]                  from [01m[K/opt/ros/humble/include/rclcpp/rclcpp/any_executable.hpp:25[m[K,
[5.605s]                  from [01m[K/opt/ros/humble/include/rclcpp/rclcpp/memory_strategy.hpp:25[m[K,
[5.605s]                  from [01m[K/opt/ros/humble/include/rclcpp/rclcpp/memory_strategies.hpp:18[m[K,
[5.609s]                  from [01m[K/opt/ros/humble/include/rclcpp/rclcpp/executor_options.hpp:20[m[K,
[5.609s]                  from [01m[K/opt/ros/humble/include/rclcpp/rclcpp/executor.hpp:37[m[K,
[5.609s]                  from [01m[K/opt/ros/humble/include/rclcpp/rclcpp/executors/multi_threaded_executor.hpp:25[m[K,
[5.609s]                  from [01m[K/opt/ros/humble/include/rclcpp/rclcpp/executors.hpp:21[m[K,
[5.609s]                  from [01m[K/opt/ros/humble/include/rclcpp/rclcpp/rclcpp.hpp:155[m[K,
[5.609s]                  from [01m[K/home/user/Eurobot-excel/src/csv_to_bag/src/csv_to_bag.cpp:1[m[K:
[5.609s] [01m[K/opt/ros/humble/include/rcl_interfaces/rcl_interfaces/msg/detail/set_parameters_result__struct.hpp:27:11:[m[K [01;36m[Knote: [m[K  ‘[01m[Krcl_interfaces::msg[m[K’
[5.611s]    27 | namespace [01;36m[Kmsg[m[K
[5.611s]       |           [01;36m[K^~~[m[K
[5.611s] In file included from [01m[K/opt/ros/humble/include/statistics_msgs/statistics_msgs/msg/detail/metrics_message__struct.hpp:23[m[K,
[5.611s]                  from [01m[K/opt/ros/humble/include/statistics_msgs/statistics_msgs/msg/metrics_message.hpp:7[m[K,
[5.611s]                  from [01m[K/opt/ros/humble/include/libstatistics_collector/libstatistics_collector/collector/generate_statistics_message.hpp:21[m[K,
[5.611s]                  from [01m[K/opt/ros/humble/include/rclcpp/rclcpp/topic_statistics/subscription_topic_statistics.hpp:23[m[K,
[5.611s]                  from [01m[K/opt/ros/humble/include/rclcpp/rclcpp/subscription.hpp:50[m[K,
[5.611s]                  from [01m[K/opt/ros/humble/include/rclcpp/rclcpp/any_executable.hpp:25[m[K,
[5.611s]                  from [01m[K/opt/ros/humble/include/rclcpp/rclcpp/memory_strategy.hpp:25[m[K,
[5.611s]                  from [01m[K/opt/ros/humble/include/rclcpp/rclcpp/memory_strategies.hpp:18[m[K,
[5.611s]                  from [01m[K/opt/ros/humble/include/rclcpp/rclcpp/executor_options.hpp:20[m[K,
[5.611s]                  from [01m[K/opt/ros/humble/include/rclcpp/rclcpp/executor.hpp:37[m[K,
[5.612s]                  from [01m[K/opt/ros/humble/include/rclcpp/rclcpp/executors/multi_threaded_executor.hpp:25[m[K,
[5.612s]                  from [01m[K/opt/ros/humble/include/rclcpp/rclcpp/executors.hpp:21[m[K,
[5.612s]                  from [01m[K/opt/ros/humble/include/rclcpp/rclcpp/rclcpp.hpp:155[m[K,
[5.612s]                  from [01m[K/home/user/Eurobot-excel/src/csv_to_bag/src/csv_to_bag.cpp:1[m[K:
[5.612s] [01m[K/opt/ros/humble/include/statistics_msgs/statistics_msgs/msg/detail/statistic_data_point__struct.hpp:27:11:[m[K [01;36m[Knote: [m[K  ‘[01m[Kstatistics_msgs::msg[m[K’
[5.612s]    27 | namespace [01;36m[Kmsg[m[K
[5.612s]       |           [01;36m[K^~~[m[K
[5.612s] In file included from [01m[K/opt/ros/humble/include/nav_msgs/nav_msgs/msg/detail/odometry__struct.hpp:20[m[K,
[5.612s]                  from [01m[K/opt/ros/humble/include/nav_msgs/nav_msgs/msg/odometry.hpp:7[m[K,
[5.612s]                  from [01m[K/home/user/Eurobot-excel/src/csv_to_bag/src/csv_to_bag.cpp:2[m[K:
[5.612s] [01m[K/opt/ros/humble/include/std_msgs/std_msgs/msg/detail/header__struct.hpp:31:11:[m[K [01;36m[Knote: [m[K  ‘[01m[Kstd_msgs::msg[m[K’
[5.612s]    31 | namespace [01;36m[Kmsg[m[K
[5.612s]       |           [01;36m[K^~~[m[K
[5.612s] In file included from [01m[K/opt/ros/humble/include/geometry_msgs/geometry_msgs/msg/detail/pose__struct.hpp:20[m[K,
[5.613s]                  from [01m[K/opt/ros/humble/include/geometry_msgs/geometry_msgs/msg/detail/pose_with_covariance__struct.hpp:20[m[K,
[5.613s]                  from [01m[K/opt/ros/humble/include/nav_msgs/nav_msgs/msg/detail/odometry__struct.hpp:22[m[K,
[5.613s]                  from [01m[K/opt/ros/humble/include/nav_msgs/nav_msgs/msg/odometry.hpp:7[m[K,
[5.613s]                  from [01m[K/home/user/Eurobot-excel/src/csv_to_bag/src/csv_to_bag.cpp:2[m[K:
[5.613s] [01m[K/opt/ros/humble/include/geometry_msgs/geometry_msgs/msg/detail/point__struct.hpp:27:11:[m[K [01;36m[Knote: [m[K  ‘[01m[Kgeometry_msgs::msg[m[K’
[5.613s]    27 | namespace [01;36m[Kmsg[m[K
[5.613s]       |           [01;36m[K^~~[m[K
[5.613s] In file included from [01m[K/opt/ros/humble/include/nav_msgs/nav_msgs/msg/odometry.hpp:7[m[K,
[5.613s]                  from [01m[K/home/user/Eurobot-excel/src/csv_to_bag/src/csv_to_bag.cpp:2[m[K:
[5.613s] [01m[K/opt/ros/humble/include/nav_msgs/nav_msgs/msg/detail/odometry__struct.hpp:35:11:[m[K [01;36m[Knote: [m[K  ‘[01m[Knav_msgs::msg[m[K’
[5.613s]    35 | namespace [01;36m[Kmsg[m[K
[5.613s]       |           [01;36m[K^~~[m[K
[6.390s] gmake[2]: *** [CMakeFiles/csv_to_bag.dir/build.make:76: CMakeFiles/csv_to_bag.dir/src/csv_to_bag.cpp.o] Error 1
[6.391s] gmake[1]: *** [CMakeFiles/Makefile2:137: CMakeFiles/csv_to_bag.dir/all] Error 2
[6.394s] gmake: *** [Makefile:146: all] Error 2
[6.406s] Invoked command in '/home/user/Eurobot-excel/build/csv_to_bag' returned '2': CMAKE_PREFIX_PATH=/opt/ros/humble /usr/bin/cmake --build /home/user/Eurobot-excel/build/csv_to_bag -- -j8 -l8
