[01m[K/home/user/Eurobot-excel/src/csv_to_bag/src/csv_to_bag.cpp:[m[K In member function ‘[01m[Kvoid CsvToBag::read_and_publish()[m[K’:
[01m[K/home/user/Eurobot-excel/src/csv_to_bag/src/csv_to_bag.cpp:30:61:[m[K [01;31m[Kerror: [m[K‘[01m[Kclass csv::CSVField[m[K’ has no member named ‘[01m[Kas_int[m[K’; did you mean ‘[01m[Kis_int[m[K’?
   30 |             rival_msgs_.header.stamp.sec = row["timestamp"].[01;31m[Kas_int[m[K();
      |                                                             [01;31m[K^~~~~~[m[K
      |                                                             [32m[Kis_int[m[K
[01m[K/home/user/Eurobot-excel/src/csv_to_bag/src/csv_to_bag.cpp:32:57:[m[K [01;31m[Kerror: [m[K‘[01m[Kclass csv::CSVField[m[K’ has no member named ‘[01m[Kas_double[m[K’
   32 |             rival_msgs_.pose.pose.position.x = row["x"].[01;31m[Kas_double[m[K();
      |                                                         [01;31m[K^~~~~~~~~[m[K
[01m[K/home/user/Eurobot-excel/src/csv_to_bag/src/csv_to_bag.cpp:33:57:[m[K [01;31m[Kerror: [m[K‘[01m[Kclass csv::CSVField[m[K’ has no member named ‘[01m[Kas_double[m[K’
   33 |             rival_msgs_.pose.pose.position.y = row["y"].[01;31m[Kas_double[m[K();
      |                                                         [01;31m[K^~~~~~~~~[m[K
[01m[K/home/user/Eurobot-excel/src/csv_to_bag/src/csv_to_bag.cpp:34:57:[m[K [01;31m[Kerror: [m[K‘[01m[Kclass csv::CSVField[m[K’ has no member named ‘[01m[Kas_double[m[K’
   34 |             rival_msgs_.pose.pose.position.z = row["z"].[01;31m[Kas_double[m[K();
      |                                                         [01;31m[K^~~~~~~~~[m[K
[01m[K/home/user/Eurobot-excel/src/csv_to_bag/src/csv_to_bag.cpp:37:27:[m[K [01;31m[Kerror: [m[Kno matching function for call to ‘[01m[Krosbag2_cpp::Writer::write(nav_msgs::msg::Odometry&, const char [12])[m[K’
   37 |             [01;31m[Kwriter_->write(rival_msgs_, "/rival/pose")[m[K;
      |             [01;31m[K~~~~~~~~~~~~~~^~~~~~~~~~~~~~~~~~~~~~~~~~~~[m[K
In file included from [01m[K/home/user/Eurobot-excel/src/csv_to_bag/src/csv_to_bag.cpp:3[m[K:
[01m[K/opt/ros/humble/include/rosbag2_cpp/rosbag2_cpp/writer.hpp:191:8:[m[K [01;36m[Knote: [m[Kcandidate: ‘[01m[Ktemplate<class MessageT> void rosbag2_cpp::Writer::write(const MessageT&, const string&, const rclcpp::Time&)[m[K’
  191 |   void [01;36m[Kwrite[m[K(
      |        [01;36m[K^~~~~[m[K
[01m[K/opt/ros/humble/include/rosbag2_cpp/rosbag2_cpp/writer.hpp:191:8:[m[K [01;36m[Knote: [m[K  template argument deduction/substitution failed:
[01m[K/home/user/Eurobot-excel/src/csv_to_bag/src/csv_to_bag.cpp:37:27:[m[K [01;36m[Knote: [m[K  candidate expects 3 arguments, 2 provided
   37 |             [01;36m[Kwriter_->write(rival_msgs_, "/rival/pose")[m[K;
      |             [01;36m[K~~~~~~~~~~~~~~^~~~~~~~~~~~~~~~~~~~~~~~~~~~[m[K
In file included from [01m[K/home/user/Eurobot-excel/src/csv_to_bag/src/csv_to_bag.cpp:3[m[K:
[01m[K/opt/ros/humble/include/rosbag2_cpp/rosbag2_cpp/writer.hpp:122:8:[m[K [01;36m[Knote: [m[Kcandidate: ‘[01m[Kvoid rosbag2_cpp::Writer::write(std::shared_ptr<rosbag2_storage::SerializedBagMessage>)[m[K’
  122 |   void [01;36m[Kwrite[m[K(std::shared_ptr<rosbag2_storage::SerializedBagMessage> message);
      |        [01;36m[K^~~~~[m[K
[01m[K/opt/ros/humble/include/rosbag2_cpp/rosbag2_cpp/writer.hpp:122:8:[m[K [01;36m[Knote: [m[K  candidate expects 1 argument, 2 provided
[01m[K/opt/ros/humble/include/rosbag2_cpp/rosbag2_cpp/writer.hpp:134:8:[m[K [01;36m[Knote: [m[Kcandidate: ‘[01m[Kvoid rosbag2_cpp::Writer::write(std::shared_ptr<rosbag2_storage::SerializedBagMessage>, const string&, const string&, const string&)[m[K’
  134 |   void [01;36m[Kwrite[m[K(
      |        [01;36m[K^~~~~[m[K
[01m[K/opt/ros/humble/include/rosbag2_cpp/rosbag2_cpp/writer.hpp:134:8:[m[K [01;36m[Knote: [m[K  candidate expects 4 arguments, 2 provided
[01m[K/opt/ros/humble/include/rosbag2_cpp/rosbag2_cpp/writer.hpp:156:8:[m[K [01;36m[Knote: [m[Kcandidate: ‘[01m[Kvoid rosbag2_cpp::Writer::write(const rclcpp::SerializedMessage&, const string&, const string&, const rclcpp::Time&)[m[K’
  156 |   void [01;36m[Kwrite[m[K(
      |        [01;36m[K^~~~~[m[K
[01m[K/opt/ros/humble/include/rosbag2_cpp/rosbag2_cpp/writer.hpp:156:8:[m[K [01;36m[Knote: [m[K  candidate expects 4 arguments, 2 provided
[01m[K/opt/ros/humble/include/rosbag2_cpp/rosbag2_cpp/writer.hpp:174:8:[m[K [01;36m[Knote: [m[Kcandidate: ‘[01m[Kvoid rosbag2_cpp::Writer::write(std::shared_ptr<rclcpp::SerializedMessage>, const string&, const string&, const rclcpp::Time&)[m[K’
  174 |   void [01;36m[Kwrite[m[K(
      |        [01;36m[K^~~~~[m[K
[01m[K/opt/ros/humble/include/rosbag2_cpp/rosbag2_cpp/writer.hpp:174:8:[m[K [01;36m[Knote: [m[K  candidate expects 4 arguments, 2 provided
gmake[2]: *** [CMakeFiles/csv_to_bag.dir/build.make:76: CMakeFiles/csv_to_bag.dir/src/csv_to_bag.cpp.o] Error 1
gmake[1]: *** [CMakeFiles/Makefile2:137: CMakeFiles/csv_to_bag.dir/all] Error 2
gmake: *** [Makefile:146: all] Error 2
