[0.020s] Invoking command in '/home/user/Eurobot-excel/build/csv_to_bag': CMAKE_PREFIX_PATH=${CMAKE_PREFIX_PATH}:/opt/ros/humble /usr/bin/cmake --build /home/user/Eurobot-excel/build/csv_to_bag -- -j8 -l8
[0.069s] [35m[1mConsolidate compiler generated dependencies of target csv_to_bag[0m
[0.093s] [ 50%] [32mBuilding CXX object CMakeFiles/csv_to_bag.dir/src/csv_to_bag.cpp.o[0m
[3.383s] [01m[K/home/user/Eurobot-excel/src/csv_to_bag/src/csv_to_bag.cpp:[m[K In member function ‘[01m[Kvoid CsvToBag::read_and_publish()[m[K’:
[3.383s] [01m[K/home/user/Eurobot-excel/src/csv_to_bag/src/csv_to_bag.cpp:93:27:[m[K [01;35m[Kwarning: [m[K‘[01m[Kvoid rosbag2_cpp::Writer::write(const rclcpp::SerializedMessage&, const string&, const string&, const rclcpp::Time&)[m[K’ is deprecated: Use write(std::shared_ptr<rclcpp::SerializedMessage> message, const std::string & topic_name, const std::string & type_name, const rclcpp::Time & time) instead. [[01;35m[K]8;;https://gcc.gnu.org/onlinedocs/gcc/Warning-Options.html#index-Wdeprecated-declarations-Wdeprecated-declarations]8;;[m[K]
[3.383s]    93 |             [01;35m[Kwriter_->write(serialized_msg, "/rival/pose", "nav_msgs/msg/Odometry", ros_time)[m[K;
[3.383s]       |             [01;35m[K~~~~~~~~~~~~~~^~~~~~~~~~~~~~~~~~~~~~~~~~~~~~~~~~~~~~~~~~~~~~~~~~~~~~~~~~~~~~~~~~[m[K
[3.383s] In file included from [01m[K/home/user/Eurobot-excel/src/csv_to_bag/src/csv_to_bag.cpp:3[m[K:
[3.383s] [01m[K/opt/ros/humble/include/rosbag2_cpp/rosbag2_cpp/writer.hpp:156:8:[m[K [01;36m[Knote: [m[Kdeclared here
[3.383s]   156 |   void [01;36m[Kwrite[m[K(
[3.383s]       |        [01;36m[K^~~~~[m[K
[5.958s] [100%] [32m[1mLinking CXX executable csv_to_bag[0m
[6.184s] [100%] Built target csv_to_bag
[6.194s] Invoked command in '/home/user/Eurobot-excel/build/csv_to_bag' returned '0': CMAKE_PREFIX_PATH=${CMAKE_PREFIX_PATH}:/opt/ros/humble /usr/bin/cmake --build /home/user/Eurobot-excel/build/csv_to_bag -- -j8 -l8
[6.202s] Invoking command in '/home/user/Eurobot-excel/build/csv_to_bag': CMAKE_PREFIX_PATH=${CMAKE_PREFIX_PATH}:/opt/ros/humble /usr/bin/cmake --install /home/user/Eurobot-excel/build/csv_to_bag
[6.209s] -- Install configuration: ""
[6.209s] -- Installing: /home/user/Eurobot-excel/install/csv_to_bag/lib/csv_to_bag/csv_to_bag
[6.210s] -- Set runtime path of "/home/user/Eurobot-excel/install/csv_to_bag/lib/csv_to_bag/csv_to_bag" to ""
[6.210s] -- Up-to-date: /home/user/Eurobot-excel/install/csv_to_bag/share/ament_index/resource_index/package_run_dependencies/csv_to_bag
[6.210s] -- Up-to-date: /home/user/Eurobot-excel/install/csv_to_bag/share/ament_index/resource_index/parent_prefix_path/csv_to_bag
[6.210s] -- Up-to-date: /home/user/Eurobot-excel/install/csv_to_bag/share/csv_to_bag/environment/ament_prefix_path.sh
[6.210s] -- Up-to-date: /home/user/Eurobot-excel/install/csv_to_bag/share/csv_to_bag/environment/ament_prefix_path.dsv
[6.211s] -- Up-to-date: /home/user/Eurobot-excel/install/csv_to_bag/share/csv_to_bag/environment/path.sh
[6.211s] -- Up-to-date: /home/user/Eurobot-excel/install/csv_to_bag/share/csv_to_bag/environment/path.dsv
[6.211s] -- Up-to-date: /home/user/Eurobot-excel/install/csv_to_bag/share/csv_to_bag/local_setup.bash
[6.211s] -- Up-to-date: /home/user/Eurobot-excel/install/csv_to_bag/share/csv_to_bag/local_setup.sh
[6.211s] -- Up-to-date: /home/user/Eurobot-excel/install/csv_to_bag/share/csv_to_bag/local_setup.zsh
[6.211s] -- Up-to-date: /home/user/Eurobot-excel/install/csv_to_bag/share/csv_to_bag/local_setup.dsv
[6.211s] -- Installing: /home/user/Eurobot-excel/install/csv_to_bag/share/csv_to_bag/package.dsv
[6.211s] -- Up-to-date: /home/user/Eurobot-excel/install/csv_to_bag/share/ament_index/resource_index/packages/csv_to_bag
[6.211s] -- Up-to-date: /home/user/Eurobot-excel/install/csv_to_bag/share/csv_to_bag/cmake/csv_to_bagConfig.cmake
[6.211s] -- Up-to-date: /home/user/Eurobot-excel/install/csv_to_bag/share/csv_to_bag/cmake/csv_to_bagConfig-version.cmake
[6.211s] -- Up-to-date: /home/user/Eurobot-excel/install/csv_to_bag/share/csv_to_bag/package.xml
[6.213s] Invoked command in '/home/user/Eurobot-excel/build/csv_to_bag' returned '0': CMAKE_PREFIX_PATH=${CMAKE_PREFIX_PATH}:/opt/ros/humble /usr/bin/cmake --install /home/user/Eurobot-excel/build/csv_to_bag
