[35m[1mConsolidate compiler generated dependencies of target single_include_test[0m
[35m[1mConsolidate compiler generated dependencies of target csv[0m
[  2%] Built target single_include_test
[  9%] Built target csv
[35m[1mConsolidate compiler generated dependencies of target Catch2[0m
[35m[1mConsolidate compiler generated dependencies of target csv_info[0m
[35m[1mConsolidate compiler generated dependencies of target csv_guess_bench[0m
[35m[1mConsolidate compiler generated dependencies of target csv_stats[0m
[35m[1mConsolidate compiler generated dependencies of target data_type_bench[0m
[35m[1mConsolidate compiler generated dependencies of target csv_generator[0m
[35m[1mConsolidate compiler generated dependencies of target csv_bench[0m
[ 10%] Built target csv_info
[ 12%] Built target csv_stats
[ 14%] Built target csv_generator
[ 15%] Built target csv_guess_bench
[ 16%] Built target csv_bench
[ 18%] Built target data_type_bench
[ 19%] [32mBuilding CXX object _deps/catch2-build/src/CMakeFiles/Catch2.dir/catch2/matchers/catch_matchers_string.cpp.o[0m
[ 20%] [32m[1mLinking CXX static library libCatch2.a[0m
[ 89%] Built target Catch2
[ 90%] [32mBuilding CXX object _deps/catch2-build/src/CMakeFiles/Catch2WithMain.dir/catch2/internal/catch_main.cpp.o[0m
[ 90%] [32m[1mLinking CXX static library libCatch2Main.a[0m
[ 90%] Built target Catch2WithMain
[ 91%] [32mBuilding CXX object tests/CMakeFiles/csv_test.dir/test_csv_field.cpp.o[0m
[ 91%] [32mBuilding CXX object tests/CMakeFiles/csv_test.dir/main.cpp.o[0m
[ 92%] [32mBuilding CXX object tests/CMakeFiles/csv_test.dir/test_csv_field_array.cpp.o[0m
[ 92%] [32mBuilding CXX object tests/CMakeFiles/csv_test.dir/test_csv_format.cpp.o[0m
[ 94%] [32mBuilding CXX object tests/CMakeFiles/csv_test.dir/test_csv_row_json.cpp.o[0m
[ 94%] [32mBuilding CXX object tests/CMakeFiles/csv_test.dir/test_csv_row.cpp.o[0m
[ 93%] [32mBuilding CXX object tests/CMakeFiles/csv_test.dir/test_csv_iterator.cpp.o[0m
[ 95%] [32mBuilding CXX object tests/CMakeFiles/csv_test.dir/test_csv_stat.cpp.o[0m
[ 96%] [32mBuilding CXX object tests/CMakeFiles/csv_test.dir/test_guess_csv.cpp.o[0m
[ 96%] [32mBuilding CXX object tests/CMakeFiles/csv_test.dir/test_read_csv.cpp.o[0m
[ 97%] [32mBuilding CXX object tests/CMakeFiles/csv_test.dir/test_read_csv_file.cpp.o[0m
[ 98%] [32mBuilding CXX object tests/CMakeFiles/csv_test.dir/test_write_csv.cpp.o[0m
[ 99%] [32mBuilding CXX object tests/CMakeFiles/csv_test.dir/test_raw_csv_data.cpp.o[0m
[ 99%] [32mBuilding CXX object tests/CMakeFiles/csv_test.dir/test_data_type.cpp.o[0m
[100%] [32mBuilding CXX object tests/CMakeFiles/csv_test.dir/test_round_trip.cpp.o[0m
[100%] [32m[1mLinking CXX executable csv_test[0m
[100%] Built target csv_test
