[ 50%] [32mBuilding CXX object CMakeFiles/csv_to_bag.dir/src/csv_to_bag.cpp.o[0m
[100%] [32m[1mLinking CXX executable csv_to_bag[0m
[100%] Built target csv_to_bag
-- Install configuration: ""
-- Installing: /home/user/Eurobot-excel/install/csv_to_bag/lib/csv_to_bag/csv_to_bag
-- Set runtime path of "/home/user/Eurobot-excel/install/csv_to_bag/lib/csv_to_bag/csv_to_bag" to ""
-- Up-to-date: /home/user/Eurobot-excel/install/csv_to_bag/share/ament_index/resource_index/package_run_dependencies/csv_to_bag
-- Up-to-date: /home/user/Eurobot-excel/install/csv_to_bag/share/ament_index/resource_index/parent_prefix_path/csv_to_bag
-- Up-to-date: /home/user/Eurobot-excel/install/csv_to_bag/share/csv_to_bag/environment/ament_prefix_path.sh
-- Up-to-date: /home/user/Eurobot-excel/install/csv_to_bag/share/csv_to_bag/environment/ament_prefix_path.dsv
-- Up-to-date: /home/user/Eurobot-excel/install/csv_to_bag/share/csv_to_bag/environment/path.sh
-- Up-to-date: /home/user/Eurobot-excel/install/csv_to_bag/share/csv_to_bag/environment/path.dsv
-- Up-to-date: /home/user/Eurobot-excel/install/csv_to_bag/share/csv_to_bag/local_setup.bash
-- Up-to-date: /home/user/Eurobot-excel/install/csv_to_bag/share/csv_to_bag/local_setup.sh
-- Up-to-date: /home/user/Eurobot-excel/install/csv_to_bag/share/csv_to_bag/local_setup.zsh
-- Up-to-date: /home/user/Eurobot-excel/install/csv_to_bag/share/csv_to_bag/local_setup.dsv
-- Installing: /home/user/Eurobot-excel/install/csv_to_bag/share/csv_to_bag/package.dsv
-- Up-to-date: /home/user/Eurobot-excel/install/csv_to_bag/share/ament_index/resource_index/packages/csv_to_bag
-- Up-to-date: /home/user/Eurobot-excel/install/csv_to_bag/share/csv_to_bag/cmake/csv_to_bagConfig.cmake
-- Up-to-date: /home/user/Eurobot-excel/install/csv_to_bag/share/csv_to_bag/cmake/csv_to_bagConfig-version.cmake
-- Up-to-date: /home/user/Eurobot-excel/install/csv_to_bag/share/csv_to_bag/package.xml
