-- The C compiler identification is GNU 11.4.0
-- The CXX compiler identification is GNU 11.4.0
-- Detecting C compiler ABI info
-- Detecting C compiler ABI info - done
-- Check for working C compiler: /usr/bin/cc - skipped
-- Detecting C compile features
-- Detecting C compile features - done
-- Detecting CXX compiler ABI info
-- Detecting CXX compiler ABI info - done
-- Check for working CXX compiler: /usr/bin/c++ - skipped
-- Detecting CXX compile features
-- Detecting CXX compile features - done
-- Performing Test haveCharconv
-- Performing Test haveCharconv - Success
-- Found Python3: /usr/bin/python3.10 (found version "3.10.12") found components: Interpreter 
-- Performing Test HAVE_FLAG__ffile_prefix_map__home_user_Eurobot_excel_build_csv__deps_catch2_src__
-- Performing Test HAVE_FLAG__ffile_prefix_map__home_user_Eurobot_excel_build_csv__deps_catch2_src__ - Success
-- Configuring done
-- Generating done
-- Build files have been written to: /home/user/Eurobot-excel/build/csv
