[0.012s] Invoking command in '/home/user/Eurobot-excel/build/csv': /usr/bin/cmake /home/user/Eurobot-excel/src/csv-parser -DCMAKE_INSTALL_PREFIX=/home/user/Eurobot-excel/install/csv
[0.120s] -- The C compiler identification is GNU 11.4.0
[0.205s] -- The CXX compiler identification is GNU 11.4.0
[0.216s] -- Detecting C compiler ABI info
[0.278s] -- Detecting C compiler ABI info - done
[0.284s] -- Check for working C compiler: /usr/bin/cc - skipped
[0.284s] -- Detecting C compile features
[0.285s] -- Detecting C compile features - done
[0.288s] -- Detecting CXX compiler ABI info
[0.365s] -- Detecting CXX compiler ABI info - done
[0.374s] -- Check for working CXX compiler: /usr/bin/c++ - skipped
[0.374s] -- Detecting CXX compile features
[0.374s] -- Detecting CXX compile features - done
[0.375s] [0mBuilding CSV library using C++17[0m
[0.530s] -- Performing Test haveCharconv
[0.638s] -- Performing Test haveCharconv - Success
[0.788s] -- Found Python3: /usr/bin/python3.10 (found version "3.10.12") found components: Interpreter 
[0.791s] [33mCMake Warning at CMakeLists.txt:104 (message):
[0.791s]   Doxygen not found, skipping target 'doxygen'.
[0.791s] 
[0.791s] [0m
[15.240s] -- Performing Test HAVE_FLAG__ffile_prefix_map__home_user_Eurobot_excel_build_csv__deps_catch2_src__
[15.315s] -- Performing Test HAVE_FLAG__ffile_prefix_map__home_user_Eurobot_excel_build_csv__deps_catch2_src__ - Success
[15.316s] -- Configuring done
[15.348s] -- Generating done
[15.356s] -- Build files have been written to: /home/user/Eurobot-excel/build/csv
