[0.081s] DEBUG:colcon:Command line arguments: ['/usr/bin/colcon', 'build']
[0.081s] DEBUG:colcon:Parsed command line arguments: Namespace(log_base=None, log_level=None, verb_name='build', build_base='build', install_base='install', merge_install=False, symlink_install=False, test_result_base=None, continue_on_error=False, executor='parallel', parallel_workers=8, event_handlers=None, ignore_user_meta=False, metas=['./colcon.meta'], base_paths=['.'], packages_ignore=None, packages_ignore_regex=None, paths=None, packages_up_to=None, packages_up_to_regex=None, packages_above=None, packages_above_and_dependencies=None, packages_above_depth=None, packages_select_by_dep=None, packages_skip_by_dep=None, packages_skip_up_to=None, packages_select_build_failed=False, packages_skip_build_finished=False, packages_select_test_failures=False, packages_skip_test_passed=False, packages_select=None, packages_skip=None, packages_select_regex=None, packages_skip_regex=None, packages_start=None, packages_end=None, cmake_args=None, cmake_target=None, cmake_target_skip_unavailable=False, cmake_clean_cache=False, cmake_clean_first=False, cmake_force_configure=False, ament_cmake_args=None, catkin_cmake_args=None, catkin_skip_building_tests=False, mixin_files=None, mixin=None, verb_parser=<colcon_mixin.mixin.mixin_argument.MixinArgumentDecorator object at 0x71a97e0dec50>, verb_extension=<colcon_core.verb.build.BuildVerb object at 0x71a97e0de650>, main=<bound method BuildVerb.main of <colcon_core.verb.build.BuildVerb object at 0x71a97e0de650>>, mixin_verb=('build',))
[0.174s] Level 1:colcon.colcon_core.package_discovery:discover_packages(colcon_meta) check parameters
[0.174s] Level 1:colcon.colcon_core.package_discovery:discover_packages(recursive) check parameters
[0.174s] Level 1:colcon.colcon_core.package_discovery:discover_packages(ignore) check parameters
[0.174s] Level 1:colcon.colcon_core.package_discovery:discover_packages(path) check parameters
[0.174s] Level 1:colcon.colcon_core.package_discovery:discover_packages(colcon_meta) discover
[0.174s] Level 1:colcon.colcon_core.package_discovery:discover_packages(recursive) discover
[0.174s] INFO:colcon.colcon_core.package_discovery:Crawling recursively for packages in '/home/user/Eurobot-excel'
[0.174s] Level 1:colcon.colcon_core.package_identification:_identify(.) by extensions ['ignore', 'ignore_ament_install']
[0.175s] Level 1:colcon.colcon_core.package_identification:_identify(.) by extension 'ignore'
[0.175s] Level 1:colcon.colcon_core.package_identification:_identify(.) by extension 'ignore_ament_install'
[0.175s] Level 1:colcon.colcon_core.package_identification:_identify(.) by extensions ['colcon_pkg']
[0.175s] Level 1:colcon.colcon_core.package_identification:_identify(.) by extension 'colcon_pkg'
[0.175s] Level 1:colcon.colcon_core.package_identification:_identify(.) by extensions ['colcon_meta']
[0.175s] Level 1:colcon.colcon_core.package_identification:_identify(.) by extension 'colcon_meta'
[0.175s] Level 1:colcon.colcon_core.package_identification:_identify(.) by extensions ['ros']
[0.175s] Level 1:colcon.colcon_core.package_identification:_identify(.) by extension 'ros'
[0.183s] Level 1:colcon.colcon_core.package_identification:_identify(.) by extensions ['cmake', 'python']
[0.183s] Level 1:colcon.colcon_core.package_identification:_identify(.) by extension 'cmake'
[0.183s] Level 1:colcon.colcon_core.package_identification:_identify(.) by extension 'python'
[0.183s] Level 1:colcon.colcon_core.package_identification:_identify(.) by extensions ['python_setup_py']
[0.183s] Level 1:colcon.colcon_core.package_identification:_identify(.) by extension 'python_setup_py'
[0.183s] Level 1:colcon.colcon_core.package_identification:_identify(build) by extensions ['ignore', 'ignore_ament_install']
[0.183s] Level 1:colcon.colcon_core.package_identification:_identify(build) by extension 'ignore'
[0.183s] Level 1:colcon.colcon_core.package_identification:_identify(build) ignored
[0.183s] Level 1:colcon.colcon_core.package_identification:_identify(docker) by extensions ['ignore', 'ignore_ament_install']
[0.183s] Level 1:colcon.colcon_core.package_identification:_identify(docker) by extension 'ignore'
[0.183s] Level 1:colcon.colcon_core.package_identification:_identify(docker) by extension 'ignore_ament_install'
[0.184s] Level 1:colcon.colcon_core.package_identification:_identify(docker) by extensions ['colcon_pkg']
[0.184s] Level 1:colcon.colcon_core.package_identification:_identify(docker) by extension 'colcon_pkg'
[0.184s] Level 1:colcon.colcon_core.package_identification:_identify(docker) by extensions ['colcon_meta']
[0.184s] Level 1:colcon.colcon_core.package_identification:_identify(docker) by extension 'colcon_meta'
[0.184s] Level 1:colcon.colcon_core.package_identification:_identify(docker) by extensions ['ros']
[0.184s] Level 1:colcon.colcon_core.package_identification:_identify(docker) by extension 'ros'
[0.184s] Level 1:colcon.colcon_core.package_identification:_identify(docker) by extensions ['cmake', 'python']
[0.184s] Level 1:colcon.colcon_core.package_identification:_identify(docker) by extension 'cmake'
[0.184s] Level 1:colcon.colcon_core.package_identification:_identify(docker) by extension 'python'
[0.184s] Level 1:colcon.colcon_core.package_identification:_identify(docker) by extensions ['python_setup_py']
[0.184s] Level 1:colcon.colcon_core.package_identification:_identify(docker) by extension 'python_setup_py'
[0.184s] Level 1:colcon.colcon_core.package_identification:_identify(install) by extensions ['ignore', 'ignore_ament_install']
[0.184s] Level 1:colcon.colcon_core.package_identification:_identify(install) by extension 'ignore'
[0.184s] Level 1:colcon.colcon_core.package_identification:_identify(install) ignored
[0.184s] Level 1:colcon.colcon_core.package_identification:_identify(log) by extensions ['ignore', 'ignore_ament_install']
[0.184s] Level 1:colcon.colcon_core.package_identification:_identify(log) by extension 'ignore'
[0.184s] Level 1:colcon.colcon_core.package_identification:_identify(log) ignored
[0.184s] Level 1:colcon.colcon_core.package_identification:_identify(src) by extensions ['ignore', 'ignore_ament_install']
[0.184s] Level 1:colcon.colcon_core.package_identification:_identify(src) by extension 'ignore'
[0.184s] Level 1:colcon.colcon_core.package_identification:_identify(src) by extension 'ignore_ament_install'
[0.184s] Level 1:colcon.colcon_core.package_identification:_identify(src) by extensions ['colcon_pkg']
[0.184s] Level 1:colcon.colcon_core.package_identification:_identify(src) by extension 'colcon_pkg'
[0.184s] Level 1:colcon.colcon_core.package_identification:_identify(src) by extensions ['colcon_meta']
[0.184s] Level 1:colcon.colcon_core.package_identification:_identify(src) by extension 'colcon_meta'
[0.184s] Level 1:colcon.colcon_core.package_identification:_identify(src) by extensions ['ros']
[0.184s] Level 1:colcon.colcon_core.package_identification:_identify(src) by extension 'ros'
[0.184s] Level 1:colcon.colcon_core.package_identification:_identify(src) by extensions ['cmake', 'python']
[0.184s] Level 1:colcon.colcon_core.package_identification:_identify(src) by extension 'cmake'
[0.185s] Level 1:colcon.colcon_core.package_identification:_identify(src) by extension 'python'
[0.185s] Level 1:colcon.colcon_core.package_identification:_identify(src) by extensions ['python_setup_py']
[0.185s] Level 1:colcon.colcon_core.package_identification:_identify(src) by extension 'python_setup_py'
[0.185s] Level 1:colcon.colcon_core.package_identification:_identify(src/csv-parser) by extensions ['ignore', 'ignore_ament_install']
[0.185s] Level 1:colcon.colcon_core.package_identification:_identify(src/csv-parser) by extension 'ignore'
[0.185s] Level 1:colcon.colcon_core.package_identification:_identify(src/csv-parser) by extension 'ignore_ament_install'
[0.185s] Level 1:colcon.colcon_core.package_identification:_identify(src/csv-parser) by extensions ['colcon_pkg']
[0.185s] Level 1:colcon.colcon_core.package_identification:_identify(src/csv-parser) by extension 'colcon_pkg'
[0.185s] Level 1:colcon.colcon_core.package_identification:_identify(src/csv-parser) by extensions ['colcon_meta']
[0.185s] Level 1:colcon.colcon_core.package_identification:_identify(src/csv-parser) by extension 'colcon_meta'
[0.185s] Level 1:colcon.colcon_core.package_identification:_identify(src/csv-parser) by extensions ['ros']
[0.185s] Level 1:colcon.colcon_core.package_identification:_identify(src/csv-parser) by extension 'ros'
[0.185s] Level 1:colcon.colcon_core.package_identification:_identify(src/csv-parser) by extensions ['cmake', 'python']
[0.185s] Level 1:colcon.colcon_core.package_identification:_identify(src/csv-parser) by extension 'cmake'
[0.188s] Level 1:colcon.colcon_core.package_identification:_identify(src/csv-parser) by extension 'python'
[0.188s] DEBUG:colcon.colcon_core.package_identification:Package 'src/csv-parser' with type 'cmake' and name 'csv'
[0.188s] Level 1:colcon.colcon_core.package_identification:_identify(src/csv_to_bag) by extensions ['ignore', 'ignore_ament_install']
[0.189s] Level 1:colcon.colcon_core.package_identification:_identify(src/csv_to_bag) by extension 'ignore'
[0.189s] Level 1:colcon.colcon_core.package_identification:_identify(src/csv_to_bag) by extension 'ignore_ament_install'
[0.189s] Level 1:colcon.colcon_core.package_identification:_identify(src/csv_to_bag) by extensions ['colcon_pkg']
[0.189s] Level 1:colcon.colcon_core.package_identification:_identify(src/csv_to_bag) by extension 'colcon_pkg'
[0.189s] Level 1:colcon.colcon_core.package_identification:_identify(src/csv_to_bag) by extensions ['colcon_meta']
[0.189s] Level 1:colcon.colcon_core.package_identification:_identify(src/csv_to_bag) by extension 'colcon_meta'
[0.189s] Level 1:colcon.colcon_core.package_identification:_identify(src/csv_to_bag) by extensions ['ros']
[0.189s] Level 1:colcon.colcon_core.package_identification:_identify(src/csv_to_bag) by extension 'ros'
[0.191s] DEBUG:colcon.colcon_core.package_identification:Package 'src/csv_to_bag' with type 'ros.ament_cmake' and name 'csv_to_bag'
[0.191s] Level 1:colcon.colcon_core.package_identification:_identify(~) by extensions ['ignore', 'ignore_ament_install']
[0.191s] Level 1:colcon.colcon_core.package_identification:_identify(~) by extension 'ignore'
[0.191s] Level 1:colcon.colcon_core.package_identification:_identify(~) by extension 'ignore_ament_install'
[0.191s] Level 1:colcon.colcon_core.package_identification:_identify(~) by extensions ['colcon_pkg']
[0.191s] Level 1:colcon.colcon_core.package_identification:_identify(~) by extension 'colcon_pkg'
[0.191s] Level 1:colcon.colcon_core.package_identification:_identify(~) by extensions ['colcon_meta']
[0.191s] Level 1:colcon.colcon_core.package_identification:_identify(~) by extension 'colcon_meta'
[0.191s] Level 1:colcon.colcon_core.package_identification:_identify(~) by extensions ['ros']
[0.191s] Level 1:colcon.colcon_core.package_identification:_identify(~) by extension 'ros'
[0.191s] Level 1:colcon.colcon_core.package_identification:_identify(~) by extensions ['cmake', 'python']
[0.191s] Level 1:colcon.colcon_core.package_identification:_identify(~) by extension 'cmake'
[0.191s] Level 1:colcon.colcon_core.package_identification:_identify(~) by extension 'python'
[0.191s] Level 1:colcon.colcon_core.package_identification:_identify(~) by extensions ['python_setup_py']
[0.191s] Level 1:colcon.colcon_core.package_identification:_identify(~) by extension 'python_setup_py'
[0.191s] Level 1:colcon.colcon_core.package_identification:_identify(~/Eurobot-excel) by extensions ['ignore', 'ignore_ament_install']
[0.191s] Level 1:colcon.colcon_core.package_identification:_identify(~/Eurobot-excel) by extension 'ignore'
[0.191s] Level 1:colcon.colcon_core.package_identification:_identify(~/Eurobot-excel) by extension 'ignore_ament_install'
[0.191s] Level 1:colcon.colcon_core.package_identification:_identify(~/Eurobot-excel) by extensions ['colcon_pkg']
[0.192s] Level 1:colcon.colcon_core.package_identification:_identify(~/Eurobot-excel) by extension 'colcon_pkg'
[0.192s] Level 1:colcon.colcon_core.package_identification:_identify(~/Eurobot-excel) by extensions ['colcon_meta']
[0.192s] Level 1:colcon.colcon_core.package_identification:_identify(~/Eurobot-excel) by extension 'colcon_meta'
[0.192s] Level 1:colcon.colcon_core.package_identification:_identify(~/Eurobot-excel) by extensions ['ros']
[0.192s] Level 1:colcon.colcon_core.package_identification:_identify(~/Eurobot-excel) by extension 'ros'
[0.192s] Level 1:colcon.colcon_core.package_identification:_identify(~/Eurobot-excel) by extensions ['cmake', 'python']
[0.192s] Level 1:colcon.colcon_core.package_identification:_identify(~/Eurobot-excel) by extension 'cmake'
[0.192s] Level 1:colcon.colcon_core.package_identification:_identify(~/Eurobot-excel) by extension 'python'
[0.192s] Level 1:colcon.colcon_core.package_identification:_identify(~/Eurobot-excel) by extensions ['python_setup_py']
[0.192s] Level 1:colcon.colcon_core.package_identification:_identify(~/Eurobot-excel) by extension 'python_setup_py'
[0.192s] Level 1:colcon.colcon_core.package_identification:_identify(~/Eurobot-excel/src) by extensions ['ignore', 'ignore_ament_install']
[0.192s] Level 1:colcon.colcon_core.package_identification:_identify(~/Eurobot-excel/src) by extension 'ignore'
[0.192s] Level 1:colcon.colcon_core.package_identification:_identify(~/Eurobot-excel/src) by extension 'ignore_ament_install'
[0.192s] Level 1:colcon.colcon_core.package_identification:_identify(~/Eurobot-excel/src) by extensions ['colcon_pkg']
[0.192s] Level 1:colcon.colcon_core.package_identification:_identify(~/Eurobot-excel/src) by extension 'colcon_pkg'
[0.192s] Level 1:colcon.colcon_core.package_identification:_identify(~/Eurobot-excel/src) by extensions ['colcon_meta']
[0.192s] Level 1:colcon.colcon_core.package_identification:_identify(~/Eurobot-excel/src) by extension 'colcon_meta'
[0.192s] Level 1:colcon.colcon_core.package_identification:_identify(~/Eurobot-excel/src) by extensions ['ros']
[0.192s] Level 1:colcon.colcon_core.package_identification:_identify(~/Eurobot-excel/src) by extension 'ros'
[0.192s] Level 1:colcon.colcon_core.package_identification:_identify(~/Eurobot-excel/src) by extensions ['cmake', 'python']
[0.192s] Level 1:colcon.colcon_core.package_identification:_identify(~/Eurobot-excel/src) by extension 'cmake'
[0.192s] Level 1:colcon.colcon_core.package_identification:_identify(~/Eurobot-excel/src) by extension 'python'
[0.192s] Level 1:colcon.colcon_core.package_identification:_identify(~/Eurobot-excel/src) by extensions ['python_setup_py']
[0.192s] Level 1:colcon.colcon_core.package_identification:_identify(~/Eurobot-excel/src) by extension 'python_setup_py'
[0.192s] Level 1:colcon.colcon_core.package_identification:_identify(~/Eurobot-excel/src/csv_to_bag) by extensions ['ignore', 'ignore_ament_install']
[0.192s] Level 1:colcon.colcon_core.package_identification:_identify(~/Eurobot-excel/src/csv_to_bag) by extension 'ignore'
[0.192s] Level 1:colcon.colcon_core.package_identification:_identify(~/Eurobot-excel/src/csv_to_bag) by extension 'ignore_ament_install'
[0.192s] Level 1:colcon.colcon_core.package_identification:_identify(~/Eurobot-excel/src/csv_to_bag) by extensions ['colcon_pkg']
[0.192s] Level 1:colcon.colcon_core.package_identification:_identify(~/Eurobot-excel/src/csv_to_bag) by extension 'colcon_pkg'
[0.192s] Level 1:colcon.colcon_core.package_identification:_identify(~/Eurobot-excel/src/csv_to_bag) by extensions ['colcon_meta']
[0.193s] Level 1:colcon.colcon_core.package_identification:_identify(~/Eurobot-excel/src/csv_to_bag) by extension 'colcon_meta'
[0.193s] Level 1:colcon.colcon_core.package_identification:_identify(~/Eurobot-excel/src/csv_to_bag) by extensions ['ros']
[0.193s] Level 1:colcon.colcon_core.package_identification:_identify(~/Eurobot-excel/src/csv_to_bag) by extension 'ros'
[0.193s] Level 1:colcon.colcon_core.package_identification:_identify(~/Eurobot-excel/src/csv_to_bag) by extensions ['cmake', 'python']
[0.193s] Level 1:colcon.colcon_core.package_identification:_identify(~/Eurobot-excel/src/csv_to_bag) by extension 'cmake'
[0.193s] Level 1:colcon.colcon_core.package_identification:_identify(~/Eurobot-excel/src/csv_to_bag) by extension 'python'
[0.193s] Level 1:colcon.colcon_core.package_identification:_identify(~/Eurobot-excel/src/csv_to_bag) by extensions ['python_setup_py']
[0.193s] Level 1:colcon.colcon_core.package_identification:_identify(~/Eurobot-excel/src/csv_to_bag) by extension 'python_setup_py'
[0.193s] Level 1:colcon.colcon_core.package_identification:_identify(~/Eurobot-excel/src/csv_to_bag/bag) by extensions ['ignore', 'ignore_ament_install']
[0.193s] Level 1:colcon.colcon_core.package_identification:_identify(~/Eurobot-excel/src/csv_to_bag/bag) by extension 'ignore'
[0.193s] Level 1:colcon.colcon_core.package_identification:_identify(~/Eurobot-excel/src/csv_to_bag/bag) by extension 'ignore_ament_install'
[0.193s] Level 1:colcon.colcon_core.package_identification:_identify(~/Eurobot-excel/src/csv_to_bag/bag) by extensions ['colcon_pkg']
[0.193s] Level 1:colcon.colcon_core.package_identification:_identify(~/Eurobot-excel/src/csv_to_bag/bag) by extension 'colcon_pkg'
[0.193s] Level 1:colcon.colcon_core.package_identification:_identify(~/Eurobot-excel/src/csv_to_bag/bag) by extensions ['colcon_meta']
[0.193s] Level 1:colcon.colcon_core.package_identification:_identify(~/Eurobot-excel/src/csv_to_bag/bag) by extension 'colcon_meta'
[0.193s] Level 1:colcon.colcon_core.package_identification:_identify(~/Eurobot-excel/src/csv_to_bag/bag) by extensions ['ros']
[0.193s] Level 1:colcon.colcon_core.package_identification:_identify(~/Eurobot-excel/src/csv_to_bag/bag) by extension 'ros'
[0.193s] Level 1:colcon.colcon_core.package_identification:_identify(~/Eurobot-excel/src/csv_to_bag/bag) by extensions ['cmake', 'python']
[0.193s] Level 1:colcon.colcon_core.package_identification:_identify(~/Eurobot-excel/src/csv_to_bag/bag) by extension 'cmake'
[0.193s] Level 1:colcon.colcon_core.package_identification:_identify(~/Eurobot-excel/src/csv_to_bag/bag) by extension 'python'
[0.193s] Level 1:colcon.colcon_core.package_identification:_identify(~/Eurobot-excel/src/csv_to_bag/bag) by extensions ['python_setup_py']
[0.193s] Level 1:colcon.colcon_core.package_identification:_identify(~/Eurobot-excel/src/csv_to_bag/bag) by extension 'python_setup_py'
[0.193s] Level 1:colcon.colcon_core.package_identification:_identify(~/Eurobot-excel/src/csv_to_bag/bag/test_bag) by extensions ['ignore', 'ignore_ament_install']
[0.193s] Level 1:colcon.colcon_core.package_identification:_identify(~/Eurobot-excel/src/csv_to_bag/bag/test_bag) by extension 'ignore'
[0.193s] Level 1:colcon.colcon_core.package_identification:_identify(~/Eurobot-excel/src/csv_to_bag/bag/test_bag) by extension 'ignore_ament_install'
[0.193s] Level 1:colcon.colcon_core.package_identification:_identify(~/Eurobot-excel/src/csv_to_bag/bag/test_bag) by extensions ['colcon_pkg']
[0.193s] Level 1:colcon.colcon_core.package_identification:_identify(~/Eurobot-excel/src/csv_to_bag/bag/test_bag) by extension 'colcon_pkg'
[0.193s] Level 1:colcon.colcon_core.package_identification:_identify(~/Eurobot-excel/src/csv_to_bag/bag/test_bag) by extensions ['colcon_meta']
[0.193s] Level 1:colcon.colcon_core.package_identification:_identify(~/Eurobot-excel/src/csv_to_bag/bag/test_bag) by extension 'colcon_meta'
[0.194s] Level 1:colcon.colcon_core.package_identification:_identify(~/Eurobot-excel/src/csv_to_bag/bag/test_bag) by extensions ['ros']
[0.194s] Level 1:colcon.colcon_core.package_identification:_identify(~/Eurobot-excel/src/csv_to_bag/bag/test_bag) by extension 'ros'
[0.194s] Level 1:colcon.colcon_core.package_identification:_identify(~/Eurobot-excel/src/csv_to_bag/bag/test_bag) by extensions ['cmake', 'python']
[0.194s] Level 1:colcon.colcon_core.package_identification:_identify(~/Eurobot-excel/src/csv_to_bag/bag/test_bag) by extension 'cmake'
[0.194s] Level 1:colcon.colcon_core.package_identification:_identify(~/Eurobot-excel/src/csv_to_bag/bag/test_bag) by extension 'python'
[0.194s] Level 1:colcon.colcon_core.package_identification:_identify(~/Eurobot-excel/src/csv_to_bag/bag/test_bag) by extensions ['python_setup_py']
[0.194s] Level 1:colcon.colcon_core.package_identification:_identify(~/Eurobot-excel/src/csv_to_bag/bag/test_bag) by extension 'python_setup_py'
[0.194s] Level 1:colcon.colcon_core.package_discovery:discover_packages(recursive) using defaults
[0.194s] Level 1:colcon.colcon_core.package_discovery:discover_packages(ignore) discover
[0.194s] Level 1:colcon.colcon_core.package_discovery:discover_packages(ignore) using defaults
[0.194s] Level 1:colcon.colcon_core.package_discovery:discover_packages(path) discover
[0.194s] Level 1:colcon.colcon_core.package_discovery:discover_packages(path) using defaults
[0.207s] Level 5:colcon.colcon_core.verb:set package 'csv' build argument 'cmake_args' from command line to 'None'
[0.207s] Level 5:colcon.colcon_core.verb:set package 'csv' build argument 'cmake_target' from command line to 'None'
[0.207s] Level 5:colcon.colcon_core.verb:set package 'csv' build argument 'cmake_target_skip_unavailable' from command line to 'False'
[0.207s] Level 5:colcon.colcon_core.verb:set package 'csv' build argument 'cmake_clean_cache' from command line to 'False'
[0.207s] Level 5:colcon.colcon_core.verb:set package 'csv' build argument 'cmake_clean_first' from command line to 'False'
[0.207s] Level 5:colcon.colcon_core.verb:set package 'csv' build argument 'cmake_force_configure' from command line to 'False'
[0.207s] Level 5:colcon.colcon_core.verb:set package 'csv' build argument 'ament_cmake_args' from command line to 'None'
[0.208s] Level 5:colcon.colcon_core.verb:set package 'csv' build argument 'catkin_cmake_args' from command line to 'None'
[0.208s] Level 5:colcon.colcon_core.verb:set package 'csv' build argument 'catkin_skip_building_tests' from command line to 'False'
[0.208s] DEBUG:colcon.colcon_core.verb:Building package 'csv' with the following arguments: {'ament_cmake_args': None, 'build_base': '/home/user/Eurobot-excel/build/csv', 'catkin_cmake_args': None, 'catkin_skip_building_tests': False, 'cmake_args': None, 'cmake_clean_cache': False, 'cmake_clean_first': False, 'cmake_force_configure': False, 'cmake_target': None, 'cmake_target_skip_unavailable': False, 'install_base': '/home/user/Eurobot-excel/install/csv', 'merge_install': False, 'path': '/home/user/Eurobot-excel/src/csv-parser', 'symlink_install': False, 'test_result_base': None}
[0.208s] Level 5:colcon.colcon_core.verb:set package 'csv_to_bag' build argument 'cmake_args' from command line to 'None'
[0.208s] Level 5:colcon.colcon_core.verb:set package 'csv_to_bag' build argument 'cmake_target' from command line to 'None'
[0.208s] Level 5:colcon.colcon_core.verb:set package 'csv_to_bag' build argument 'cmake_target_skip_unavailable' from command line to 'False'
[0.208s] Level 5:colcon.colcon_core.verb:set package 'csv_to_bag' build argument 'cmake_clean_cache' from command line to 'False'
[0.208s] Level 5:colcon.colcon_core.verb:set package 'csv_to_bag' build argument 'cmake_clean_first' from command line to 'False'
[0.208s] Level 5:colcon.colcon_core.verb:set package 'csv_to_bag' build argument 'cmake_force_configure' from command line to 'False'
[0.208s] Level 5:colcon.colcon_core.verb:set package 'csv_to_bag' build argument 'ament_cmake_args' from command line to 'None'
[0.208s] Level 5:colcon.colcon_core.verb:set package 'csv_to_bag' build argument 'catkin_cmake_args' from command line to 'None'
[0.208s] Level 5:colcon.colcon_core.verb:set package 'csv_to_bag' build argument 'catkin_skip_building_tests' from command line to 'False'
[0.208s] DEBUG:colcon.colcon_core.verb:Building package 'csv_to_bag' with the following arguments: {'ament_cmake_args': None, 'build_base': '/home/user/Eurobot-excel/build/csv_to_bag', 'catkin_cmake_args': None, 'catkin_skip_building_tests': False, 'cmake_args': None, 'cmake_clean_cache': False, 'cmake_clean_first': False, 'cmake_force_configure': False, 'cmake_target': None, 'cmake_target_skip_unavailable': False, 'install_base': '/home/user/Eurobot-excel/install/csv_to_bag', 'merge_install': False, 'path': '/home/user/Eurobot-excel/src/csv_to_bag', 'symlink_install': False, 'test_result_base': None}
[0.208s] INFO:colcon.colcon_core.executor:Executing jobs using 'parallel' executor
[0.209s] DEBUG:colcon.colcon_parallel_executor.executor.parallel:run_until_complete
[0.209s] INFO:colcon.colcon_cmake.task.cmake.build:Building CMake package in '/home/user/Eurobot-excel/src/csv-parser'
[0.211s] INFO:colcon.colcon_core.plugin_system:Skipping extension 'colcon_core.shell.bat': Not used on non-Windows systems
[0.211s] INFO:colcon.colcon_core.shell:Skip shell extension 'powershell' for command environment: Not usable outside of PowerShell
[0.211s] DEBUG:colcon.colcon_core.shell:Skip shell extension 'dsv' for command environment
[0.214s] INFO:colcon.colcon_ros.task.ament_cmake.build:Building ROS package in '/home/user/Eurobot-excel/src/csv_to_bag' with build type 'ament_cmake'
[0.214s] INFO:colcon.colcon_cmake.task.cmake.build:Building CMake package in '/home/user/Eurobot-excel/src/csv_to_bag'
[0.214s] INFO:colcon.colcon_core.shell:Skip shell extension 'powershell' for command environment: Not usable outside of PowerShell
[0.214s] DEBUG:colcon.colcon_core.shell:Skip shell extension 'dsv' for command environment
[0.221s] DEBUG:colcon.colcon_core.event_handler.log_command:Invoking command in '/home/user/Eurobot-excel/build/csv': /usr/bin/cmake --build /home/user/Eurobot-excel/build/csv -- -j8 -l8
[0.230s] DEBUG:colcon.colcon_core.event_handler.log_command:Invoking command in '/home/user/Eurobot-excel/build/csv_to_bag': CMAKE_PREFIX_PATH=${CMAKE_PREFIX_PATH}:/opt/ros/humble /usr/bin/cmake --build /home/user/Eurobot-excel/build/csv_to_bag -- -j8 -l8
[0.367s] DEBUG:colcon.colcon_core.event_handler.log_command:Invoked command in '/home/user/Eurobot-excel/build/csv' returned '0': /usr/bin/cmake --build /home/user/Eurobot-excel/build/csv -- -j8 -l8
[0.368s] WARNING:colcon.colcon_cmake.task.cmake.build:Could not run installation step for package 'csv' because it has no 'install' target
[0.368s] Level 1:colcon.colcon_core.environment:create_environment_scripts_only(csv)
[0.370s] Level 1:colcon.colcon_core.environment:checking '/home/user/Eurobot-excel/install/csv' for CMake module files
[0.370s] Level 1:colcon.colcon_core.environment:checking '/home/user/Eurobot-excel/install/csv' for CMake config files
[0.371s] Level 1:colcon.colcon_core.environment:checking '/home/user/Eurobot-excel/install/csv/bin'
[0.371s] Level 1:colcon.colcon_core.environment:checking '/home/user/Eurobot-excel/install/csv/lib/pkgconfig/csv.pc'
[0.372s] Level 1:colcon.colcon_core.environment:checking '/home/user/Eurobot-excel/install/csv/lib/python3.10/site-packages'
[0.372s] Level 1:colcon.colcon_core.environment:checking '/home/user/Eurobot-excel/install/csv/bin'
[0.373s] INFO:colcon.colcon_core.shell:Creating package script '/home/user/Eurobot-excel/install/csv/share/csv/package.ps1'
[0.373s] INFO:colcon.colcon_core.shell:Creating package descriptor '/home/user/Eurobot-excel/install/csv/share/csv/package.dsv'
[0.374s] INFO:colcon.colcon_core.shell:Creating package script '/home/user/Eurobot-excel/install/csv/share/csv/package.sh'
[0.374s] INFO:colcon.colcon_core.shell:Creating package script '/home/user/Eurobot-excel/install/csv/share/csv/package.bash'
[0.375s] INFO:colcon.colcon_core.shell:Creating package script '/home/user/Eurobot-excel/install/csv/share/csv/package.zsh'
[0.375s] Level 1:colcon.colcon_core.environment:create_file_with_runtime_dependencies(/home/user/Eurobot-excel/install/csv/share/colcon-core/packages/csv)
[5.014s] DEBUG:colcon.colcon_core.event_handler.log_command:Invoked command in '/home/user/Eurobot-excel/build/csv_to_bag' returned '0': CMAKE_PREFIX_PATH=${CMAKE_PREFIX_PATH}:/opt/ros/humble /usr/bin/cmake --build /home/user/Eurobot-excel/build/csv_to_bag -- -j8 -l8
[5.023s] DEBUG:colcon.colcon_core.event_handler.log_command:Invoking command in '/home/user/Eurobot-excel/build/csv_to_bag': CMAKE_PREFIX_PATH=${CMAKE_PREFIX_PATH}:/opt/ros/humble /usr/bin/cmake --install /home/user/Eurobot-excel/build/csv_to_bag
[5.033s] Level 1:colcon.colcon_core.environment:create_environment_scripts_only(csv_to_bag)
[5.033s] Level 1:colcon.colcon_core.environment:checking '/home/user/Eurobot-excel/install/csv_to_bag' for CMake module files
[5.033s] DEBUG:colcon.colcon_core.event_handler.log_command:Invoked command in '/home/user/Eurobot-excel/build/csv_to_bag' returned '0': CMAKE_PREFIX_PATH=${CMAKE_PREFIX_PATH}:/opt/ros/humble /usr/bin/cmake --install /home/user/Eurobot-excel/build/csv_to_bag
[5.034s] Level 1:colcon.colcon_core.environment:checking '/home/user/Eurobot-excel/install/csv_to_bag' for CMake config files
[5.034s] Level 1:colcon.colcon_core.shell:create_environment_hook('csv_to_bag', 'cmake_prefix_path')
[5.034s] INFO:colcon.colcon_core.shell:Creating environment hook '/home/user/Eurobot-excel/install/csv_to_bag/share/csv_to_bag/hook/cmake_prefix_path.ps1'
[5.035s] INFO:colcon.colcon_core.shell:Creating environment descriptor '/home/user/Eurobot-excel/install/csv_to_bag/share/csv_to_bag/hook/cmake_prefix_path.dsv'
[5.035s] INFO:colcon.colcon_core.shell:Creating environment hook '/home/user/Eurobot-excel/install/csv_to_bag/share/csv_to_bag/hook/cmake_prefix_path.sh'
[5.036s] Level 1:colcon.colcon_core.environment:checking '/home/user/Eurobot-excel/install/csv_to_bag/lib'
[5.036s] Level 1:colcon.colcon_core.environment:checking '/home/user/Eurobot-excel/install/csv_to_bag/bin'
[5.036s] Level 1:colcon.colcon_core.environment:checking '/home/user/Eurobot-excel/install/csv_to_bag/lib/pkgconfig/csv_to_bag.pc'
[5.036s] Level 1:colcon.colcon_core.environment:checking '/home/user/Eurobot-excel/install/csv_to_bag/lib/python3.10/site-packages'
[5.036s] Level 1:colcon.colcon_core.environment:checking '/home/user/Eurobot-excel/install/csv_to_bag/bin'
[5.037s] INFO:colcon.colcon_core.shell:Creating package script '/home/user/Eurobot-excel/install/csv_to_bag/share/csv_to_bag/package.ps1'
[5.037s] INFO:colcon.colcon_core.shell:Creating package descriptor '/home/user/Eurobot-excel/install/csv_to_bag/share/csv_to_bag/package.dsv'
[5.037s] INFO:colcon.colcon_core.shell:Creating package script '/home/user/Eurobot-excel/install/csv_to_bag/share/csv_to_bag/package.sh'
[5.038s] INFO:colcon.colcon_core.shell:Creating package script '/home/user/Eurobot-excel/install/csv_to_bag/share/csv_to_bag/package.bash'
[5.038s] INFO:colcon.colcon_core.shell:Creating package script '/home/user/Eurobot-excel/install/csv_to_bag/share/csv_to_bag/package.zsh'
[5.039s] Level 1:colcon.colcon_core.environment:create_file_with_runtime_dependencies(/home/user/Eurobot-excel/install/csv_to_bag/share/colcon-core/packages/csv_to_bag)
[5.040s] Level 1:colcon.colcon_core.environment:create_environment_scripts_only(csv_to_bag)
[5.040s] Level 1:colcon.colcon_core.environment:checking '/home/user/Eurobot-excel/install/csv_to_bag' for CMake module files
[5.041s] Level 1:colcon.colcon_core.environment:checking '/home/user/Eurobot-excel/install/csv_to_bag' for CMake config files
[5.041s] Level 1:colcon.colcon_core.shell:create_environment_hook('csv_to_bag', 'cmake_prefix_path')
[5.042s] INFO:colcon.colcon_core.shell:Creating environment hook '/home/user/Eurobot-excel/install/csv_to_bag/share/csv_to_bag/hook/cmake_prefix_path.ps1'
[5.042s] INFO:colcon.colcon_core.shell:Creating environment descriptor '/home/user/Eurobot-excel/install/csv_to_bag/share/csv_to_bag/hook/cmake_prefix_path.dsv'
[5.043s] INFO:colcon.colcon_core.shell:Creating environment hook '/home/user/Eurobot-excel/install/csv_to_bag/share/csv_to_bag/hook/cmake_prefix_path.sh'
[5.043s] Level 1:colcon.colcon_core.environment:checking '/home/user/Eurobot-excel/install/csv_to_bag/lib'
[5.043s] Level 1:colcon.colcon_core.environment:checking '/home/user/Eurobot-excel/install/csv_to_bag/bin'
[5.043s] Level 1:colcon.colcon_core.environment:checking '/home/user/Eurobot-excel/install/csv_to_bag/lib/pkgconfig/csv_to_bag.pc'
[5.044s] Level 1:colcon.colcon_core.environment:checking '/home/user/Eurobot-excel/install/csv_to_bag/lib/python3.10/site-packages'
[5.044s] Level 1:colcon.colcon_core.environment:checking '/home/user/Eurobot-excel/install/csv_to_bag/bin'
[5.044s] INFO:colcon.colcon_core.shell:Creating package script '/home/user/Eurobot-excel/install/csv_to_bag/share/csv_to_bag/package.ps1'
[5.045s] INFO:colcon.colcon_core.shell:Creating package descriptor '/home/user/Eurobot-excel/install/csv_to_bag/share/csv_to_bag/package.dsv'
[5.046s] INFO:colcon.colcon_core.shell:Creating package script '/home/user/Eurobot-excel/install/csv_to_bag/share/csv_to_bag/package.sh'
[5.046s] INFO:colcon.colcon_core.shell:Creating package script '/home/user/Eurobot-excel/install/csv_to_bag/share/csv_to_bag/package.bash'
[5.046s] INFO:colcon.colcon_core.shell:Creating package script '/home/user/Eurobot-excel/install/csv_to_bag/share/csv_to_bag/package.zsh'
[5.047s] Level 1:colcon.colcon_core.environment:create_file_with_runtime_dependencies(/home/user/Eurobot-excel/install/csv_to_bag/share/colcon-core/packages/csv_to_bag)
[5.047s] DEBUG:colcon.colcon_parallel_executor.executor.parallel:closing loop
[5.047s] DEBUG:colcon.colcon_parallel_executor.executor.parallel:loop closed
[5.047s] DEBUG:colcon.colcon_parallel_executor.executor.parallel:run_until_complete finished with '0'
[5.048s] DEBUG:colcon.colcon_core.event_reactor:joining thread
[5.052s] INFO:colcon.colcon_core.plugin_system:Skipping extension 'colcon_notification.desktop_notification.notify_send': Could not find 'notify-send'
[5.052s] INFO:colcon.colcon_core.plugin_system:Skipping extension 'colcon_notification.desktop_notification.terminal_notifier': Not used on non-Darwin systems
[5.052s] INFO:colcon.colcon_core.plugin_system:Skipping extension 'colcon_notification.desktop_notification.win32': Not used on non-Windows systems
[5.052s] INFO:colcon.colcon_notification.desktop_notification:Sending desktop notification using 'notify2'
[5.056s] DEBUG:colcon.colcon_notification.desktop_notification.notify2:Failed to initialize notify2: org.freedesktop.DBus.Error.Spawn.ExecFailed: /usr/bin/dbus-launch terminated abnormally without any error message
[5.058s] DEBUG:colcon.colcon_core.event_reactor:joined thread
[5.059s] INFO:colcon.colcon_core.shell:Creating prefix script '/home/user/Eurobot-excel/install/local_setup.ps1'
[5.060s] INFO:colcon.colcon_core.shell:Creating prefix util module '/home/user/Eurobot-excel/install/_local_setup_util_ps1.py'
[5.062s] INFO:colcon.colcon_core.shell:Creating prefix chain script '/home/user/Eurobot-excel/install/setup.ps1'
[5.063s] INFO:colcon.colcon_core.shell:Creating prefix script '/home/user/Eurobot-excel/install/local_setup.sh'
[5.064s] INFO:colcon.colcon_core.shell:Creating prefix util module '/home/user/Eurobot-excel/install/_local_setup_util_sh.py'
[5.064s] INFO:colcon.colcon_core.shell:Creating prefix chain script '/home/user/Eurobot-excel/install/setup.sh'
[5.065s] INFO:colcon.colcon_core.shell:Creating prefix script '/home/user/Eurobot-excel/install/local_setup.bash'
[5.065s] INFO:colcon.colcon_core.shell:Creating prefix chain script '/home/user/Eurobot-excel/install/setup.bash'
[5.087s] INFO:colcon.colcon_core.shell:Creating prefix script '/home/user/Eurobot-excel/install/local_setup.zsh'
[5.088s] INFO:colcon.colcon_core.shell:Creating prefix chain script '/home/user/Eurobot-excel/install/setup.zsh'
