[0.010s] Invoking command in '/home/user/Eurobot-excel/build/csv_to_bag': CMAKE_PREFIX_PATH=/opt/ros/humble /usr/bin/cmake --build /home/user/Eurobot-excel/build/csv_to_bag -- -j8 -l8
[0.036s] -- Found ament_cmake: 1.3.11 (/opt/ros/humble/share/ament_cmake/cmake)
[0.151s] -- Found rclcpp: 16.0.11 (/opt/ros/humble/share/rclcpp/cmake)
[0.174s] -- Found rosidl_generator_c: 3.1.6 (/opt/ros/humble/share/rosidl_generator_c/cmake)
[0.178s] -- Found rosidl_adapter: 3.1.6 (/opt/ros/humble/share/rosidl_adapter/cmake)
[0.182s] -- Found rosidl_generator_cpp: 3.1.6 (/opt/ros/humble/share/rosidl_generator_cpp/cmake)
[0.191s] -- Using all available rosidl_typesupport_c: rosidl_typesupport_fastrtps_c;rosidl_typesupport_introspection_c
[0.201s] -- Using all available rosidl_typesupport_cpp: rosidl_typesupport_fastrtps_cpp;rosidl_typesupport_introspection_cpp
[0.229s] -- Found rmw_implementation_cmake: 6.1.2 (/opt/ros/humble/share/rmw_implementation_cmake/cmake)
[0.230s] -- Found rmw_fastrtps_cpp: 6.2.7 (/opt/ros/humble/share/rmw_fastrtps_cpp/cmake)
[0.327s] -- Using RMW implementation 'rmw_fastrtps_cpp' as default
[0.362s] -- Found geometry_msgs: 4.2.4 (/opt/ros/humble/share/geometry_msgs/cmake)
[0.371s] -- Found nav_msgs: 4.2.4 (/opt/ros/humble/share/nav_msgs/cmake)
[0.383s] -- Found rosbag2_cpp: 0.15.13 (/opt/ros/humble/share/rosbag2_cpp/cmake)
[0.401s] [31mCMake Error at CMakeLists.txt:15 (add_subdirectory):
[0.401s]   add_subdirectory given source "csv" which is not an existing directory.
[0.401s] 
[0.401s] [0m
[0.402s] -- Found ament_lint_auto: 0.12.11 (/opt/ros/humble/share/ament_lint_auto/cmake)
[0.460s] -- Added test 'cppcheck' to perform static code analysis on C / C++ code
[0.460s] -- Configured cppcheck include dirs: 
[0.460s] -- Configured cppcheck exclude dirs and/or files: 
[0.461s] -- Added test 'lint_cmake' to check CMake code style
[0.461s] -- Added test 'uncrustify' to check C / C++ code style
[0.462s] -- Configured uncrustify additional arguments: 
[0.462s] -- Added test 'xmllint' to check XML markup files
[0.463s] -- Configuring incomplete, errors occurred!
[0.463s] See also "/home/user/Eurobot-excel/build/csv_to_bag/CMakeFiles/CMakeOutput.log".
[0.468s] gmake: *** [Makefile:267: cmake_check_build_system] Error 1
[0.470s] Invoked command in '/home/user/Eurobot-excel/build/csv_to_bag' returned '2': CMAKE_PREFIX_PATH=/opt/ros/humble /usr/bin/cmake --build /home/user/Eurobot-excel/build/csv_to_bag -- -j8 -l8
