[0.074s] DEBUG:colcon:Command line arguments: ['/usr/bin/colcon', 'build']
[0.075s] DEBUG:colcon:Parsed command line arguments: Namespace(log_base=None, log_level=None, verb_name='build', build_base='build', install_base='install', merge_install=False, symlink_install=False, test_result_base=None, continue_on_error=False, executor='parallel', parallel_workers=8, event_handlers=None, ignore_user_meta=False, metas=['./colcon.meta'], base_paths=['.'], packages_ignore=None, packages_ignore_regex=None, paths=None, packages_up_to=None, packages_up_to_regex=None, packages_above=None, packages_above_and_dependencies=None, packages_above_depth=None, packages_select_by_dep=None, packages_skip_by_dep=None, packages_skip_up_to=None, packages_select_build_failed=False, packages_skip_build_finished=False, packages_select_test_failures=False, packages_skip_test_passed=False, packages_select=None, packages_skip=None, packages_select_regex=None, packages_skip_regex=None, packages_start=None, packages_end=None, cmake_args=None, cmake_target=None, cmake_target_skip_unavailable=False, cmake_clean_cache=False, cmake_clean_first=False, cmake_force_configure=False, ament_cmake_args=None, catkin_cmake_args=None, catkin_skip_building_tests=False, mixin_files=None, mixin=None, verb_parser=<colcon_mixin.mixin.mixin_argument.MixinArgumentDecorator object at 0x77b197686c20>, verb_extension=<colcon_core.verb.build.BuildVerb object at 0x77b197686620>, main=<bound method BuildVerb.main of <colcon_core.verb.build.BuildVerb object at 0x77b197686620>>, mixin_verb=('build',))
[0.171s] Level 1:colcon.colcon_core.package_discovery:discover_packages(colcon_meta) check parameters
[0.171s] Level 1:colcon.colcon_core.package_discovery:discover_packages(recursive) check parameters
[0.171s] Level 1:colcon.colcon_core.package_discovery:discover_packages(ignore) check parameters
[0.171s] Level 1:colcon.colcon_core.package_discovery:discover_packages(path) check parameters
[0.171s] Level 1:colcon.colcon_core.package_discovery:discover_packages(colcon_meta) discover
[0.171s] Level 1:colcon.colcon_core.package_discovery:discover_packages(recursive) discover
[0.171s] INFO:colcon.colcon_core.package_discovery:Crawling recursively for packages in '/home/user/Eurobot-excel'
[0.171s] Level 1:colcon.colcon_core.package_identification:_identify(.) by extensions ['ignore', 'ignore_ament_install']
[0.172s] Level 1:colcon.colcon_core.package_identification:_identify(.) by extension 'ignore'
[0.172s] Level 1:colcon.colcon_core.package_identification:_identify(.) by extension 'ignore_ament_install'
[0.172s] Level 1:colcon.colcon_core.package_identification:_identify(.) by extensions ['colcon_pkg']
[0.172s] Level 1:colcon.colcon_core.package_identification:_identify(.) by extension 'colcon_pkg'
[0.172s] Level 1:colcon.colcon_core.package_identification:_identify(.) by extensions ['colcon_meta']
[0.172s] Level 1:colcon.colcon_core.package_identification:_identify(.) by extension 'colcon_meta'
[0.172s] Level 1:colcon.colcon_core.package_identification:_identify(.) by extensions ['ros']
[0.172s] Level 1:colcon.colcon_core.package_identification:_identify(.) by extension 'ros'
[0.180s] Level 1:colcon.colcon_core.package_identification:_identify(.) by extensions ['cmake', 'python']
[0.180s] Level 1:colcon.colcon_core.package_identification:_identify(.) by extension 'cmake'
[0.180s] Level 1:colcon.colcon_core.package_identification:_identify(.) by extension 'python'
[0.180s] Level 1:colcon.colcon_core.package_identification:_identify(.) by extensions ['python_setup_py']
[0.180s] Level 1:colcon.colcon_core.package_identification:_identify(.) by extension 'python_setup_py'
[0.180s] Level 1:colcon.colcon_core.package_identification:_identify(build) by extensions ['ignore', 'ignore_ament_install']
[0.180s] Level 1:colcon.colcon_core.package_identification:_identify(build) by extension 'ignore'
[0.180s] Level 1:colcon.colcon_core.package_identification:_identify(build) ignored
[0.181s] Level 1:colcon.colcon_core.package_identification:_identify(docker) by extensions ['ignore', 'ignore_ament_install']
[0.181s] Level 1:colcon.colcon_core.package_identification:_identify(docker) by extension 'ignore'
[0.181s] Level 1:colcon.colcon_core.package_identification:_identify(docker) by extension 'ignore_ament_install'
[0.181s] Level 1:colcon.colcon_core.package_identification:_identify(docker) by extensions ['colcon_pkg']
[0.181s] Level 1:colcon.colcon_core.package_identification:_identify(docker) by extension 'colcon_pkg'
[0.181s] Level 1:colcon.colcon_core.package_identification:_identify(docker) by extensions ['colcon_meta']
[0.181s] Level 1:colcon.colcon_core.package_identification:_identify(docker) by extension 'colcon_meta'
[0.181s] Level 1:colcon.colcon_core.package_identification:_identify(docker) by extensions ['ros']
[0.181s] Level 1:colcon.colcon_core.package_identification:_identify(docker) by extension 'ros'
[0.181s] Level 1:colcon.colcon_core.package_identification:_identify(docker) by extensions ['cmake', 'python']
[0.181s] Level 1:colcon.colcon_core.package_identification:_identify(docker) by extension 'cmake'
[0.181s] Level 1:colcon.colcon_core.package_identification:_identify(docker) by extension 'python'
[0.181s] Level 1:colcon.colcon_core.package_identification:_identify(docker) by extensions ['python_setup_py']
[0.181s] Level 1:colcon.colcon_core.package_identification:_identify(docker) by extension 'python_setup_py'
[0.181s] Level 1:colcon.colcon_core.package_identification:_identify(install) by extensions ['ignore', 'ignore_ament_install']
[0.181s] Level 1:colcon.colcon_core.package_identification:_identify(install) by extension 'ignore'
[0.181s] Level 1:colcon.colcon_core.package_identification:_identify(install) ignored
[0.181s] Level 1:colcon.colcon_core.package_identification:_identify(log) by extensions ['ignore', 'ignore_ament_install']
[0.181s] Level 1:colcon.colcon_core.package_identification:_identify(log) by extension 'ignore'
[0.181s] Level 1:colcon.colcon_core.package_identification:_identify(log) ignored
[0.181s] Level 1:colcon.colcon_core.package_identification:_identify(src) by extensions ['ignore', 'ignore_ament_install']
[0.181s] Level 1:colcon.colcon_core.package_identification:_identify(src) by extension 'ignore'
[0.181s] Level 1:colcon.colcon_core.package_identification:_identify(src) by extension 'ignore_ament_install'
[0.181s] Level 1:colcon.colcon_core.package_identification:_identify(src) by extensions ['colcon_pkg']
[0.181s] Level 1:colcon.colcon_core.package_identification:_identify(src) by extension 'colcon_pkg'
[0.181s] Level 1:colcon.colcon_core.package_identification:_identify(src) by extensions ['colcon_meta']
[0.181s] Level 1:colcon.colcon_core.package_identification:_identify(src) by extension 'colcon_meta'
[0.181s] Level 1:colcon.colcon_core.package_identification:_identify(src) by extensions ['ros']
[0.182s] Level 1:colcon.colcon_core.package_identification:_identify(src) by extension 'ros'
[0.182s] Level 1:colcon.colcon_core.package_identification:_identify(src) by extensions ['cmake', 'python']
[0.182s] Level 1:colcon.colcon_core.package_identification:_identify(src) by extension 'cmake'
[0.182s] Level 1:colcon.colcon_core.package_identification:_identify(src) by extension 'python'
[0.182s] Level 1:colcon.colcon_core.package_identification:_identify(src) by extensions ['python_setup_py']
[0.182s] Level 1:colcon.colcon_core.package_identification:_identify(src) by extension 'python_setup_py'
[0.182s] Level 1:colcon.colcon_core.package_identification:_identify(src/csv-parser) by extensions ['ignore', 'ignore_ament_install']
[0.182s] Level 1:colcon.colcon_core.package_identification:_identify(src/csv-parser) by extension 'ignore'
[0.182s] Level 1:colcon.colcon_core.package_identification:_identify(src/csv-parser) by extension 'ignore_ament_install'
[0.182s] Level 1:colcon.colcon_core.package_identification:_identify(src/csv-parser) by extensions ['colcon_pkg']
[0.182s] Level 1:colcon.colcon_core.package_identification:_identify(src/csv-parser) by extension 'colcon_pkg'
[0.182s] Level 1:colcon.colcon_core.package_identification:_identify(src/csv-parser) by extensions ['colcon_meta']
[0.182s] Level 1:colcon.colcon_core.package_identification:_identify(src/csv-parser) by extension 'colcon_meta'
[0.182s] Level 1:colcon.colcon_core.package_identification:_identify(src/csv-parser) by extensions ['ros']
[0.182s] Level 1:colcon.colcon_core.package_identification:_identify(src/csv-parser) by extension 'ros'
[0.182s] Level 1:colcon.colcon_core.package_identification:_identify(src/csv-parser) by extensions ['cmake', 'python']
[0.182s] Level 1:colcon.colcon_core.package_identification:_identify(src/csv-parser) by extension 'cmake'
[0.185s] Level 1:colcon.colcon_core.package_identification:_identify(src/csv-parser) by extension 'python'
[0.185s] DEBUG:colcon.colcon_core.package_identification:Package 'src/csv-parser' with type 'cmake' and name 'csv'
[0.186s] Level 1:colcon.colcon_core.package_identification:_identify(src/csv_to_bag) by extensions ['ignore', 'ignore_ament_install']
[0.186s] Level 1:colcon.colcon_core.package_identification:_identify(src/csv_to_bag) by extension 'ignore'
[0.186s] Level 1:colcon.colcon_core.package_identification:_identify(src/csv_to_bag) by extension 'ignore_ament_install'
[0.186s] Level 1:colcon.colcon_core.package_identification:_identify(src/csv_to_bag) by extensions ['colcon_pkg']
[0.186s] Level 1:colcon.colcon_core.package_identification:_identify(src/csv_to_bag) by extension 'colcon_pkg'
[0.186s] Level 1:colcon.colcon_core.package_identification:_identify(src/csv_to_bag) by extensions ['colcon_meta']
[0.186s] Level 1:colcon.colcon_core.package_identification:_identify(src/csv_to_bag) by extension 'colcon_meta'
[0.186s] Level 1:colcon.colcon_core.package_identification:_identify(src/csv_to_bag) by extensions ['ros']
[0.186s] Level 1:colcon.colcon_core.package_identification:_identify(src/csv_to_bag) by extension 'ros'
[0.188s] DEBUG:colcon.colcon_core.package_identification:Package 'src/csv_to_bag' with type 'ros.ament_cmake' and name 'csv_to_bag'
[0.188s] Level 1:colcon.colcon_core.package_discovery:discover_packages(recursive) using defaults
[0.188s] Level 1:colcon.colcon_core.package_discovery:discover_packages(ignore) discover
[0.188s] Level 1:colcon.colcon_core.package_discovery:discover_packages(ignore) using defaults
[0.188s] Level 1:colcon.colcon_core.package_discovery:discover_packages(path) discover
[0.188s] Level 1:colcon.colcon_core.package_discovery:discover_packages(path) using defaults
[0.202s] Level 5:colcon.colcon_core.verb:set package 'csv' build argument 'cmake_args' from command line to 'None'
[0.202s] Level 5:colcon.colcon_core.verb:set package 'csv' build argument 'cmake_target' from command line to 'None'
[0.203s] Level 5:colcon.colcon_core.verb:set package 'csv' build argument 'cmake_target_skip_unavailable' from command line to 'False'
[0.203s] Level 5:colcon.colcon_core.verb:set package 'csv' build argument 'cmake_clean_cache' from command line to 'False'
[0.203s] Level 5:colcon.colcon_core.verb:set package 'csv' build argument 'cmake_clean_first' from command line to 'False'
[0.203s] Level 5:colcon.colcon_core.verb:set package 'csv' build argument 'cmake_force_configure' from command line to 'False'
[0.203s] Level 5:colcon.colcon_core.verb:set package 'csv' build argument 'ament_cmake_args' from command line to 'None'
[0.203s] Level 5:colcon.colcon_core.verb:set package 'csv' build argument 'catkin_cmake_args' from command line to 'None'
[0.203s] Level 5:colcon.colcon_core.verb:set package 'csv' build argument 'catkin_skip_building_tests' from command line to 'False'
[0.203s] DEBUG:colcon.colcon_core.verb:Building package 'csv' with the following arguments: {'ament_cmake_args': None, 'build_base': '/home/user/Eurobot-excel/build/csv', 'catkin_cmake_args': None, 'catkin_skip_building_tests': False, 'cmake_args': None, 'cmake_clean_cache': False, 'cmake_clean_first': False, 'cmake_force_configure': False, 'cmake_target': None, 'cmake_target_skip_unavailable': False, 'install_base': '/home/user/Eurobot-excel/install/csv', 'merge_install': False, 'path': '/home/user/Eurobot-excel/src/csv-parser', 'symlink_install': False, 'test_result_base': None}
[0.203s] Level 5:colcon.colcon_core.verb:set package 'csv_to_bag' build argument 'cmake_args' from command line to 'None'
[0.203s] Level 5:colcon.colcon_core.verb:set package 'csv_to_bag' build argument 'cmake_target' from command line to 'None'
[0.203s] Level 5:colcon.colcon_core.verb:set package 'csv_to_bag' build argument 'cmake_target_skip_unavailable' from command line to 'False'
[0.203s] Level 5:colcon.colcon_core.verb:set package 'csv_to_bag' build argument 'cmake_clean_cache' from command line to 'False'
[0.203s] Level 5:colcon.colcon_core.verb:set package 'csv_to_bag' build argument 'cmake_clean_first' from command line to 'False'
[0.203s] Level 5:colcon.colcon_core.verb:set package 'csv_to_bag' build argument 'cmake_force_configure' from command line to 'False'
[0.203s] Level 5:colcon.colcon_core.verb:set package 'csv_to_bag' build argument 'ament_cmake_args' from command line to 'None'
[0.203s] Level 5:colcon.colcon_core.verb:set package 'csv_to_bag' build argument 'catkin_cmake_args' from command line to 'None'
[0.203s] Level 5:colcon.colcon_core.verb:set package 'csv_to_bag' build argument 'catkin_skip_building_tests' from command line to 'False'
[0.203s] DEBUG:colcon.colcon_core.verb:Building package 'csv_to_bag' with the following arguments: {'ament_cmake_args': None, 'build_base': '/home/user/Eurobot-excel/build/csv_to_bag', 'catkin_cmake_args': None, 'catkin_skip_building_tests': False, 'cmake_args': None, 'cmake_clean_cache': False, 'cmake_clean_first': False, 'cmake_force_configure': False, 'cmake_target': None, 'cmake_target_skip_unavailable': False, 'install_base': '/home/user/Eurobot-excel/install/csv_to_bag', 'merge_install': False, 'path': '/home/user/Eurobot-excel/src/csv_to_bag', 'symlink_install': False, 'test_result_base': None}
[0.203s] INFO:colcon.colcon_core.executor:Executing jobs using 'parallel' executor
[0.204s] DEBUG:colcon.colcon_parallel_executor.executor.parallel:run_until_complete
[0.204s] INFO:colcon.colcon_cmake.task.cmake.build:Building CMake package in '/home/user/Eurobot-excel/src/csv-parser'
[0.206s] INFO:colcon.colcon_core.plugin_system:Skipping extension 'colcon_core.shell.bat': Not used on non-Windows systems
[0.206s] INFO:colcon.colcon_core.shell:Skip shell extension 'powershell' for command environment: Not usable outside of PowerShell
[0.206s] DEBUG:colcon.colcon_core.shell:Skip shell extension 'dsv' for command environment
[0.209s] INFO:colcon.colcon_ros.task.ament_cmake.build:Building ROS package in '/home/user/Eurobot-excel/src/csv_to_bag' with build type 'ament_cmake'
[0.209s] INFO:colcon.colcon_cmake.task.cmake.build:Building CMake package in '/home/user/Eurobot-excel/src/csv_to_bag'
[0.209s] INFO:colcon.colcon_core.shell:Skip shell extension 'powershell' for command environment: Not usable outside of PowerShell
[0.209s] DEBUG:colcon.colcon_core.shell:Skip shell extension 'dsv' for command environment
[0.215s] DEBUG:colcon.colcon_core.event_handler.log_command:Invoking command in '/home/user/Eurobot-excel/build/csv': /usr/bin/cmake --build /home/user/Eurobot-excel/build/csv -- -j8 -l8
[0.224s] DEBUG:colcon.colcon_core.event_handler.log_command:Invoking command in '/home/user/Eurobot-excel/build/csv_to_bag': CMAKE_PREFIX_PATH=/opt/ros/humble /usr/bin/cmake --build /home/user/Eurobot-excel/build/csv_to_bag -- -j8 -l8
[0.381s] DEBUG:colcon.colcon_core.event_handler.log_command:Invoked command in '/home/user/Eurobot-excel/build/csv' returned '0': /usr/bin/cmake --build /home/user/Eurobot-excel/build/csv -- -j8 -l8
[0.382s] WARNING:colcon.colcon_cmake.task.cmake.build:Could not run installation step for package 'csv' because it has no 'install' target
[0.382s] Level 1:colcon.colcon_core.environment:create_environment_scripts_only(csv)
[0.383s] Level 1:colcon.colcon_core.environment:checking '/home/user/Eurobot-excel/install/csv' for CMake module files
[0.384s] Level 1:colcon.colcon_core.environment:checking '/home/user/Eurobot-excel/install/csv' for CMake config files
[0.384s] Level 1:colcon.colcon_core.environment:checking '/home/user/Eurobot-excel/install/csv/bin'
[0.384s] Level 1:colcon.colcon_core.environment:checking '/home/user/Eurobot-excel/install/csv/lib/pkgconfig/csv.pc'
[0.385s] Level 1:colcon.colcon_core.environment:checking '/home/user/Eurobot-excel/install/csv/lib/python3.10/site-packages'
[0.386s] Level 1:colcon.colcon_core.environment:checking '/home/user/Eurobot-excel/install/csv/bin'
[0.386s] INFO:colcon.colcon_core.shell:Creating package script '/home/user/Eurobot-excel/install/csv/share/csv/package.ps1'
[0.386s] INFO:colcon.colcon_core.shell:Creating package descriptor '/home/user/Eurobot-excel/install/csv/share/csv/package.dsv'
[0.387s] INFO:colcon.colcon_core.shell:Creating package script '/home/user/Eurobot-excel/install/csv/share/csv/package.sh'
[0.387s] INFO:colcon.colcon_core.shell:Creating package script '/home/user/Eurobot-excel/install/csv/share/csv/package.bash'
[0.388s] INFO:colcon.colcon_core.shell:Creating package script '/home/user/Eurobot-excel/install/csv/share/csv/package.zsh'
[0.388s] Level 1:colcon.colcon_core.environment:create_file_with_runtime_dependencies(/home/user/Eurobot-excel/install/csv/share/colcon-core/packages/csv)
[4.075s] DEBUG:colcon.colcon_core.event_handler.log_command:Invoked command in '/home/user/Eurobot-excel/build/csv_to_bag' returned '2': CMAKE_PREFIX_PATH=/opt/ros/humble /usr/bin/cmake --build /home/user/Eurobot-excel/build/csv_to_bag -- -j8 -l8
[4.076s] Level 1:colcon.colcon_core.environment:create_environment_scripts_only(csv_to_bag)
[4.076s] Level 1:colcon.colcon_core.environment:checking '/home/user/Eurobot-excel/install/csv_to_bag' for CMake module files
[4.076s] Level 1:colcon.colcon_core.environment:checking '/home/user/Eurobot-excel/install/csv_to_bag' for CMake config files
[4.076s] Level 1:colcon.colcon_core.environment:checking '/home/user/Eurobot-excel/install/csv_to_bag/bin'
[4.076s] Level 1:colcon.colcon_core.environment:checking '/home/user/Eurobot-excel/install/csv_to_bag/lib/pkgconfig/csv_to_bag.pc'
[4.077s] Level 1:colcon.colcon_core.environment:checking '/home/user/Eurobot-excel/install/csv_to_bag/lib/python3.10/site-packages'
[4.077s] Level 1:colcon.colcon_core.environment:checking '/home/user/Eurobot-excel/install/csv_to_bag/bin'
[4.077s] INFO:colcon.colcon_core.shell:Creating package script '/home/user/Eurobot-excel/install/csv_to_bag/share/csv_to_bag/package.ps1'
[4.077s] INFO:colcon.colcon_core.shell:Creating package descriptor '/home/user/Eurobot-excel/install/csv_to_bag/share/csv_to_bag/package.dsv'
[4.078s] INFO:colcon.colcon_core.shell:Creating package script '/home/user/Eurobot-excel/install/csv_to_bag/share/csv_to_bag/package.sh'
[4.078s] INFO:colcon.colcon_core.shell:Creating package script '/home/user/Eurobot-excel/install/csv_to_bag/share/csv_to_bag/package.bash'
[4.078s] INFO:colcon.colcon_core.shell:Creating package script '/home/user/Eurobot-excel/install/csv_to_bag/share/csv_to_bag/package.zsh'
[4.079s] Level 1:colcon.colcon_core.environment:create_file_with_runtime_dependencies(/home/user/Eurobot-excel/install/csv_to_bag/share/colcon-core/packages/csv_to_bag)
[4.089s] DEBUG:colcon.colcon_parallel_executor.executor.parallel:closing loop
[4.089s] DEBUG:colcon.colcon_parallel_executor.executor.parallel:loop closed
[4.089s] DEBUG:colcon.colcon_parallel_executor.executor.parallel:run_until_complete finished with '2'
[4.089s] DEBUG:colcon.colcon_core.event_reactor:joining thread
[4.095s] INFO:colcon.colcon_core.plugin_system:Skipping extension 'colcon_notification.desktop_notification.notify_send': Could not find 'notify-send'
[4.095s] INFO:colcon.colcon_core.plugin_system:Skipping extension 'colcon_notification.desktop_notification.terminal_notifier': Not used on non-Darwin systems
[4.095s] INFO:colcon.colcon_core.plugin_system:Skipping extension 'colcon_notification.desktop_notification.win32': Not used on non-Windows systems
[4.095s] INFO:colcon.colcon_notification.desktop_notification:Sending desktop notification using 'notify2'
[4.099s] DEBUG:colcon.colcon_notification.desktop_notification.notify2:Failed to initialize notify2: org.freedesktop.DBus.Error.Spawn.ExecFailed: /usr/bin/dbus-launch terminated abnormally without any error message
[4.100s] DEBUG:colcon.colcon_core.event_reactor:joined thread
[4.103s] INFO:colcon.colcon_core.shell:Creating prefix script '/home/user/Eurobot-excel/install/local_setup.ps1'
[4.105s] INFO:colcon.colcon_core.shell:Creating prefix util module '/home/user/Eurobot-excel/install/_local_setup_util_ps1.py'
[4.107s] INFO:colcon.colcon_core.shell:Creating prefix chain script '/home/user/Eurobot-excel/install/setup.ps1'
[4.108s] INFO:colcon.colcon_core.shell:Creating prefix script '/home/user/Eurobot-excel/install/local_setup.sh'
[4.109s] INFO:colcon.colcon_core.shell:Creating prefix util module '/home/user/Eurobot-excel/install/_local_setup_util_sh.py'
[4.109s] INFO:colcon.colcon_core.shell:Creating prefix chain script '/home/user/Eurobot-excel/install/setup.sh'
[4.111s] INFO:colcon.colcon_core.shell:Creating prefix script '/home/user/Eurobot-excel/install/local_setup.bash'
[4.112s] INFO:colcon.colcon_core.shell:Creating prefix chain script '/home/user/Eurobot-excel/install/setup.bash'
[4.114s] INFO:colcon.colcon_core.shell:Creating prefix script '/home/user/Eurobot-excel/install/local_setup.zsh'
[4.115s] INFO:colcon.colcon_core.shell:Creating prefix chain script '/home/user/Eurobot-excel/install/setup.zsh'
