[35m[1mConsolidate compiler generated dependencies of target csv_to_bag[0m
[ 50%] [32mBuilding CXX object CMakeFiles/csv_to_bag.dir/src/csv_to_bag.cpp.o[0m
In file included from [01m[K/opt/ros/humble/include/rclcpp/rclcpp/logging.hpp:24[m[K,
                 from [01m[K/opt/ros/humble/include/rclcpp/rclcpp/client.hpp:40[m[K,
                 from [01m[K/opt/ros/humble/include/rclcpp/rclcpp/callback_group.hpp:24[m[K,
                 from [01m[K/opt/ros/humble/include/rclcpp/rclcpp/any_executable.hpp:20[m[K,
                 from [01m[K/opt/ros/humble/include/rclcpp/rclcpp/memory_strategy.hpp:25[m[K,
                 from [01m[K/opt/ros/humble/include/rclcpp/rclcpp/memory_strategies.hpp:18[m[K,
                 from [01m[K/opt/ros/humble/include/rclcpp/rclcpp/executor_options.hpp:20[m[K,
                 from [01m[K/opt/ros/humble/include/rclcpp/rclcpp/executor.hpp:37[m[K,
                 from [01m[K/opt/ros/humble/include/rclcpp/rclcpp/executors/multi_threaded_executor.hpp:25[m[K,
                 from [01m[K/opt/ros/humble/include/rclcpp/rclcpp/executors.hpp:21[m[K,
                 from [01m[K/opt/ros/humble/include/rclcpp/rclcpp/rclcpp.hpp:155[m[K,
                 from [01m[K/home/user/Eurobot-excel/src/csv_to_bag/src/csv_to_bag.cpp:1[m[K:
[01m[K/home/user/Eurobot-excel/src/csv_to_bag/src/csv_to_bag.cpp:[m[K In member function ‘[01m[Kvoid CsvToBag::read_and_publish()[m[K’:
[01m[K/home/user/Eurobot-excel/src/csv_to_bag/src/csv_to_bag.cpp:44:44:[m[K [01;35m[Kwarning: [m[Kformat ‘[01m[K%d[m[K’ expects argument of type ‘[01m[Kint[m[K’, but argument 5 has type ‘[01m[Kdouble[m[K’ [[01;35m[K]8;;https://gcc.gnu.org/onlinedocs/gcc/Warning-Options.html#index-Wformat=-Wformat=]8;;[m[K]
   44 |             RCLCPP_INFO(this->get_logger(),[01;35m[K"raw:(%d, %.2f, %.2f, %.2f)"[m[K,[32m[Kt[count][m[K, x[count], y[count], z[count]);
      |                                            [01;35m[K^~~~~~~~~~~~~~~~~~~~~~~~~~~~[m[K [32m[K~~~~~~~~[m[K
      |                                                                                [32m[K|[m[K
      |                                                                                [32m[Kdouble[m[K
[01m[K/home/user/Eurobot-excel/src/csv_to_bag/src/csv_to_bag.cpp:44:51:[m[K [01;36m[Knote: [m[Kformat string is defined here
   44 |             RCLCPP_INFO(this->get_logger(),"raw:([01;36m[K%d[m[K, %.2f, %.2f, %.2f)",t[count], x[count], y[count], z[count]);
      |                                                  [01;36m[K~^[m[K
      |                                                   [01;36m[K|[m[K
      |                                                   [01;36m[Kint[m[K
      |                                                  [32m[K%f[m[K
[01m[K/home/user/Eurobot-excel/src/csv_to_bag/src/csv_to_bag.cpp:116:27:[m[K [01;35m[Kwarning: [m[K‘[01m[Kvoid rosbag2_cpp::Writer::write(const rclcpp::SerializedMessage&, const string&, const string&, const rclcpp::Time&)[m[K’ is deprecated: Use write(std::shared_ptr<rclcpp::SerializedMessage> message, const std::string & topic_name, const std::string & type_name, const rclcpp::Time & time) instead. [[01;35m[K]8;;https://gcc.gnu.org/onlinedocs/gcc/Warning-Options.html#index-Wdeprecated-declarations-Wdeprecated-declarations]8;;[m[K]
  116 |             [01;35m[Kwriter_->write(serialized_msg, "/rival/pose", "nav_msgs/msg/Odometry", ros_time)[m[K;
      |             [01;35m[K~~~~~~~~~~~~~~^~~~~~~~~~~~~~~~~~~~~~~~~~~~~~~~~~~~~~~~~~~~~~~~~~~~~~~~~~~~~~~~~~[m[K
In file included from [01m[K/home/user/Eurobot-excel/src/csv_to_bag/src/csv_to_bag.cpp:3[m[K:
[01m[K/opt/ros/humble/include/rosbag2_cpp/rosbag2_cpp/writer.hpp:156:8:[m[K [01;36m[Knote: [m[Kdeclared here
  156 |   void [01;36m[Kwrite[m[K(
      |        [01;36m[K^~~~~[m[K
[100%] [32m[1mLinking CXX executable csv_to_bag[0m
[100%] Built target csv_to_bag
-- Install configuration: ""
-- Installing: /home/user/Eurobot-excel/install/csv_to_bag/lib/csv_to_bag/csv_to_bag
-- Set runtime path of "/home/user/Eurobot-excel/install/csv_to_bag/lib/csv_to_bag/csv_to_bag" to ""
-- Up-to-date: /home/user/Eurobot-excel/install/csv_to_bag/share/ament_index/resource_index/package_run_dependencies/csv_to_bag
-- Up-to-date: /home/user/Eurobot-excel/install/csv_to_bag/share/ament_index/resource_index/parent_prefix_path/csv_to_bag
-- Up-to-date: /home/user/Eurobot-excel/install/csv_to_bag/share/csv_to_bag/environment/ament_prefix_path.sh
-- Up-to-date: /home/user/Eurobot-excel/install/csv_to_bag/share/csv_to_bag/environment/ament_prefix_path.dsv
-- Up-to-date: /home/user/Eurobot-excel/install/csv_to_bag/share/csv_to_bag/environment/path.sh
-- Up-to-date: /home/user/Eurobot-excel/install/csv_to_bag/share/csv_to_bag/environment/path.dsv
-- Up-to-date: /home/user/Eurobot-excel/install/csv_to_bag/share/csv_to_bag/local_setup.bash
-- Up-to-date: /home/user/Eurobot-excel/install/csv_to_bag/share/csv_to_bag/local_setup.sh
-- Up-to-date: /home/user/Eurobot-excel/install/csv_to_bag/share/csv_to_bag/local_setup.zsh
-- Up-to-date: /home/user/Eurobot-excel/install/csv_to_bag/share/csv_to_bag/local_setup.dsv
-- Installing: /home/user/Eurobot-excel/install/csv_to_bag/share/csv_to_bag/package.dsv
-- Up-to-date: /home/user/Eurobot-excel/install/csv_to_bag/share/ament_index/resource_index/packages/csv_to_bag
-- Up-to-date: /home/user/Eurobot-excel/install/csv_to_bag/share/csv_to_bag/cmake/csv_to_bagConfig.cmake
-- Up-to-date: /home/user/Eurobot-excel/install/csv_to_bag/share/csv_to_bag/cmake/csv_to_bagConfig-version.cmake
-- Up-to-date: /home/user/Eurobot-excel/install/csv_to_bag/share/csv_to_bag/package.xml
